PID: 2
version: 3dd619d7
normalized geometry:

C      0.00000000 -0.89696225  0.00000000
C     -0.71634466  0.36781253  0.00000000
C      0.71634466  0.36781253 -0.00000000
H     -1.60844100  0.96050718 -0.00000000
H      1.60844100  0.96050718  0.00000000

point group:C2v(Axis(Y), Plane(Axis(Y), Axis(Z)), Plane(Axis(X), Axis(Y)))
15 Cartesian coordinates requires 11952 points
STATE NO.    ENERGY (CM-1)         ABOVE ZPT          VIBRATIONAL STATE
    1           6939.9198              0.0000       NON-DEG (Vs) :    0    0    0    0    0    0    0    0    0
    2          10043.9614           3104.0416       NON-DEG (Vs) :    1    0    0    0    0    0    0    0    0
    3          10034.4099           3094.4900       NON-DEG (Vs) :    0    1    0    0    0    0    0    0    0
    4           8629.7957           1689.8759       NON-DEG (Vs) :    0    0    1    0    0    0    0    0    0
    5           8103.7257           1163.8059       NON-DEG (Vs) :    0    0    0    1    0    0    0    0    0
    6           8020.4433           1080.5235       NON-DEG (Vs) :    0    0    0    0    1    0    0    0    0
    7           7874.8386            934.9187       NON-DEG (Vs) :    0    0    0    0    0    1    0    0    0
    8           7856.5763            916.6565       NON-DEG (Vs) :    0    0    0    0    0    0    1    0    0
    9           7846.9664            907.0465       NON-DEG (Vs) :    0    0    0    0    0    0    0    1    0
   10           7831.8880            891.9681       NON-DEG (Vs) :    0    0    0    0    0    0    0    0    1
   11          13126.5542           6186.6343       NON-DEG (Vs) :    2    0    0    0    0    0    0    0    0
   12          13107.0843           6167.1645       NON-DEG (Vs) :    0    2    0    0    0    0    0    0    0
   13          10316.6429           3376.7231       NON-DEG (Vs) :    0    0    2    0    0    0    0    0    0
   14           9261.2343           2321.3144       NON-DEG (Vs) :    0    0    0    2    0    0    0    0    0
   15           9094.7262           2154.8063       NON-DEG (Vs) :    0    0    0    0    2    0    0    0    0
   16           8808.0952           1868.1753       NON-DEG (Vs) :    0    0    0    0    0    2    0    0    0
   17           8771.0074           1831.0875       NON-DEG (Vs) :    0    0    0    0    0    0    2    0    0
   18           8752.0792           1812.1593       NON-DEG (Vs) :    0    0    0    0    0    0    0    2    0
   19           8722.5559           1782.6361       NON-DEG (Vs) :    0    0    0    0    0    0    0    0    2
   20          13095.1240           6155.2042       NON-DEG (Vs) :    1    1    0    0    0    0    0    0    0
   21          11733.8938           4793.9740       NON-DEG (Vs) :    1    0    1    0    0    0    0    0    0
   22          11209.8946           4269.9748       NON-DEG (Vs) :    1    0    0    1    0    0    0    0    0
   23          11124.8379           4184.9180       NON-DEG (Vs) :    1    0    0    0    1    0    0    0    0
   24          10979.4271           4039.5073       NON-DEG (Vs) :    1    0    0    0    0    1    0    0    0
   25          10960.0560           4020.1362       NON-DEG (Vs) :    1    0    0    0    0    0    1    0    0
   26          10951.0345           4011.1147       NON-DEG (Vs) :    1    0    0    0    0    0    0    1    0
   27          10935.8655           3995.9456       NON-DEG (Vs) :    1    0    0    0    0    0    0    0    1
   28          11725.5793           4785.6595       NON-DEG (Vs) :    0    1    1    0    0    0    0    0    0
   29          11199.5874           4259.6676       NON-DEG (Vs) :    0    1    0    1    0    0    0    0    0
   30          11115.6705           4175.7507       NON-DEG (Vs) :    0    1    0    0    1    0    0    0    0
   31          10970.4716           4030.5517       NON-DEG (Vs) :    0    1    0    0    0    1    0    0    0
   32          10951.6062           4011.6863       NON-DEG (Vs) :    0    1    0    0    0    0    1    0    0
   33          10941.4803           4001.5605       NON-DEG (Vs) :    0    1    0    0    0    0    0    1    0
   34          10926.8430           3986.9232       NON-DEG (Vs) :    0    1    0    0    0    0    0    0    1
   35           9778.0270           2838.1071       NON-DEG (Vs) :    0    0    1    1    0    0    0    0    0
   36           9695.8488           2755.9290       NON-DEG (Vs) :    0    0    1    0    1    0    0    0    0
   37           9562.8846           2622.9647       NON-DEG (Vs) :    0    0    1    0    0    1    0    0    0
   38           9542.1449           2602.2251       NON-DEG (Vs) :    0    0    1    0    0    0    1    0    0
   39           9536.5570           2596.6372       NON-DEG (Vs) :    0    0    1    0    0    0    0    1    0
   40           9521.0741           2581.1543       NON-DEG (Vs) :    0    0    1    0    0    0    0    0    1
   41           9176.2832           2236.3633       NON-DEG (Vs) :    0    0    0    1    1    0    0    0    0
   42           9036.0148           2096.0949       NON-DEG (Vs) :    0    0    0    1    0    1    0    0    0
   43           9016.5302           2076.6104       NON-DEG (Vs) :    0    0    0    1    0    0    1    0    0
   44           9006.9457           2067.0259       NON-DEG (Vs) :    0    0    0    1    0    0    0    1    0
   45           8995.0586           2055.1388       NON-DEG (Vs) :    0    0    0    1    0    0    0    0    1
   46           8954.5127           2014.5928       NON-DEG (Vs) :    0    0    0    0    1    1    0    0    0
   47           8932.3004           1992.3806       NON-DEG (Vs) :    0    0    0    0    1    0    1    0    0
   48           8924.0302           1984.1104       NON-DEG (Vs) :    0    0    0    0    1    0    0    1    0
   49           8911.3975           1971.4776       NON-DEG (Vs) :    0    0    0    0    1    0    0    0    1
   50           8794.6108           1854.6910       NON-DEG (Vs) :    0    0    0    0    0    1    1    0    0
   51           8782.5795           1842.6597       NON-DEG (Vs) :    0    0    0    0    0    1    0    1    0
   52           8763.7985           1823.8787       NON-DEG (Vs) :    0    0    0    0    0    1    0    0    1
   53           8756.8929           1816.9731       NON-DEG (Vs) :    0    0    0    0    0    0    1    1    0
   54           8749.9159           1809.9961       NON-DEG (Vs) :    0    0    0    0    0    0    1    0    1
   55           8743.0085           1803.0886       NON-DEG (Vs) :    0    0    0    0    0    0    0    1    1

Transformed Geometry (Å):

C      0.00000000 -0.89696225  0.00000000
C     -0.71634466  0.36781253  0.00000000
C      0.71634466  0.36781253 -0.00000000
H     -1.60844100  0.96050718 -0.00000000
H      1.60844100  0.96050718  0.00000000


Equilibrium Rotational Constants (cm-1):
         A                   B                   C          
      1.142042602792      0.961631197871      0.522050422359

Geometry: 
C      0.00000000 -0.89696225  0.00000000
C     -0.71634466  0.36781253  0.00000000
C      0.71634466  0.36781253 -0.00000000
H     -1.60844100  0.96050718 -0.00000000
H      1.60844100  0.96050718  0.00000000

Vibrational Frequencies (cm-1):
 Mode    Symm    Harm    Fund    Corr
    1      A1  3146.8  3104.0  3104.0
    2      B2  3136.1  3094.5  3094.5
    3      A1  1723.7  1691.7  1689.9
    4      A1  1186.5  1163.8  1163.8
    5      B2  1103.4  1080.5  1080.5
    6      A2   939.1   934.9   934.9
    7      B2   927.4   916.7   916.7
    8      A1   915.4   907.0   907.0
    9      B1   894.8   892.0   892.0

ZPT =   6939.9

Rotational Constants (cm-1):
                    State                         A           B           C      
    0    0    0    0    0    0    0    0    0   1.1393906   0.9602817   0.5196205
    1    0    0    0    0    0    0    0    0   1.1389030   0.9596523   0.5193383
    0    1    0    0    0    0    0    0    0   1.1389264   0.9598173   0.5193959
    0    0    1    0    0    0    0    0    0   1.1361535   0.9574105   0.5181054
    0    0    0    1    0    0    0    0    0   1.1447385   0.9578479   0.5184566
    0    0    0    0    1    0    0    0    0   1.1333158   0.9632811   0.5179576
    0    0    0    0    0    1    0    0    0   1.1394199   0.9575096   0.5201201
    0    0    0    0    0    0    1    0    0   1.1405276   0.9616682   0.5198722
    0    0    0    0    0    0    0    1    0   1.1417815   0.9623624   0.5182360
    0    0    0    0    0    0    0    0    1   1.1354485   0.9602834   0.5202442

Quartic Distortion Constants (cm-1):
Watson A Reduction
Delta  J:       0.000001040894
Delta  K:       0.000002326451
Delta JK:       0.000000392537
delta  J:       0.000000427043
delta  k:       0.000001384213

Watson S Reduction
D J :       0.000000660790
D JK:       0.000002673162
D K :       0.000000425931
d 1 :      -0.000000427043
d 2 :      -0.000000190052

Linear Molecules
De  :       0.000000000000

Sextic Distortion Constants (cm-1):
Watson A Reduction
Phi  J:   2.140129302397e-12
Phi  K:   1.615280527030e-10
Phi JK:   4.123431310978e-11
Phi KJ:  -1.789783054871e-10
phi  J:   1.059045213243e-12
phi JK:   2.146910950899e-11
phi  k:  -1.072174436862e-12

Watson S Reduction
H  J:  -3.380790634164e-12
H  K:   1.623857736994e-10
H JK:   7.472742744189e-11
H KJ:  -2.078082208791e-10
h  1:   1.071662506322e-12
h  2:   2.760459968280e-12
h  3:  -1.261729307946e-14

Linear Molecule
He  :     0.000000000000e0


Coriolis Resonances:
    4    3    C
    5    4    A
    6    5    A
    7    4    C
    7    5    B
    8    6    B
    8    7    A

Type 1 Fermi Resonances:
    5    2
    7    2
    8    2

Type 2 Fermi Resonances:

Harmonic force constants (cm-1)
    1    1   3146.83546692
    2    2   3136.10575997
    3    3   1723.73746479
    4    4   1186.51953168
    5    5   1103.42207805
    6    6    939.11931630
    7    7    927.41744656
    8    8    915.42527384
    9    9    894.80276978

Non-zero cubic force constants (cm-1)
    1    1    1    520.58497183
    2    2    1    532.23837531
    3    1    1    -76.13424830
    3    2    2    -67.08703591
    3    3    1    -52.92825408
    3    3    3   -348.42016083
    4    1    1     10.24442771
    4    2    2      4.54256940
    4    3    1      9.44676108
    4    3    3     11.67537394
    4    4    1   -102.03176842
    4    4    3   -256.20944695
    4    4    4    107.78132810
    5    2    1     15.52994601
    5    3    2      7.78804962
    5    4    2     84.88529838
    5    5    1    -97.76039637
    5    5    3   -193.97857619
    5    5    4   -196.42309935
    6    6    1   -539.32248293
    6    6    3     24.13369666
    6    6    4    -19.67400257
    7    2    1    -11.77511415
    7    3    2    -15.49931478
    7    4    2    150.12567976
    7    5    1   -175.86461670
    7    5    3     79.90554661
    7    5    4     65.15785180
    7    7    1   -464.30405845
    7    7    3     -0.20911543
    7    7    4      7.19698161
    8    1    1     -2.05582586
    8    2    2      0.12655292
    8    3    1    -12.42279461
    8    3    3     -7.53297462
    8    4    1    160.90062443
    8    4    3    -43.54350184
    8    4    4      9.50981300
    8    5    2   -191.96401185
    8    5    5     -2.62870260
    8    6    6     35.95536270
    8    7    2   -505.17810634
    8    7    5     77.10159209
    8    7    7     -8.57240984
    8    8    1   -543.25823969
    8    8    3     38.80861576
    8    8    4     18.86148995
    8    8    8    -18.20271652
    9    6    2    566.83855737
    9    6    5     27.91153192
    9    7    6     -0.56681655
    9    9    1   -598.06895340
    9    9    3     35.57003986
    9    9    4     -3.89920699
    9    9    8    -28.85830469

Non-zero quartic force constants (cm-1)
    1    1    1    1   -21.42000392
    2    2    1    1   -21.54454639
    2    2    2    2   -19.72326196
    3    1    1    1    -1.26187352
    3    2    2    1    -2.35801479
    3    3    1    1     5.15439752
    3    3    2    2     2.91822799
    3    3    3    1    11.75347028
    3    3    3    3    61.26259911
    4    1    1    1     1.25591345
    4    2    2    1     2.09313350
    4    3    1    1    -1.15840619
    4    3    2    2     0.46719544
    4    3    3    1    -2.25819887
    4    3    3    3    -2.26861040
    4    4    1    1   -11.30556415
    4    4    2    2   -13.77067487
    4    4    3    1    11.84626887
    4    4    3    3    46.56198117
    4    4    4    1    -7.37114834
    4    4    4    3   -28.74923474
    4    4    4    4    14.03154624
    5    2    1    1     2.12921137
    5    2    2    2     2.66141077
    5    3    2    1    -2.40259878
    5    3    3    2    -2.74893556
    5    4    2    1    16.73039672
    5    4    3    2    -7.04000551
    5    4    4    2    -1.07547293
    5    5    1    1   -23.29963079
    5    5    2    2   -22.71323213
    5    5    3    1     4.81412269
    5    5    3    3    29.06436256
    5    5    4    1     8.96994123
    5    5    4    3    46.28629086
    5    5    4    4    14.60878640
    5    5    5    2    -1.21115062
    5    5    5    5    23.45196817
    6    6    1    1  -183.25598963
    6    6    2    2  -181.84376065
    6    6    3    1     8.60452635
    6    6    3    3   -11.25037995
    6    6    4    1    -1.20504078
    6    6    4    3     3.48080571
    6    6    4    4     1.42497887
    6    6    5    2    -1.96988840
    6    6    5    4    -0.00000001
    6    6    5    5    12.17516452
    6    6    6    6   317.07723856
    7    2    1    1    -1.70096698
    7    2    2    2    -0.72197707
    7    3    2    1    -1.77115508
    7    3    3    2     1.41633180
    7    4    2    1    50.11940346
    7    4    3    2    -2.17131034
    7    4    4    2     2.53617679
    7    5    1    1   -61.89927148
    7    5    2    2   -61.26047981
    7    5    3    1     2.14463370
    7    5    3    3   -12.85637208
    7    5    4    1    -2.57227818
    7    5    4    3   -14.55369639
    7    5    4    4    -6.41708787
    7    5    5    2     5.82622369
    7    5    5    5    -5.86025329
    7    6    6    2     4.37790144
    7    6    6    5    35.14919210
    7    7    1    1  -158.52636195
    7    7    2    2  -158.76634242
    7    7    3    1     8.34919357
    7    7    3    3    -5.54482866
    7    7    4    1     1.78803800
    7    7    4    3     4.14892750
    7    7    4    4    22.71143396
    7    7    5    2    11.11749288
    7    7    5    5    21.87534512
    7    7    6    6    87.24860479
    7    7    7    2     2.38671056
    7    7    7    5    94.49238109
    7    7    7    7   224.37896445
    8    1    1    1     0.30822209
    8    2    2    1     0.17031489
    8    3    1    1    -2.46839361
    8    3    2    2    -2.32973323
    8    3    3    1     0.64463644
    8    3    3    3     1.66970523
    8    4    1    1    53.42923913
    8    4    2    2    53.81863265
    8    4    3    1    -2.95140536
    8    4    3    3     6.59760717
    8    4    4    1     0.08408535
    8    4    4    3    -2.52589795
    8    4    4    4     0.85824970
    8    5    2    1   -65.95417183
    8    5    3    2     3.90935917
    8    5    4    2    -0.64201909
    8    5    5    1     6.05762943
    8    5    5    3     7.44699339
    8    5    5    4    -7.13157279
    8    6    6    1     7.84278717
    8    6    6    3     4.67310064
    8    6    6    4   -30.15888318
    8    7    2    1  -170.78904987
    8    7    3    2    12.01781847
    8    7    4    2     2.08749029
    8    7    5    1    10.48840639
    8    7    5    3     0.48157386
    8    7    5    4   -35.48621098
    8    7    7    1     5.11307584
    8    7    7    3     4.96683361
    8    7    7    4   -77.13235110
    8    8    1    1  -184.55089647
    8    8    2    2  -187.25593302
    8    8    3    1    14.37189136
    8    8    3    3    -3.87645792
    8    8    4    1     2.55487812
    8    8    4    3    -0.02816349
    8    8    4    4    20.45608402
    8    8    5    2     9.48793205
    8    8    5    5    32.10437753
    8    8    6    6    94.79092800
    8    8    7    2     2.87735724
    8    8    7    5   101.86749706
    8    8    7    7   261.55995468
    8    8    8    1    -1.29335510
    8    8    8    3     4.94413492
    8    8    8    4   -90.48077602
    8    8    8    8   310.58338583
    9    6    2    1   191.73612247
    9    6    3    2   -11.87596045
    9    6    4    2     1.88304027
    9    6    5    1     2.74100372
    9    6    5    3    -4.16025416
    9    6    5    4    10.58231023
    9    7    6    1    -1.60128031
    9    7    6    3     0.03484274
    9    7    6    4    32.69889117
    9    8    6    2    -0.59331587
    9    8    6    5   -42.03686286
    9    8    7    6  -101.15094401
    9    9    1    1  -201.41407259
    9    9    2    2  -202.93934569
    9    9    3    1    13.52347626
    9    9    3    3    -6.99608340
    9    9    4    1    -1.15677782
    9    9    4    3     0.11671479
    9    9    4    4     9.40715562
    9    9    5    2    -3.53903541
    9    9    5    3    -0.00000001
    9    9    5    4    -0.00000002
    9    9    5    5    11.84508378
    9    9    6    6   348.37422608
    9    9    7    2    -0.71788087
    9    9    7    4     0.00000001
    9    9    7    5    42.38870170
    9    9    7    7    91.46036176
    9    9    8    1    -5.11704598
    9    9    8    3     2.44422490
    9    9    8    4   -37.71331890
    9    9    8    8   116.59116147
    9    9    9    9   381.20624391

normal termination of pbqff
