 *******************************************************************************
 **                                                                           **
 **                              MOPAC v23.2.5                                **
 **                                                                           **
 *******************************************************************************
 ** MOPAC's Digital Object Identifier: https://doi.org/10.5281/zenodo.6511958 **
 **                                                                           **
 ** Please cite the open-source release paper for use of this MOPAC version:  **
 ** J. E. Moussa and J. J. P. Stewart (2026)                                  **
 ** MOPAC: An open-source semiempirical molecular orbital program             **
 ** J. Open Source Softw., 11(119), 8025, https://doi.org/10.21105/joss.08025 **
 *******************************************************************************

                              PM7 CALCULATION RESULTS

 *******************************************************************************
 *  CALCULATION DONE: (MAX THREADS = 1)              Mon Jul 20 23:43:22 2026  *
 *  PM7        - The PM7 Hamiltonian to be used
 *
 *
 *
 *                 CHARGE ON SYSTEM = 0
 *
 *
 *
 *  XYZ        - CARTESIAN COORDINATE SYSTEM TO BE USED
 *  1SCF       - DO 1 SCF AND THEN STOP 
 *  THREADS=1  - MULTI-THREADING NOT USED
 *  T=         - A TIME OF 172800.0 SECONDS REQUESTED
 *  DUMP=N     - RESTART FILE WRITTEN EVERY 7200.0 SECONDS REQUESTED
 *  SCFCRT     - DEFAULT SCF CRITERION REPLACED BY   0.100E-20
 *  AUX        - OUTPUT AUXILIARY INFORMATION
 *******************************************************************************
scfcrt=1.D-21 aux(precision=14 comp xp xs xw) PM7 THREADS=1 charge=0 1SCF XYZ
 Comment line 1
 Comment line 2
   ATOM   CHEMICAL          X               Y               Z
  NUMBER   SYMBOL      (ANGSTROMS)     (ANGSTROMS)     (ANGSTROMS)

     1       C         -0.00005630  *  -0.70607634  *  -0.00000000  *
     2       C         -0.00003690  *   0.70587391  *  -0.00000000  *
     3       C          1.24074583  *   1.39638317  *  -0.00000000  *
     4       C          2.42378680  *   0.70913682  *   0.00000000  *
     5       C          2.42381619  *  -0.70883405  *   0.00000000  *
     6       C          1.24096848  *  -1.40163512  *  -0.00000000  *
     7       C         -1.24099756  *  -1.40174150  *  -0.00000000  *
     8       C         -2.42376239  *  -0.70881548  *   0.00000000  *
     9       C         -2.42371878  *   0.70909206  *   0.00000000  *
    10       C         -1.24077462  *   1.40155637  *  -0.00000000  *
    11       H         -1.22998751  *  -2.48997703  *  -0.00000000  *
    12       H         -3.37751354  *  -1.23332698  *   0.00000000  *
    13       H         -3.37730958  *   1.23372919  *   0.00000000  *
    14       H         -1.22956474  *   2.48993668  *  -0.00000000  *
    15       H          1.23000951  *  -2.48997719  *  -0.00000000  *
    16       H          1.22959636  *   2.48995763  *  -0.00000000  *
    17       H          3.37766545  *  -1.23830474  *   0.00000000  *
    18       H          3.37745221  *   1.23367877  *   0.00000000  *



          CARTESIAN COORDINATES 

    NO.       ATOM           X           Y           Z

     1         C         -0.0001     -0.7061     -0.0000
     2         C         -0.0000      0.7059     -0.0000
     3         C          1.2407      1.3964     -0.0000
     4         C          2.4238      0.7091      0.0000
     5         C          2.4238     -0.7088      0.0000
     6         C          1.2410     -1.4016     -0.0000
     7         C         -1.2410     -1.4017     -0.0000
     8         C         -2.4238     -0.7088      0.0000
     9         C         -2.4237      0.7091      0.0000
    10         C         -1.2408      1.4016     -0.0000
    11         H         -1.2300     -2.4900     -0.0000
    12         H         -3.3775     -1.2333      0.0000
    13         H         -3.3773      1.2337      0.0000
    14         H         -1.2296      2.4899     -0.0000
    15         H          1.2300     -2.4900     -0.0000
    16         H          1.2296      2.4900     -0.0000
    17         H          3.3777     -1.2383      0.0000
    18         H          3.3775      1.2337      0.0000

 General Reference for PM7:
 "Optimization of Parameters for Semiempirical Methods VI: More Modifications to the 
 NDDO Approximations and Re-optimization of Parameters", J. J. P. Stewart, J. Mol. Mod., 1:32, 19 (2013)
 https://link.springer.com/article/10.1007/s00894-012-1667-x

           Empirical Formula: C10 H8  =    18 atoms



      MOLECULAR POINT GROUP   :   D2h 


      RHF CALCULATION, NO. OF DOUBLY OCCUPIED LEVELS = 24

  SCF CRITERION =    0.1000E-20


   THERE IS A RISK OF INFINITE LOOPING WITH THE SCFCRT LESS THAN 1.D-12

 -------------------------------------------------------------------------------
 scfcrt=1.D-21 aux(precision=14 comp xp xs xw) PM7 THREADS=1 charge=0 1SCF XYZ
 Comment line 1
 Comment line 2


     1SCF WAS SPECIFIED, SO BFGS WAS NOT USED                 
     SCF FIELD WAS ACHIEVED                                   


                              PM7 CALCULATION
                                                       MOPAC v23.2.5 Linux
                                                       Mon Jul 20 23:43:25 2026




          FINAL HEAT OF FORMATION =         39.73516 KCAL/MOL =     166.25190 KJ/MOL


          COSMO AREA              =        166.33 SQUARE ANGSTROMS
          COSMO VOLUME            =        165.10 CUBIC ANGSTROMS

          IONIZATION POTENTIAL    =          8.953994 EV
          HOMO LUMO ENERGIES (EV) =         -8.954 -0.543
          NO. OF FILLED LEVELS    =         24
          MOLECULAR WEIGHT        =        128.1732         POINT GROUP:  D2h 

          MOLECULAR DIMENSIONS (Angstroms)

            Atom       Atom       Distance
            H    17    H    13     7.19310
            H    16    H    11     5.52189
            C     1    H    12     0.00000


          SCF CALCULATIONS        =          1

          WALL-CLOCK TIME         =      3.953 SECONDS
          COMPUTATION TIME        =      0.077 SECONDS




   ATOM   CHEMICAL          X               Y               Z
  NUMBER   SYMBOL      (ANGSTROMS)     (ANGSTROMS)     (ANGSTROMS)

     1       C         -0.00005630  *  -0.70607634  *  -0.00000000  *
     2       C         -0.00003690  *   0.70587391  *  -0.00000000  *
     3       C          1.24074583  *   1.39638317  *  -0.00000000  *
     4       C          2.42378680  *   0.70913682  *   0.00000000  *
     5       C          2.42381619  *  -0.70883405  *   0.00000000  *
     6       C          1.24096848  *  -1.40163512  *  -0.00000000  *
     7       C         -1.24099756  *  -1.40174150  *  -0.00000000  *
     8       C         -2.42376239  *  -0.70881548  *   0.00000000  *
     9       C         -2.42371878  *   0.70909206  *   0.00000000  *
    10       C         -1.24077462  *   1.40155637  *  -0.00000000  *
    11       H         -1.22998751  *  -2.48997703  *  -0.00000000  *
    12       H         -3.37751354  *  -1.23332698  *   0.00000000  *
    13       H         -3.37730958  *   1.23372919  *   0.00000000  *
    14       H         -1.22956474  *   2.48993668  *  -0.00000000  *
    15       H          1.23000951  *  -2.48997719  *  -0.00000000  *
    16       H          1.22959636  *   2.48995763  *  -0.00000000  *
    17       H          3.37766545  *  -1.23830474  *   0.00000000  *
    18       H          3.37745221  *   1.23367877  *   0.00000000  *

                             CARTESIAN COORDINATES

   1    C       -0.000056297    -0.706076338    -0.000000003
   2    C       -0.000036902     0.705873911    -0.000000003
   3    C        1.240745829     1.396383173    -0.000000001
   4    C        2.423786798     0.709136816     0.000000002
   5    C        2.423816191    -0.708834050     0.000000003
   6    C        1.240968476    -1.401635124    -0.000000001
   7    C       -1.240997556    -1.401741497    -0.000000001
   8    C       -2.423762386    -0.708815485     0.000000002
   9    C       -2.423718775     0.709092064     0.000000003
  10    C       -1.240774618     1.401556368    -0.000000001
  11    H       -1.229987506    -2.489977026    -0.000000001
  12    H       -3.377513537    -1.233326982     0.000000005
  13    H       -3.377309583     1.233729190     0.000000005
  14    H       -1.229564744     2.489936680    -0.000000002
  15    H        1.230009514    -2.489977186    -0.000000001
  16    H        1.229596363     2.489957631    -0.000000001
  17    H        3.377665452    -1.238304744     0.000000005
  18    H        3.377452207     1.233678766     0.000000005


           Empirical Formula: C10 H8  =    18 atoms



      MOLECULAR POINT GROUP   :   D2h 


                  EIGENVALUES  
 -31.05836 -29.27310 -26.91665 -25.47329 -24.82050 -21.52562 -21.20609 -20.90420
 -17.62408 -17.00017 -16.74966 -15.03243 -14.97424 -14.19289 -14.17915 -14.13162
 -13.53220 -12.64424 -12.12468 -11.82060 -11.58014 -10.77688  -9.46788  -8.95399
  -0.54338  -0.07058   0.87581   1.75907   2.89726   3.95865   3.96150   4.63295
   4.82969   4.87767   4.95646   5.06517   5.11484   5.43276   5.71750   5.72689
   5.91246   5.93040   6.08631   6.10939   6.11999   6.14716   6.25838   6.28664


              NET ATOMIC CHARGES AND DIPOLE CONTRIBUTIONS

  ATOM NO.   TYPE          CHARGE      No. of ELECS.   s-Pop       p-Pop       
    1          C          -0.007271        4.0073     1.06340     2.94387
    2          C          -0.008101        4.0081     1.06266     2.94544
    3          C          -0.155676        4.1557     1.08483     3.07085
    4          C          -0.146195        4.1462     1.08265     3.06355
    5          C          -0.145850        4.1459     1.08367     3.06218
    6          C          -0.155894        4.1559     1.08534     3.07055
    7          C          -0.155290        4.1553     1.08533     3.06996
    8          C          -0.145952        4.1460     1.08321     3.06274
    9          C          -0.146274        4.1463     1.08316     3.06311
   10          C          -0.154683        4.1547     1.08523     3.06945
   11          H           0.153330        0.8467     0.84667
   12          H           0.151723        0.8483     0.84828
   13          H           0.151752        0.8482     0.84825
   14          H           0.153290        0.8467     0.84671
   15          H           0.153316        0.8467     0.84668
   16          H           0.153834        0.8462     0.84617
   17          H           0.151943        0.8481     0.84806
   18          H           0.151999        0.8480     0.84800
 DIPOLE           X         Y         Z       TOTAL
 POINT-CHG.     0.004     0.007     0.000     0.008
 HYBRID        -0.001    -0.004    -0.000     0.004
 SUM            0.003     0.004     0.000     0.004


          ATOMIC ORBITAL ELECTRON POPULATIONS

     Atom    s        px        py        pz   
    1  C   1.06340   0.97425   0.97994   0.98968
    2  C   1.06266   0.97444   0.98020   0.99080
    3  C   1.08483   0.98511   1.08063   1.00511
    4  C   1.08265   1.05640   1.00730   0.99985
    5  C   1.08367   1.05646   1.00691   0.99880
    6  C   1.08534   0.98499   1.07952   1.00604
    7  C   1.08533   0.98495   1.07952   1.00549
    8  C   1.08321   1.05643   1.00698   0.99932
    9  C   1.08316   1.05641   1.00704   0.99966
   10  C   1.08523   0.98477   1.07943   1.00524
   11  H   0.84667
   12  H   0.84828
   13  H   0.84825
   14  H   0.84671
   15  H   0.84668
   16  H   0.84617
   17  H   0.84806
   18  H   0.84800

 **********************
 *                    *
 * JOB ENDED NORMALLY *
 *                    *
 **********************



 TOTAL JOB TIME:             4.27 SECONDS

 == MOPAC DONE ==
