 *******************************************************************************
 **                                                                           **
 **                              MOPAC v23.2.5                                **
 **                                                                           **
 *******************************************************************************
 ** MOPAC's Digital Object Identifier: https://doi.org/10.5281/zenodo.6511958 **
 **                                                                           **
 ** Please cite the open-source release paper for use of this MOPAC version:  **
 ** J. E. Moussa and J. J. P. Stewart (2026)                                  **
 ** MOPAC: An open-source semiempirical molecular orbital program             **
 ** J. Open Source Softw., 11(119), 8025, https://doi.org/10.21105/joss.08025 **
 *******************************************************************************

                              PM7 CALCULATION RESULTS

 *******************************************************************************
 *  CALCULATION DONE: (MAX THREADS = 1)              Mon Jul 20 23:43:13 2026  *
 *  PM7        - The PM7 Hamiltonian to be used
 *
 *
 *
 *                 CHARGE ON SYSTEM = 0
 *
 *
 *
 *  XYZ        - CARTESIAN COORDINATE SYSTEM TO BE USED
 *  1SCF       - DO 1 SCF AND THEN STOP 
 *  THREADS=1  - MULTI-THREADING NOT USED
 *  T=         - A TIME OF 172800.0 SECONDS REQUESTED
 *  DUMP=N     - RESTART FILE WRITTEN EVERY 7200.0 SECONDS REQUESTED
 *  SCFCRT     - DEFAULT SCF CRITERION REPLACED BY   0.100E-20
 *  AUX        - OUTPUT AUXILIARY INFORMATION
 *******************************************************************************
scfcrt=1.D-21 aux(precision=14 comp xp xs xw) PM7 THREADS=1 charge=0 1SCF XYZ
 Comment line 1
 Comment line 2
   ATOM   CHEMICAL          X               Y               Z
  NUMBER   SYMBOL      (ANGSTROMS)     (ANGSTROMS)     (ANGSTROMS)

     1       C         -0.00005630  *  -0.70607634  *  -0.00000000  *
     2       C          0.00496310  *   0.70587391  *  -0.00000000  *
     3       C          1.24074583  *   1.40138317  *  -0.00000000  *
     4       C          2.42378680  *   0.70913682  *   0.00000000  *
     5       C          2.42381619  *  -0.70883405  *   0.00000000  *
     6       C          1.24096848  *  -1.40163512  *  -0.00000000  *
     7       C         -1.24099756  *  -1.40174150  *  -0.00000000  *
     8       C         -2.42376239  *  -0.70881548  *   0.00000000  *
     9       C         -2.42371878  *   0.70909206  *   0.00000000  *
    10       C         -1.24077462  *   1.40155637  *  -0.00000000  *
    11       H         -1.22998751  *  -2.48997703  *  -0.00000000  *
    12       H         -3.37751354  *  -1.23332698  *   0.00000000  *
    13       H         -3.37730958  *   1.23372919  *   0.00000000  *
    14       H         -1.22956474  *   2.48993668  *  -0.00000000  *
    15       H          1.23000951  *  -2.48997719  *  -0.00000000  *
    16       H          1.22959636  *   2.48995763  *  -0.00000000  *
    17       H          3.37266545  *  -1.23330474  *   0.00000000  *
    18       H          3.37745221  *   1.23367877  *   0.00000000  *



          CARTESIAN COORDINATES 

    NO.       ATOM           X           Y           Z

     1         C         -0.0001     -0.7061     -0.0000
     2         C          0.0050      0.7059     -0.0000
     3         C          1.2407      1.4014     -0.0000
     4         C          2.4238      0.7091      0.0000
     5         C          2.4238     -0.7088      0.0000
     6         C          1.2410     -1.4016     -0.0000
     7         C         -1.2410     -1.4017     -0.0000
     8         C         -2.4238     -0.7088      0.0000
     9         C         -2.4237      0.7091      0.0000
    10         C         -1.2408      1.4016     -0.0000
    11         H         -1.2300     -2.4900     -0.0000
    12         H         -3.3775     -1.2333      0.0000
    13         H         -3.3773      1.2337      0.0000
    14         H         -1.2296      2.4899     -0.0000
    15         H          1.2300     -2.4900     -0.0000
    16         H          1.2296      2.4900     -0.0000
    17         H          3.3727     -1.2333      0.0000
    18         H          3.3775      1.2337      0.0000

 General Reference for PM7:
 "Optimization of Parameters for Semiempirical Methods VI: More Modifications to the 
 NDDO Approximations and Re-optimization of Parameters", J. J. P. Stewart, J. Mol. Mod., 1:32, 19 (2013)
 https://link.springer.com/article/10.1007/s00894-012-1667-x

           Empirical Formula: C10 H8  =    18 atoms



      MOLECULAR POINT GROUP   :   D2h 


      RHF CALCULATION, NO. OF DOUBLY OCCUPIED LEVELS = 24

  SCF CRITERION =    0.1000E-20


   THERE IS A RISK OF INFINITE LOOPING WITH THE SCFCRT LESS THAN 1.D-12

 -------------------------------------------------------------------------------
 scfcrt=1.D-21 aux(precision=14 comp xp xs xw) PM7 THREADS=1 charge=0 1SCF XYZ
 Comment line 1
 Comment line 2


     1SCF WAS SPECIFIED, SO BFGS WAS NOT USED                 
     SCF FIELD WAS ACHIEVED                                   


                              PM7 CALCULATION
                                                       MOPAC v23.2.5 Linux
                                                       Mon Jul 20 23:43:16 2026




          FINAL HEAT OF FORMATION =         39.74057 KCAL/MOL =     166.27456 KJ/MOL


          COSMO AREA              =        166.48 SQUARE ANGSTROMS
          COSMO VOLUME            =        165.33 CUBIC ANGSTROMS

          IONIZATION POTENTIAL    =          8.953085 EV
          HOMO LUMO ENERGIES (EV) =         -8.953 -0.549
          NO. OF FILLED LEVELS    =         24
          MOLECULAR WEIGHT        =        128.1732         POINT GROUP:  D2h 

          MOLECULAR DIMENSIONS (Angstroms)

            Atom       Atom       Distance
            H    18    H    12     7.19136
            H    15    H    14     5.52148
            H    13    C     1     0.00000


          SCF CALCULATIONS        =          1

          WALL-CLOCK TIME         =      3.813 SECONDS
          COMPUTATION TIME        =      0.069 SECONDS




   ATOM   CHEMICAL          X               Y               Z
  NUMBER   SYMBOL      (ANGSTROMS)     (ANGSTROMS)     (ANGSTROMS)

     1       C         -0.00005630  *  -0.70607634  *  -0.00000000  *
     2       C          0.00496310  *   0.70587391  *  -0.00000000  *
     3       C          1.24074583  *   1.40138317  *  -0.00000000  *
     4       C          2.42378680  *   0.70913682  *   0.00000000  *
     5       C          2.42381619  *  -0.70883405  *   0.00000000  *
     6       C          1.24096848  *  -1.40163512  *  -0.00000000  *
     7       C         -1.24099756  *  -1.40174150  *  -0.00000000  *
     8       C         -2.42376239  *  -0.70881548  *   0.00000000  *
     9       C         -2.42371878  *   0.70909206  *   0.00000000  *
    10       C         -1.24077462  *   1.40155637  *  -0.00000000  *
    11       H         -1.22998751  *  -2.48997703  *  -0.00000000  *
    12       H         -3.37751354  *  -1.23332698  *   0.00000000  *
    13       H         -3.37730958  *   1.23372919  *   0.00000000  *
    14       H         -1.22956474  *   2.48993668  *  -0.00000000  *
    15       H          1.23000951  *  -2.48997719  *  -0.00000000  *
    16       H          1.22959636  *   2.48995763  *  -0.00000000  *
    17       H          3.37266545  *  -1.23330474  *   0.00000000  *
    18       H          3.37745221  *   1.23367877  *   0.00000000  *

                             CARTESIAN COORDINATES

   1    C       -0.000056297    -0.706076338    -0.000000003
   2    C        0.004963098     0.705873911    -0.000000003
   3    C        1.240745829     1.401383173    -0.000000001
   4    C        2.423786798     0.709136816     0.000000002
   5    C        2.423816191    -0.708834050     0.000000003
   6    C        1.240968476    -1.401635124    -0.000000001
   7    C       -1.240997556    -1.401741497    -0.000000001
   8    C       -2.423762386    -0.708815485     0.000000002
   9    C       -2.423718775     0.709092064     0.000000003
  10    C       -1.240774618     1.401556368    -0.000000001
  11    H       -1.229987506    -2.489977026    -0.000000001
  12    H       -3.377513537    -1.233326982     0.000000005
  13    H       -3.377309583     1.233729190     0.000000005
  14    H       -1.229564744     2.489936680    -0.000000002
  15    H        1.230009514    -2.489977186    -0.000000001
  16    H        1.229596363     2.489957631    -0.000000001
  17    H        3.372665452    -1.233304744     0.000000005
  18    H        3.377452207     1.233678766     0.000000005


           Empirical Formula: C10 H8  =    18 atoms



      MOLECULAR POINT GROUP   :   D2h 


                  EIGENVALUES  
 -31.05263 -29.27153 -26.92094 -25.47703 -24.82491 -21.53345 -21.20821 -20.91319
 -17.63027 -17.00847 -16.75149 -15.04637 -14.97982 -14.18953 -14.18849 -14.12826
 -13.53650 -12.65343 -12.12367 -11.81982 -11.59126 -10.77488  -9.47041  -8.95308
  -0.54853  -0.07213   0.86890   1.75492   2.89214   3.94656   3.96848   4.63292
   4.82954   4.87189   4.95487   5.06096   5.10772   5.42911   5.72020   5.72882
   5.91605   5.93654   6.09287   6.11581   6.12621   6.15393   6.26025   6.28589


              NET ATOMIC CHARGES AND DIPOLE CONTRIBUTIONS

  ATOM NO.   TYPE          CHARGE      No. of ELECS.   s-Pop       p-Pop       
    1          C          -0.007782        4.0078     1.06332     2.94446
    2          C          -0.007641        4.0076     1.06323     2.94441
    3          C          -0.155909        4.1559     1.08435     3.07156
    4          C          -0.145229        4.1452     1.08319     3.06204
    5          C          -0.146427        4.1464     1.08252     3.06391
    6          C          -0.154837        4.1548     1.08546     3.06938
    7          C          -0.155184        4.1552     1.08524     3.06994
    8          C          -0.145740        4.1457     1.08321     3.06253
    9          C          -0.146720        4.1467     1.08317     3.06355
   10          C          -0.154396        4.1544     1.08622     3.06818
   11          H           0.153394        0.8466     0.84661
   12          H           0.151706        0.8483     0.84829
   13          H           0.151806        0.8482     0.84819
   14          H           0.153005        0.8470     0.84700
   15          H           0.153296        0.8467     0.84670
   16          H           0.153727        0.8463     0.84627
   17          H           0.151207        0.8488     0.84879
   18          H           0.151725        0.8483     0.84828
 DIPOLE           X         Y         Z       TOTAL
 POINT-CHG.    -0.007     0.004     0.000     0.008
 HYBRID         0.001    -0.002    -0.000     0.002
 SUM           -0.006     0.002     0.000     0.006


          ATOMIC ORBITAL ELECTRON POPULATIONS

     Atom    s        px        py        pz   
    1  C   1.06332   0.97431   0.97989   0.99026
    2  C   1.06323   0.97433   0.97990   0.99019
    3  C   1.08435   0.98547   1.07996   1.00613
    4  C   1.08319   1.05638   1.00684   0.99882
    5  C   1.08252   1.05661   1.00709   1.00021
    6  C   1.08546   0.98502   1.07955   1.00480
    7  C   1.08524   0.98477   1.07941   1.00576
    8  C   1.08321   1.05641   1.00698   0.99915
    9  C   1.08317   1.05645   1.00711   0.99999
   10  C   1.08622   0.98433   1.07915   1.00470
   11  H   0.84661
   12  H   0.84829
   13  H   0.84819
   14  H   0.84700
   15  H   0.84670
   16  H   0.84627
   17  H   0.84879
   18  H   0.84828

 **********************
 *                    *
 * JOB ENDED NORMALLY *
 *                    *
 **********************



 TOTAL JOB TIME:             4.02 SECONDS

 == MOPAC DONE ==
