 *******************************************************************************
 **                                                                           **
 **                              MOPAC v23.2.5                                **
 **                                                                           **
 *******************************************************************************
 ** MOPAC's Digital Object Identifier: https://doi.org/10.5281/zenodo.6511958 **
 **                                                                           **
 ** Please cite the open-source release paper for use of this MOPAC version:  **
 ** J. E. Moussa and J. J. P. Stewart (2026)                                  **
 ** MOPAC: An open-source semiempirical molecular orbital program             **
 ** J. Open Source Softw., 11(119), 8025, https://doi.org/10.21105/joss.08025 **
 *******************************************************************************

                              PM7 CALCULATION RESULTS

 *******************************************************************************
 *  CALCULATION DONE: (MAX THREADS = 1)              Mon Jul 20 23:42:37 2026  *
 *  PM7        - The PM7 Hamiltonian to be used
 *
 *
 *
 *                 CHARGE ON SYSTEM = 0
 *
 *
 *
 *  XYZ        - CARTESIAN COORDINATE SYSTEM TO BE USED
 *  1SCF       - DO 1 SCF AND THEN STOP 
 *  THREADS=1  - MULTI-THREADING NOT USED
 *  T=         - A TIME OF 172800.0 SECONDS REQUESTED
 *  DUMP=N     - RESTART FILE WRITTEN EVERY 7200.0 SECONDS REQUESTED
 *  SCFCRT     - DEFAULT SCF CRITERION REPLACED BY   0.100E-20
 *  AUX        - OUTPUT AUXILIARY INFORMATION
 *******************************************************************************
scfcrt=1.D-21 aux(precision=14 comp xp xs xw) PM7 THREADS=1 charge=0 1SCF XYZ
 Comment line 1
 Comment line 2
   ATOM   CHEMICAL          X               Y               Z
  NUMBER   SYMBOL      (ANGSTROMS)     (ANGSTROMS)     (ANGSTROMS)

     1       C         -0.00005630  *  -0.71107634  *  -0.00000000  *
     2       C         -0.00003690  *   0.70587391  *  -0.00000000  *
     3       C          1.24074583  *   1.40138317  *  -0.00000000  *
     4       C          2.42378680  *   0.70913682  *   0.00000000  *
     5       C          2.42381619  *  -0.70883405  *   0.00000000  *
     6       C          1.24096848  *  -1.40163512  *  -0.00000000  *
     7       C         -1.24099756  *  -1.40174150  *  -0.00000000  *
     8       C         -2.42376239  *  -0.70881548  *   0.00000000  *
     9       C         -2.42371878  *   0.70909206  *   0.00000000  *
    10       C         -1.24077462  *   1.40155637  *  -0.00000000  *
    11       H         -1.22998751  *  -2.48997703  *  -0.00000000  *
    12       H         -3.37751354  *  -1.23332698  *   0.00000000  *
    13       H         -3.37730958  *   1.23372919  *   0.00000000  *
    14       H         -1.22956474  *   2.48993668  *  -0.00000000  *
    15       H          1.23000951  *  -2.48997719  *  -0.00000000  *
    16       H          1.22959636  *   2.48995763  *  -0.00000000  *
    17       H          3.37766545  *  -1.23330474  *   0.00000000  *
    18       H          3.37745221  *   1.22867877  *   0.00000000  *



          CARTESIAN COORDINATES 

    NO.       ATOM           X           Y           Z

     1         C         -0.0001     -0.7111     -0.0000
     2         C         -0.0000      0.7059     -0.0000
     3         C          1.2407      1.4014     -0.0000
     4         C          2.4238      0.7091      0.0000
     5         C          2.4238     -0.7088      0.0000
     6         C          1.2410     -1.4016     -0.0000
     7         C         -1.2410     -1.4017     -0.0000
     8         C         -2.4238     -0.7088      0.0000
     9         C         -2.4237      0.7091      0.0000
    10         C         -1.2408      1.4016     -0.0000
    11         H         -1.2300     -2.4900     -0.0000
    12         H         -3.3775     -1.2333      0.0000
    13         H         -3.3773      1.2337      0.0000
    14         H         -1.2296      2.4899     -0.0000
    15         H          1.2300     -2.4900     -0.0000
    16         H          1.2296      2.4900     -0.0000
    17         H          3.3777     -1.2333      0.0000
    18         H          3.3775      1.2287      0.0000

 General Reference for PM7:
 "Optimization of Parameters for Semiempirical Methods VI: More Modifications to the 
 NDDO Approximations and Re-optimization of Parameters", J. J. P. Stewart, J. Mol. Mod., 1:32, 19 (2013)
 https://link.springer.com/article/10.1007/s00894-012-1667-x

           Empirical Formula: C10 H8  =    18 atoms



      MOLECULAR POINT GROUP   :   D2h 


      RHF CALCULATION, NO. OF DOUBLY OCCUPIED LEVELS = 24

  SCF CRITERION =    0.1000E-20


   THERE IS A RISK OF INFINITE LOOPING WITH THE SCFCRT LESS THAN 1.D-12

 -------------------------------------------------------------------------------
 scfcrt=1.D-21 aux(precision=14 comp xp xs xw) PM7 THREADS=1 charge=0 1SCF XYZ
 Comment line 1
 Comment line 2


     1SCF WAS SPECIFIED, SO BFGS WAS NOT USED                 
     SCF FIELD WAS ACHIEVED                                   


                              PM7 CALCULATION
                                                       MOPAC v23.2.5 Linux
                                                       Mon Jul 20 23:42:56 2026




          FINAL HEAT OF FORMATION =         39.73668 KCAL/MOL =     166.25827 KJ/MOL


          COSMO AREA              =        166.62 SQUARE ANGSTROMS
          COSMO VOLUME            =        165.46 CUBIC ANGSTROMS

          IONIZATION POTENTIAL    =          8.950588 EV
          HOMO LUMO ENERGIES (EV) =         -8.951 -0.553
          NO. OF FILLED LEVELS    =         24
          MOLECULAR WEIGHT        =        128.1732         POINT GROUP:  D2h 

          MOLECULAR DIMENSIONS (Angstroms)

            Atom       Atom       Distance
            H    17    H    13     7.19138
            H    16    H    11     5.52150
            C     1    H    12     0.00000


          SCF CALCULATIONS        =          1

          WALL-CLOCK TIME         =     18.789 SECONDS
          COMPUTATION TIME        =      0.068 SECONDS




   ATOM   CHEMICAL          X               Y               Z
  NUMBER   SYMBOL      (ANGSTROMS)     (ANGSTROMS)     (ANGSTROMS)

     1       C         -0.00005630  *  -0.71107634  *  -0.00000000  *
     2       C         -0.00003690  *   0.70587391  *  -0.00000000  *
     3       C          1.24074583  *   1.40138317  *  -0.00000000  *
     4       C          2.42378680  *   0.70913682  *   0.00000000  *
     5       C          2.42381619  *  -0.70883405  *   0.00000000  *
     6       C          1.24096848  *  -1.40163512  *  -0.00000000  *
     7       C         -1.24099756  *  -1.40174150  *  -0.00000000  *
     8       C         -2.42376239  *  -0.70881548  *   0.00000000  *
     9       C         -2.42371878  *   0.70909206  *   0.00000000  *
    10       C         -1.24077462  *   1.40155637  *  -0.00000000  *
    11       H         -1.22998751  *  -2.48997703  *  -0.00000000  *
    12       H         -3.37751354  *  -1.23332698  *   0.00000000  *
    13       H         -3.37730958  *   1.23372919  *   0.00000000  *
    14       H         -1.22956474  *   2.48993668  *  -0.00000000  *
    15       H          1.23000951  *  -2.48997719  *  -0.00000000  *
    16       H          1.22959636  *   2.48995763  *  -0.00000000  *
    17       H          3.37766545  *  -1.23330474  *   0.00000000  *
    18       H          3.37745221  *   1.22867877  *   0.00000000  *

                             CARTESIAN COORDINATES

   1    C       -0.000056297    -0.711076338    -0.000000003
   2    C       -0.000036902     0.705873911    -0.000000003
   3    C        1.240745829     1.401383173    -0.000000001
   4    C        2.423786798     0.709136816     0.000000002
   5    C        2.423816191    -0.708834050     0.000000003
   6    C        1.240968476    -1.401635124    -0.000000001
   7    C       -1.240997556    -1.401741497    -0.000000001
   8    C       -2.423762386    -0.708815485     0.000000002
   9    C       -2.423718775     0.709092064     0.000000003
  10    C       -1.240774618     1.401556368    -0.000000001
  11    H       -1.229987506    -2.489977026    -0.000000001
  12    H       -3.377513537    -1.233326982     0.000000005
  13    H       -3.377309583     1.233729190     0.000000005
  14    H       -1.229564744     2.489936680    -0.000000002
  15    H        1.230009514    -2.489977186    -0.000000001
  16    H        1.229596363     2.489957631    -0.000000001
  17    H        3.377665452    -1.233304744     0.000000005
  18    H        3.377452207     1.228678766     0.000000005


           Empirical Formula: C10 H8  =    18 atoms



      MOLECULAR POINT GROUP   :   D2h 


                  EIGENVALUES  
 -31.03948 -29.26941 -26.92808 -25.47105 -24.82626 -21.53932 -21.20967 -20.89972
 -17.62310 -17.01492 -16.75936 -15.04417 -14.96360 -14.19011 -14.18508 -14.13445
 -13.53762 -12.64806 -12.12327 -11.83060 -11.57776 -10.78720  -9.45708  -8.95059
  -0.55278  -0.08098   0.88009   1.75468   2.89199   3.95331   3.96769   4.63195
   4.83238   4.87488   4.94087   5.06095   5.10970   5.43545   5.71983   5.72615
   5.91991   5.93441   6.09385   6.11634   6.12272   6.14999   6.25686   6.28684


              NET ATOMIC CHARGES AND DIPOLE CONTRIBUTIONS

  ATOM NO.   TYPE          CHARGE      No. of ELECS.   s-Pop       p-Pop       
    1          C          -0.007652        4.0077     1.06333     2.94433
    2          C          -0.007199        4.0072     1.06433     2.94287
    3          C          -0.155114        4.1551     1.08528     3.06984
    4          C          -0.146004        4.1460     1.08280     3.06320
    5          C          -0.145844        4.1458     1.08326     3.06258
    6          C          -0.155597        4.1556     1.08466     3.07093
    7          C          -0.155576        4.1556     1.08465     3.07093
    8          C          -0.145657        4.1457     1.08317     3.06249
    9          C          -0.146038        4.1460     1.08318     3.06286
   10          C          -0.155391        4.1554     1.08531     3.07008
   11          H           0.153306        0.8467     0.84669
   12          H           0.151750        0.8482     0.84825
   13          H           0.151735        0.8483     0.84827
   14          H           0.153372        0.8466     0.84663
   15          H           0.153297        0.8467     0.84670
   16          H           0.153411        0.8466     0.84659
   17          H           0.151752        0.8482     0.84825
   18          H           0.151448        0.8486     0.84855
 DIPOLE           X         Y         Z       TOTAL
 POINT-CHG.    -0.005     0.001     0.000     0.005
 HYBRID         0.002    -0.001    -0.000     0.002
 SUM           -0.003     0.001     0.000     0.003


          ATOMIC ORBITAL ELECTRON POPULATIONS

     Atom    s        px        py        pz   
    1  C   1.06333   0.97440   0.97968   0.99024
    2  C   1.06433   0.97396   0.97928   0.98964
    3  C   1.08528   0.98496   1.07957   1.00531
    4  C   1.08280   1.05631   1.00724   0.99965
    5  C   1.08326   1.05625   1.00703   0.99930
    6  C   1.08466   0.98504   1.08007   1.00583
    7  C   1.08465   0.98504   1.08005   1.00585
    8  C   1.08317   1.05627   1.00692   0.99929
    9  C   1.08318   1.05641   1.00704   0.99940
   10  C   1.08531   0.98506   1.07953   1.00548
   11  H   0.84669
   12  H   0.84825
   13  H   0.84827
   14  H   0.84663
   15  H   0.84670
   16  H   0.84659
   17  H   0.84825
   18  H   0.84855

 **********************
 *                    *
 * JOB ENDED NORMALLY *
 *                    *
 **********************



 TOTAL JOB TIME:            19.13 SECONDS

 == MOPAC DONE ==
