 *******************************************************************************
 **                                                                           **
 **                              MOPAC v23.2.5                                **
 **                                                                           **
 *******************************************************************************
 ** MOPAC's Digital Object Identifier: https://doi.org/10.5281/zenodo.6511958 **
 **                                                                           **
 ** Please cite the open-source release paper for use of this MOPAC version:  **
 ** J. E. Moussa and J. J. P. Stewart (2026)                                  **
 ** MOPAC: An open-source semiempirical molecular orbital program             **
 ** J. Open Source Softw., 11(119), 8025, https://doi.org/10.21105/joss.08025 **
 *******************************************************************************

                              PM7 CALCULATION RESULTS

 *******************************************************************************
 *  CALCULATION DONE: (MAX THREADS = 1)              Mon Jul 20 23:43:29 2026  *
 *  PM7        - The PM7 Hamiltonian to be used
 *
 *
 *
 *                 CHARGE ON SYSTEM = 0
 *
 *
 *
 *  XYZ        - CARTESIAN COORDINATE SYSTEM TO BE USED
 *  1SCF       - DO 1 SCF AND THEN STOP 
 *  THREADS=1  - MULTI-THREADING NOT USED
 *  T=         - A TIME OF 172800.0 SECONDS REQUESTED
 *  DUMP=N     - RESTART FILE WRITTEN EVERY 7200.0 SECONDS REQUESTED
 *  SCFCRT     - DEFAULT SCF CRITERION REPLACED BY   0.100E-20
 *  AUX        - OUTPUT AUXILIARY INFORMATION
 *******************************************************************************
scfcrt=1.D-21 aux(precision=14 comp xp xs xw) PM7 THREADS=1 charge=0 1SCF XYZ
 Comment line 1
 Comment line 2
   ATOM   CHEMICAL          X               Y               Z
  NUMBER   SYMBOL      (ANGSTROMS)     (ANGSTROMS)     (ANGSTROMS)

     1       C         -0.00005630  *  -0.70607634  *  -0.00000000  *
     2       C         -0.00003690  *   0.70587391  *  -0.00000000  *
     3       C          1.24074583  *   1.40138317  *  -0.00000000  *
     4       C          2.42378680  *   0.70913682  *   0.00000000  *
     5       C          2.42381619  *  -0.70883405  *   0.00000000  *
     6       C          1.24096848  *  -1.40163512  *  -0.00000000  *
     7       C         -1.24099756  *  -1.40174150  *  -0.00000000  *
     8       C         -2.42376239  *  -0.70881548  *   0.00000000  *
     9       C         -2.42371878  *   0.70909206  *   0.00000000  *
    10       C         -1.24077462  *   1.40655637  *  -0.00000000  *
    11       H         -1.22998751  *  -2.48997703  *  -0.00000000  *
    12       H         -3.37751354  *  -1.23332698  *   0.00000000  *
    13       H         -3.37730958  *   1.23372919  *   0.00000000  *
    14       H         -1.22956474  *   2.48993668  *  -0.00000000  *
    15       H          1.23000951  *  -2.48997719  *  -0.00000000  *
    16       H          1.22959636  *   2.48995763  *  -0.00000000  *
    17       H          3.37766545  *  -1.23330474  *   0.00000000  *
    18       H          3.37745221  *   1.23867877  *   0.00000000  *



          CARTESIAN COORDINATES 

    NO.       ATOM           X           Y           Z

     1         C         -0.0001     -0.7061     -0.0000
     2         C         -0.0000      0.7059     -0.0000
     3         C          1.2407      1.4014     -0.0000
     4         C          2.4238      0.7091      0.0000
     5         C          2.4238     -0.7088      0.0000
     6         C          1.2410     -1.4016     -0.0000
     7         C         -1.2410     -1.4017     -0.0000
     8         C         -2.4238     -0.7088      0.0000
     9         C         -2.4237      0.7091      0.0000
    10         C         -1.2408      1.4066     -0.0000
    11         H         -1.2300     -2.4900     -0.0000
    12         H         -3.3775     -1.2333      0.0000
    13         H         -3.3773      1.2337      0.0000
    14         H         -1.2296      2.4899     -0.0000
    15         H          1.2300     -2.4900     -0.0000
    16         H          1.2296      2.4900     -0.0000
    17         H          3.3777     -1.2333      0.0000
    18         H          3.3775      1.2387      0.0000

 General Reference for PM7:
 "Optimization of Parameters for Semiempirical Methods VI: More Modifications to the 
 NDDO Approximations and Re-optimization of Parameters", J. J. P. Stewart, J. Mol. Mod., 1:32, 19 (2013)
 https://link.springer.com/article/10.1007/s00894-012-1667-x

           Empirical Formula: C10 H8  =    18 atoms



      MOLECULAR POINT GROUP   :   D2h 


      RHF CALCULATION, NO. OF DOUBLY OCCUPIED LEVELS = 24

  SCF CRITERION =    0.1000E-20


   THERE IS A RISK OF INFINITE LOOPING WITH THE SCFCRT LESS THAN 1.D-12

 -------------------------------------------------------------------------------
 scfcrt=1.D-21 aux(precision=14 comp xp xs xw) PM7 THREADS=1 charge=0 1SCF XYZ
 Comment line 1
 Comment line 2


     1SCF WAS SPECIFIED, SO BFGS WAS NOT USED                 
     SCF FIELD WAS ACHIEVED                                   


                              PM7 CALCULATION
                                                       MOPAC v23.2.5 Linux
                                                       Mon Jul 20 23:43:32 2026




          FINAL HEAT OF FORMATION =         39.73386 KCAL/MOL =     166.24645 KJ/MOL


          COSMO AREA              =        166.43 SQUARE ANGSTROMS
          COSMO VOLUME            =        165.25 CUBIC ANGSTROMS

          IONIZATION POTENTIAL    =          8.949138 EV
          HOMO LUMO ENERGIES (EV) =         -8.949 -0.550
          NO. OF FILLED LEVELS    =         24
          MOLECULAR WEIGHT        =        128.1732         POINT GROUP:  D2h 

          MOLECULAR DIMENSIONS (Angstroms)

            Atom       Atom       Distance
            H    18    H    12     7.19308
            H    15    H    14     5.52187
            H    13    C     1     0.00000


          SCF CALCULATIONS        =          1

          WALL-CLOCK TIME         =      3.766 SECONDS
          COMPUTATION TIME        =      0.070 SECONDS




   ATOM   CHEMICAL          X               Y               Z
  NUMBER   SYMBOL      (ANGSTROMS)     (ANGSTROMS)     (ANGSTROMS)

     1       C         -0.00005630  *  -0.70607634  *  -0.00000000  *
     2       C         -0.00003690  *   0.70587391  *  -0.00000000  *
     3       C          1.24074583  *   1.40138317  *  -0.00000000  *
     4       C          2.42378680  *   0.70913682  *   0.00000000  *
     5       C          2.42381619  *  -0.70883405  *   0.00000000  *
     6       C          1.24096848  *  -1.40163512  *  -0.00000000  *
     7       C         -1.24099756  *  -1.40174150  *  -0.00000000  *
     8       C         -2.42376239  *  -0.70881548  *   0.00000000  *
     9       C         -2.42371878  *   0.70909206  *   0.00000000  *
    10       C         -1.24077462  *   1.40655637  *  -0.00000000  *
    11       H         -1.22998751  *  -2.48997703  *  -0.00000000  *
    12       H         -3.37751354  *  -1.23332698  *   0.00000000  *
    13       H         -3.37730958  *   1.23372919  *   0.00000000  *
    14       H         -1.22956474  *   2.48993668  *  -0.00000000  *
    15       H          1.23000951  *  -2.48997719  *  -0.00000000  *
    16       H          1.22959636  *   2.48995763  *  -0.00000000  *
    17       H          3.37766545  *  -1.23330474  *   0.00000000  *
    18       H          3.37745221  *   1.23867877  *   0.00000000  *

                             CARTESIAN COORDINATES

   1    C       -0.000056297    -0.706076338    -0.000000003
   2    C       -0.000036902     0.705873911    -0.000000003
   3    C        1.240745829     1.401383173    -0.000000001
   4    C        2.423786798     0.709136816     0.000000002
   5    C        2.423816191    -0.708834050     0.000000003
   6    C        1.240968476    -1.401635124    -0.000000001
   7    C       -1.240997556    -1.401741497    -0.000000001
   8    C       -2.423762386    -0.708815485     0.000000002
   9    C       -2.423718775     0.709092064     0.000000003
  10    C       -1.240774618     1.406556368    -0.000000001
  11    H       -1.229987506    -2.489977026    -0.000000001
  12    H       -3.377513537    -1.233326982     0.000000005
  13    H       -3.377309583     1.233729190     0.000000005
  14    H       -1.229564744     2.489936680    -0.000000002
  15    H        1.230009514    -2.489977186    -0.000000001
  16    H        1.229596363     2.489957631    -0.000000001
  17    H        3.377665452    -1.233304744     0.000000005
  18    H        3.377452207     1.238678766     0.000000005


           Empirical Formula: C10 H8  =    18 atoms



      MOLECULAR POINT GROUP   :   D2h 


                  EIGENVALUES  
 -31.03863 -29.25497 -26.91921 -25.46021 -24.81947 -21.52390 -21.19631 -20.91877
 -17.63011 -17.00009 -16.74038 -15.05599 -14.97963 -14.19453 -14.18262 -14.11878
 -13.52622 -12.65778 -12.11865 -11.80961 -11.59962 -10.76951  -9.46852  -8.94914
  -0.55023  -0.06975   0.86506   1.75488   2.89051   3.94970   3.96582   4.63776
   4.82668   4.86816   4.95793   5.05899   5.10392   5.42250   5.71649   5.73204
   5.92146   5.92684   6.09945   6.11005   6.11943   6.15105   6.26539   6.28124


              NET ATOMIC CHARGES AND DIPOLE CONTRIBUTIONS

  ATOM NO.   TYPE          CHARGE      No. of ELECS.   s-Pop       p-Pop       
    1          C          -0.008074        4.0081     1.06324     2.94484
    2          C          -0.007460        4.0075     1.06379     2.94367
    3          C          -0.155834        4.1558     1.08538     3.07045
    4          C          -0.146065        4.1461     1.08360     3.06246
    5          C          -0.146093        4.1461     1.08316     3.06293
    6          C          -0.154964        4.1550     1.08531     3.06965
    7          C          -0.154672        4.1547     1.08534     3.06933
    8          C          -0.146414        4.1464     1.08316     3.06325
    9          C          -0.145922        4.1459     1.08366     3.06226
   10          C          -0.154524        4.1545     1.08573     3.06879
   11          H           0.153325        0.8467     0.84667
   12          H           0.151825        0.8482     0.84818
   13          H           0.151499        0.8485     0.84850
   14          H           0.152858        0.8471     0.84714
   15          H           0.153348        0.8467     0.84665
   16          H           0.153375        0.8466     0.84662
   17          H           0.151753        0.8482     0.84825
   18          H           0.152038        0.8480     0.84796
 DIPOLE           X         Y         Z       TOTAL
 POINT-CHG.     0.004    -0.006     0.000     0.007
 HYBRID        -0.001     0.003    -0.000     0.004
 SUM            0.003    -0.003     0.000     0.004


          ATOMIC ORBITAL ELECTRON POPULATIONS

     Atom    s        px        py        pz   
    1  C   1.06324   0.97433   0.97982   0.99069
    2  C   1.06379   0.97424   0.97962   0.98981
    3  C   1.08538   0.98514   1.07965   1.00567
    4  C   1.08360   1.05650   1.00683   0.99913
    5  C   1.08316   1.05642   1.00693   0.99958
    6  C   1.08531   0.98480   1.07946   1.00540
    7  C   1.08534   0.98487   1.07946   1.00500
    8  C   1.08316   1.05648   1.00691   0.99987
    9  C   1.08366   1.05642   1.00666   0.99918
   10  C   1.08573   0.98469   1.07844   1.00566
   11  H   0.84667
   12  H   0.84818
   13  H   0.84850
   14  H   0.84714
   15  H   0.84665
   16  H   0.84662
   17  H   0.84825
   18  H   0.84796

 **********************
 *                    *
 * JOB ENDED NORMALLY *
 *                    *
 **********************



 TOTAL JOB TIME:             3.98 SECONDS

 == MOPAC DONE ==
