 *******************************************************************************
 **                                                                           **
 **                              MOPAC v23.2.5                                **
 **                                                                           **
 *******************************************************************************
 ** MOPAC's Digital Object Identifier: https://doi.org/10.5281/zenodo.6511958 **
 **                                                                           **
 ** Please cite the open-source release paper for use of this MOPAC version:  **
 ** J. E. Moussa and J. J. P. Stewart (2026)                                  **
 ** MOPAC: An open-source semiempirical molecular orbital program             **
 ** J. Open Source Softw., 11(119), 8025, https://doi.org/10.21105/joss.08025 **
 *******************************************************************************

                              PM7 CALCULATION RESULTS

 *******************************************************************************
 *  CALCULATION DONE: (MAX THREADS = 1)              Mon Jul 20 22:24:24 2026  *
 *  PM7        - The PM7 Hamiltonian to be used
 *
 *
 *
 *                 CHARGE ON SYSTEM = 0
 *
 *
 *
 *  XYZ        - CARTESIAN COORDINATE SYSTEM TO BE USED
 *  1SCF       - DO 1 SCF AND THEN STOP 
 *  THREADS=1  - MULTI-THREADING NOT USED
 *  T=         - A TIME OF 172800.0 SECONDS REQUESTED
 *  DUMP=N     - RESTART FILE WRITTEN EVERY 7200.0 SECONDS REQUESTED
 *  SCFCRT     - DEFAULT SCF CRITERION REPLACED BY   0.100E-20
 *  AUX        - OUTPUT AUXILIARY INFORMATION
 *******************************************************************************
scfcrt=1.D-21 aux(precision=14 comp xp xs xw) PM7 THREADS=1 charge=0 1SCF XYZ
 Comment line 1
 Comment line 2
   ATOM   CHEMICAL          X               Y               Z
  NUMBER   SYMBOL      (ANGSTROMS)     (ANGSTROMS)     (ANGSTROMS)

     1       C         -0.00005630  *  -0.70607634  *  -0.00000000  *
     2       C         -0.00003690  *   0.70587391  *  -0.00000000  *
     3       C          1.24074583  *   1.40138317  *  -0.00000000  *
     4       C          2.42378680  *   0.70913682  *   0.00000000  *
     5       C          2.42381619  *  -0.70883405  *   0.00000000  *
     6       C          1.24096848  *  -1.40163512  *  -0.00000000  *
     7       C         -1.24099756  *  -1.40174150  *  -0.00000000  *
     8       C         -2.42376239  *  -0.70881548  *   0.00000000  *
     9       C         -2.42371878  *   0.70909206  *   0.00000000  *
    10       C         -1.24077462  *   1.40155637  *   0.00500000  *
    11       H         -1.22998751  *  -2.48997703  *  -0.00000000  *
    12       H         -3.37751354  *  -1.23332698  *   0.00000000  *
    13       H         -3.37730958  *   1.23372919  *   0.00000000  *
    14       H         -1.22956474  *   2.48993668  *  -0.00000000  *
    15       H          1.23000951  *  -2.48997719  *  -0.00000000  *
    16       H          1.22959636  *   2.48995763  *  -0.00000000  *
    17       H          3.38266545  *  -1.23330474  *   0.00000000  *
    18       H          3.37745221  *   1.23367877  *   0.00000000  *



          CARTESIAN COORDINATES 

    NO.       ATOM           X           Y           Z

     1         C         -0.0001     -0.7061     -0.0000
     2         C         -0.0000      0.7059     -0.0000
     3         C          1.2407      1.4014     -0.0000
     4         C          2.4238      0.7091      0.0000
     5         C          2.4238     -0.7088      0.0000
     6         C          1.2410     -1.4016     -0.0000
     7         C         -1.2410     -1.4017     -0.0000
     8         C         -2.4238     -0.7088      0.0000
     9         C         -2.4237      0.7091      0.0000
    10         C         -1.2408      1.4016      0.0050
    11         H         -1.2300     -2.4900     -0.0000
    12         H         -3.3775     -1.2333      0.0000
    13         H         -3.3773      1.2337      0.0000
    14         H         -1.2296      2.4899     -0.0000
    15         H          1.2300     -2.4900     -0.0000
    16         H          1.2296      2.4900     -0.0000
    17         H          3.3827     -1.2333      0.0000
    18         H          3.3775      1.2337      0.0000

 General Reference for PM7:
 "Optimization of Parameters for Semiempirical Methods VI: More Modifications to the 
 NDDO Approximations and Re-optimization of Parameters", J. J. P. Stewart, J. Mol. Mod., 1:32, 19 (2013)
 https://link.springer.com/article/10.1007/s00894-012-1667-x

           Empirical Formula: C10 H8  =    18 atoms



      MOLECULAR POINT GROUP   :   D2h 


      RHF CALCULATION, NO. OF DOUBLY OCCUPIED LEVELS = 24

  SCF CRITERION =    0.1000E-20


   THERE IS A RISK OF INFINITE LOOPING WITH THE SCFCRT LESS THAN 1.D-12

 -------------------------------------------------------------------------------
 scfcrt=1.D-21 aux(precision=14 comp xp xs xw) PM7 THREADS=1 charge=0 1SCF XYZ
 Comment line 1
 Comment line 2


     1SCF WAS SPECIFIED, SO BFGS WAS NOT USED                 
     SCF FIELD WAS ACHIEVED                                   


                              PM7 CALCULATION
                                                       MOPAC v23.2.5 Linux
                                                       Mon Jul 20 22:24:30 2026




          FINAL HEAT OF FORMATION =         39.72432 KCAL/MOL =     166.20655 KJ/MOL


          COSMO AREA              =        166.51 SQUARE ANGSTROMS
          COSMO VOLUME            =        165.33 CUBIC ANGSTROMS

          IONIZATION POTENTIAL    =          8.951056 EV
          HOMO LUMO ENERGIES (EV) =         -8.951 -0.546
          NO. OF FILLED LEVELS    =         24
          MOLECULAR WEIGHT        =        128.1732         POINT GROUP:  D2h 

          MOLECULAR DIMENSIONS (Angstroms)

            Atom       Atom       Distance
            H    17    H    13     7.19608
            H    16    H    11     5.52136
            C     1    C    10     0.00500


          SCF CALCULATIONS        =          1

          WALL-CLOCK TIME         =      6.227 SECONDS
          COMPUTATION TIME        =      0.066 SECONDS




   ATOM   CHEMICAL          X               Y               Z
  NUMBER   SYMBOL      (ANGSTROMS)     (ANGSTROMS)     (ANGSTROMS)

     1       C         -0.00005630  *  -0.70607634  *  -0.00000000  *
     2       C         -0.00003690  *   0.70587391  *  -0.00000000  *
     3       C          1.24074583  *   1.40138317  *  -0.00000000  *
     4       C          2.42378680  *   0.70913682  *   0.00000000  *
     5       C          2.42381619  *  -0.70883405  *   0.00000000  *
     6       C          1.24096848  *  -1.40163512  *  -0.00000000  *
     7       C         -1.24099756  *  -1.40174150  *  -0.00000000  *
     8       C         -2.42376239  *  -0.70881548  *   0.00000000  *
     9       C         -2.42371878  *   0.70909206  *   0.00000000  *
    10       C         -1.24077462  *   1.40155637  *   0.00500000  *
    11       H         -1.22998751  *  -2.48997703  *  -0.00000000  *
    12       H         -3.37751354  *  -1.23332698  *   0.00000000  *
    13       H         -3.37730958  *   1.23372919  *   0.00000000  *
    14       H         -1.22956474  *   2.48993668  *  -0.00000000  *
    15       H          1.23000951  *  -2.48997719  *  -0.00000000  *
    16       H          1.22959636  *   2.48995763  *  -0.00000000  *
    17       H          3.38266545  *  -1.23330474  *   0.00000000  *
    18       H          3.37745221  *   1.23367877  *   0.00000000  *

                             CARTESIAN COORDINATES

   1    C       -0.000056297    -0.706076338    -0.000000003
   2    C       -0.000036902     0.705873911    -0.000000003
   3    C        1.240745829     1.401383173    -0.000000001
   4    C        2.423786798     0.709136816     0.000000002
   5    C        2.423816191    -0.708834050     0.000000003
   6    C        1.240968476    -1.401635124    -0.000000001
   7    C       -1.240997556    -1.401741497    -0.000000001
   8    C       -2.423762386    -0.708815485     0.000000002
   9    C       -2.423718775     0.709092064     0.000000003
  10    C       -1.240774618     1.401556368     0.004999999
  11    H       -1.229987506    -2.489977026    -0.000000001
  12    H       -3.377513537    -1.233326982     0.000000005
  13    H       -3.377309583     1.233729190     0.000000005
  14    H       -1.229564744     2.489936680    -0.000000002
  15    H        1.230009514    -2.489977186    -0.000000001
  16    H        1.229596363     2.489957631    -0.000000001
  17    H        3.382665452    -1.233304744     0.000000005
  18    H        3.377452207     1.233678766     0.000000005


           Empirical Formula: C10 H8  =    18 atoms



      MOLECULAR POINT GROUP   :   D2h 


                  EIGENVALUES  
 -31.04730 -29.26202 -26.91625 -25.46576 -24.81604 -21.52663 -21.19638 -20.91107
 -17.62382 -16.99653 -16.74752 -15.04339 -14.97318 -14.18981 -14.18371 -14.12663
 -13.52872 -12.64775 -12.12111 -11.81566 -11.58823 -10.77271  -9.46773  -8.95106
  -0.54622  -0.06976   0.87093   1.75749   2.89431   3.95622   3.96194   4.63486
   4.82824   4.87343   4.95734   5.06345   5.10984   5.42877   5.71930   5.72589
   5.91726   5.92682   6.09487   6.10508   6.11845   6.14699   6.26130   6.28397


              NET ATOMIC CHARGES AND DIPOLE CONTRIBUTIONS

  ATOM NO.   TYPE          CHARGE      No. of ELECS.   s-Pop       p-Pop       
    1          C          -0.007554        4.0076     1.06332     2.94424
    2          C          -0.007903        4.0079     1.06322     2.94468
    3          C          -0.155041        4.1550     1.08529     3.06975
    4          C          -0.146415        4.1464     1.08321     3.06320
    5          C          -0.146171        4.1462     1.08394     3.06223
    6          C          -0.155288        4.1553     1.08527     3.07002
    7          C          -0.155154        4.1552     1.08531     3.06985
    8          C          -0.146073        4.1461     1.08320     3.06287
    9          C          -0.146197        4.1462     1.08317     3.06302
   10          C          -0.155029        4.1550     1.08529     3.06973
   11          H           0.153333        0.8467     0.84667
   12          H           0.151727        0.8483     0.84827
   13          H           0.151742        0.8483     0.84826
   14          H           0.153337        0.8467     0.84666
   15          H           0.153333        0.8467     0.84667
   16          H           0.153338        0.8467     0.84666
   17          H           0.152303        0.8477     0.84770
   18          H           0.151714        0.8483     0.84829
 DIPOLE           X         Y         Z       TOTAL
 POINT-CHG.     0.008    -0.003    -0.004     0.009
 HYBRID        -0.001     0.002    -0.001     0.002
 SUM            0.007    -0.001    -0.005     0.009


          ATOMIC ORBITAL ELECTRON POPULATIONS

     Atom    s        px        py        pz   
    1  C   1.06332   0.97426   0.97987   0.99011
    2  C   1.06322   0.97434   0.97993   0.99042
    3  C   1.08529   0.98490   1.07954   1.00530
    4  C   1.08321   1.05639   1.00715   0.99966
    5  C   1.08394   1.05628   1.00694   0.99901
    6  C   1.08527   0.98483   1.07952   1.00568
    7  C   1.08531   0.98489   1.07949   1.00547
    8  C   1.08320   1.05643   1.00700   0.99944
    9  C   1.08317   1.05643   1.00702   0.99958
   10  C   1.08529   0.98490   1.07951   1.00532
   11  H   0.84667
   12  H   0.84827
   13  H   0.84826
   14  H   0.84666
   15  H   0.84667
   16  H   0.84666
   17  H   0.84770
   18  H   0.84829

 **********************
 *                    *
 * JOB ENDED NORMALLY *
 *                    *
 **********************



 TOTAL JOB TIME:             6.78 SECONDS

 == MOPAC DONE ==
