 *******************************************************************************
 **                                                                           **
 **                              MOPAC v23.2.5                                **
 **                                                                           **
 *******************************************************************************
 ** MOPAC's Digital Object Identifier: https://doi.org/10.5281/zenodo.6511958 **
 **                                                                           **
 ** Please cite the open-source release paper for use of this MOPAC version:  **
 ** J. E. Moussa and J. J. P. Stewart (2026)                                  **
 ** MOPAC: An open-source semiempirical molecular orbital program             **
 ** J. Open Source Softw., 11(119), 8025, https://doi.org/10.21105/joss.08025 **
 *******************************************************************************

                              PM7 CALCULATION RESULTS

 *******************************************************************************
 *  CALCULATION DONE: (MAX THREADS = 1)              Mon Jul 20 22:23:40 2026  *
 *  PM7        - The PM7 Hamiltonian to be used
 *
 *
 *
 *                 CHARGE ON SYSTEM = 0
 *
 *
 *
 *  XYZ        - CARTESIAN COORDINATE SYSTEM TO BE USED
 *  1SCF       - DO 1 SCF AND THEN STOP 
 *  THREADS=1  - MULTI-THREADING NOT USED
 *  T=         - A TIME OF 172800.0 SECONDS REQUESTED
 *  DUMP=N     - RESTART FILE WRITTEN EVERY 7200.0 SECONDS REQUESTED
 *  SCFCRT     - DEFAULT SCF CRITERION REPLACED BY   0.100E-20
 *  AUX        - OUTPUT AUXILIARY INFORMATION
 *******************************************************************************
scfcrt=1.D-21 aux(precision=14 comp xp xs xw) PM7 THREADS=1 charge=0 1SCF XYZ
 Comment line 1
 Comment line 2
   ATOM   CHEMICAL          X               Y               Z
  NUMBER   SYMBOL      (ANGSTROMS)     (ANGSTROMS)     (ANGSTROMS)

     1       C         -0.00005630  *  -0.70607634  *  -0.00000000  *
     2       C         -0.00003690  *   0.70587391  *  -0.00000000  *
     3       C          1.24074583  *   1.40138317  *  -0.00000000  *
     4       C          2.42378680  *   0.70913682  *   0.00000000  *
     5       C          2.42381619  *  -0.70883405  *   0.00000000  *
     6       C          1.24096848  *  -1.40163512  *  -0.00000000  *
     7       C         -1.24099756  *  -1.40174150  *  -0.00000000  *
     8       C         -2.41876239  *  -0.70881548  *   0.00000000  *
     9       C         -2.42371878  *   0.70909206  *   0.00000000  *
    10       C         -1.24077462  *   1.40155637  *  -0.00000000  *
    11       H         -1.22998751  *  -2.48997703  *  -0.00000000  *
    12       H         -3.37751354  *  -1.23332698  *   0.00000000  *
    13       H         -3.37730958  *   1.23372919  *   0.00000000  *
    14       H         -1.22956474  *   2.48993668  *  -0.00000000  *
    15       H          1.23000951  *  -2.48997719  *  -0.00000000  *
    16       H          1.22959636  *   2.48995763  *  -0.00000000  *
    17       H          3.37266545  *  -1.23330474  *   0.00000000  *
    18       H          3.37745221  *   1.23367877  *   0.00000000  *



          CARTESIAN COORDINATES 

    NO.       ATOM           X           Y           Z

     1         C         -0.0001     -0.7061     -0.0000
     2         C         -0.0000      0.7059     -0.0000
     3         C          1.2407      1.4014     -0.0000
     4         C          2.4238      0.7091      0.0000
     5         C          2.4238     -0.7088      0.0000
     6         C          1.2410     -1.4016     -0.0000
     7         C         -1.2410     -1.4017     -0.0000
     8         C         -2.4188     -0.7088      0.0000
     9         C         -2.4237      0.7091      0.0000
    10         C         -1.2408      1.4016     -0.0000
    11         H         -1.2300     -2.4900     -0.0000
    12         H         -3.3775     -1.2333      0.0000
    13         H         -3.3773      1.2337      0.0000
    14         H         -1.2296      2.4899     -0.0000
    15         H          1.2300     -2.4900     -0.0000
    16         H          1.2296      2.4900     -0.0000
    17         H          3.3727     -1.2333      0.0000
    18         H          3.3775      1.2337      0.0000

 General Reference for PM7:
 "Optimization of Parameters for Semiempirical Methods VI: More Modifications to the 
 NDDO Approximations and Re-optimization of Parameters", J. J. P. Stewart, J. Mol. Mod., 1:32, 19 (2013)
 https://link.springer.com/article/10.1007/s00894-012-1667-x

           Empirical Formula: C10 H8  =    18 atoms



      MOLECULAR POINT GROUP   :   D2h 


      RHF CALCULATION, NO. OF DOUBLY OCCUPIED LEVELS = 24

  SCF CRITERION =    0.1000E-20


   THERE IS A RISK OF INFINITE LOOPING WITH THE SCFCRT LESS THAN 1.D-12

 -------------------------------------------------------------------------------
 scfcrt=1.D-21 aux(precision=14 comp xp xs xw) PM7 THREADS=1 charge=0 1SCF XYZ
 Comment line 1
 Comment line 2


     1SCF WAS SPECIFIED, SO BFGS WAS NOT USED                 
     SCF FIELD WAS ACHIEVED                                   


                              PM7 CALCULATION
                                                       MOPAC v23.2.5 Linux
                                                       Mon Jul 20 22:24:12 2026




          FINAL HEAT OF FORMATION =         39.73982 KCAL/MOL =     166.27143 KJ/MOL


          COSMO AREA              =        166.34 SQUARE ANGSTROMS
          COSMO VOLUME            =        165.11 CUBIC ANGSTROMS

          IONIZATION POTENTIAL    =          8.959221 EV
          HOMO LUMO ENERGIES (EV) =         -8.959 -0.542
          NO. OF FILLED LEVELS    =         24
          MOLECULAR WEIGHT        =        128.1732         POINT GROUP:  D2h 

          MOLECULAR DIMENSIONS (Angstroms)

            Atom       Atom       Distance
            H    18    H    12     7.19136
            H    15    H    14     5.52148
            H    13    C     1     0.00000


          SCF CALCULATIONS        =          1

          WALL-CLOCK TIME         =     32.719 SECONDS
          COMPUTATION TIME        =      0.080 SECONDS




   ATOM   CHEMICAL          X               Y               Z
  NUMBER   SYMBOL      (ANGSTROMS)     (ANGSTROMS)     (ANGSTROMS)

     1       C         -0.00005630  *  -0.70607634  *  -0.00000000  *
     2       C         -0.00003690  *   0.70587391  *  -0.00000000  *
     3       C          1.24074583  *   1.40138317  *  -0.00000000  *
     4       C          2.42378680  *   0.70913682  *   0.00000000  *
     5       C          2.42381619  *  -0.70883405  *   0.00000000  *
     6       C          1.24096848  *  -1.40163512  *  -0.00000000  *
     7       C         -1.24099756  *  -1.40174150  *  -0.00000000  *
     8       C         -2.41876239  *  -0.70881548  *   0.00000000  *
     9       C         -2.42371878  *   0.70909206  *   0.00000000  *
    10       C         -1.24077462  *   1.40155637  *  -0.00000000  *
    11       H         -1.22998751  *  -2.48997703  *  -0.00000000  *
    12       H         -3.37751354  *  -1.23332698  *   0.00000000  *
    13       H         -3.37730958  *   1.23372919  *   0.00000000  *
    14       H         -1.22956474  *   2.48993668  *  -0.00000000  *
    15       H          1.23000951  *  -2.48997719  *  -0.00000000  *
    16       H          1.22959636  *   2.48995763  *  -0.00000000  *
    17       H          3.37266545  *  -1.23330474  *   0.00000000  *
    18       H          3.37745221  *   1.23367877  *   0.00000000  *

                             CARTESIAN COORDINATES

   1    C       -0.000056297    -0.706076338    -0.000000003
   2    C       -0.000036902     0.705873911    -0.000000003
   3    C        1.240745829     1.401383173    -0.000000001
   4    C        2.423786798     0.709136816     0.000000002
   5    C        2.423816191    -0.708834050     0.000000003
   6    C        1.240968476    -1.401635124    -0.000000001
   7    C       -1.240997556    -1.401741497    -0.000000001
   8    C       -2.418762386    -0.708815485     0.000000002
   9    C       -2.423718775     0.709092064     0.000000003
  10    C       -1.240774618     1.401556368    -0.000000001
  11    H       -1.229987506    -2.489977026    -0.000000001
  12    H       -3.377513537    -1.233326982     0.000000005
  13    H       -3.377309583     1.233729190     0.000000005
  14    H       -1.229564744     2.489936680    -0.000000002
  15    H        1.230009514    -2.489977186    -0.000000001
  16    H        1.229596363     2.489957631    -0.000000001
  17    H        3.372665452    -1.233304744     0.000000005
  18    H        3.377452207     1.233678766     0.000000005


           Empirical Formula: C10 H8  =    18 atoms



      MOLECULAR POINT GROUP   :   D2h 


                  EIGENVALUES  
 -31.06011 -29.27980 -26.92615 -25.47214 -24.83337 -21.52906 -21.20715 -20.91481
 -17.63270 -17.00147 -16.74942 -15.04618 -14.97840 -14.19282 -14.19128 -14.12617
 -13.53272 -12.64840 -12.12843 -11.81577 -11.58934 -10.77780  -9.46887  -8.95922
  -0.54239  -0.07067   0.87155   1.75918   2.89465   3.95348   3.96253   4.63281
   4.82825   4.87206   4.95588   5.06810   5.10820   5.43155   5.72564   5.72795
   5.91629   5.93383   6.09407   6.11268   6.11963   6.15507   6.26101   6.28692


              NET ATOMIC CHARGES AND DIPOLE CONTRIBUTIONS

  ATOM NO.   TYPE          CHARGE      No. of ELECS.   s-Pop       p-Pop       
    1          C          -0.007347        4.0073     1.06335     2.94400
    2          C          -0.008025        4.0080     1.06321     2.94481
    3          C          -0.155031        4.1550     1.08529     3.06974
    4          C          -0.146037        4.1460     1.08316     3.06288
    5          C          -0.145923        4.1459     1.08254     3.06339
    6          C          -0.155158        4.1552     1.08539     3.06977
    7          C          -0.155502        4.1555     1.08438     3.07112
    8          C          -0.146497        4.1465     1.08281     3.06369
    9          C          -0.146148        4.1461     1.08330     3.06285
   10          C          -0.154927        4.1549     1.08534     3.06958
   11          H           0.153623        0.8464     0.84638
   12          H           0.152155        0.8478     0.84784
   13          H           0.151884        0.8481     0.84812
   14          H           0.153273        0.8467     0.84673
   15          H           0.153347        0.8467     0.84665
   16          H           0.153357        0.8466     0.84664
   17          H           0.151162        0.8488     0.84884
   18          H           0.151792        0.8482     0.84821
 DIPOLE           X         Y         Z       TOTAL
 POINT-CHG.    -0.016     0.002     0.000     0.016
 HYBRID         0.002     0.000    -0.000     0.002
 SUM           -0.014     0.002     0.000     0.014


          ATOMIC ORBITAL ELECTRON POPULATIONS

     Atom    s        px        py        pz   
    1  C   1.06335   0.97426   0.97982   0.98991
    2  C   1.06321   0.97434   0.97993   0.99054
    3  C   1.08529   0.98488   1.07955   1.00531
    4  C   1.08316   1.05641   1.00693   0.99953
    5  C   1.08254   1.05655   1.00706   0.99977
    6  C   1.08539   0.98495   1.07950   1.00531
    7  C   1.08438   0.98542   1.07978   1.00592
    8  C   1.08281   1.05734   1.00726   0.99908
    9  C   1.08330   1.05643   1.00681   0.99961
   10  C   1.08534   0.98502   1.07956   1.00500
   11  H   0.84638
   12  H   0.84784
   13  H   0.84812
   14  H   0.84673
   15  H   0.84665
   16  H   0.84664
   17  H   0.84884
   18  H   0.84821

 **********************
 *                    *
 * JOB ENDED NORMALLY *
 *                    *
 **********************



 TOTAL JOB TIME:            33.32 SECONDS

 == MOPAC DONE ==
