 *******************************************************************************
 **                                                                           **
 **                              MOPAC v23.2.5                                **
 **                                                                           **
 *******************************************************************************
 ** MOPAC's Digital Object Identifier: https://doi.org/10.5281/zenodo.6511958 **
 **                                                                           **
 ** Please cite the open-source release paper for use of this MOPAC version:  **
 ** J. E. Moussa and J. J. P. Stewart (2026)                                  **
 ** MOPAC: An open-source semiempirical molecular orbital program             **
 ** J. Open Source Softw., 11(119), 8025, https://doi.org/10.21105/joss.08025 **
 *******************************************************************************

                              PM7 CALCULATION RESULTS

 *******************************************************************************
 *  CALCULATION DONE: (MAX THREADS = 1)              Mon Jul 20 22:24:27 2026  *
 *  PM7        - The PM7 Hamiltonian to be used
 *
 *
 *
 *                 CHARGE ON SYSTEM = 0
 *
 *
 *
 *  XYZ        - CARTESIAN COORDINATE SYSTEM TO BE USED
 *  1SCF       - DO 1 SCF AND THEN STOP 
 *  THREADS=1  - MULTI-THREADING NOT USED
 *  T=         - A TIME OF 172800.0 SECONDS REQUESTED
 *  DUMP=N     - RESTART FILE WRITTEN EVERY 7200.0 SECONDS REQUESTED
 *  SCFCRT     - DEFAULT SCF CRITERION REPLACED BY   0.100E-20
 *  AUX        - OUTPUT AUXILIARY INFORMATION
 *******************************************************************************
scfcrt=1.D-21 aux(precision=14 comp xp xs xw) PM7 THREADS=1 charge=0 1SCF XYZ
 Comment line 1
 Comment line 2
   ATOM   CHEMICAL          X               Y               Z
  NUMBER   SYMBOL      (ANGSTROMS)     (ANGSTROMS)     (ANGSTROMS)

     1       C         -0.00005630  *  -0.70607634  *  -0.00000000  *
     2       C         -0.00003690  *   0.70587391  *  -0.00000000  *
     3       C          1.24074583  *   1.40138317  *  -0.00000000  *
     4       C          2.42378680  *   0.70913682  *   0.00000000  *
     5       C          2.42381619  *  -0.70883405  *   0.00000000  *
     6       C          1.24096848  *  -1.40163512  *  -0.00000000  *
     7       C         -1.24099756  *  -1.40174150  *  -0.00000000  *
     8       C         -2.42376239  *  -0.70881548  *   0.00000000  *
     9       C         -2.42371878  *   0.70909206  *   0.00000000  *
    10       C         -1.24077462  *   1.40655637  *  -0.00000000  *
    11       H         -1.22998751  *  -2.48997703  *  -0.00000000  *
    12       H         -3.37751354  *  -1.23332698  *   0.00000000  *
    13       H         -3.37730958  *   1.23372919  *   0.00000000  *
    14       H         -1.22956474  *   2.48993668  *  -0.00000000  *
    15       H          1.23000951  *  -2.48997719  *  -0.00000000  *
    16       H          1.22959636  *   2.48995763  *  -0.00000000  *
    17       H          3.37766545  *  -1.23830474  *   0.00000000  *
    18       H          3.37745221  *   1.23367877  *   0.00000000  *



          CARTESIAN COORDINATES 

    NO.       ATOM           X           Y           Z

     1         C         -0.0001     -0.7061     -0.0000
     2         C         -0.0000      0.7059     -0.0000
     3         C          1.2407      1.4014     -0.0000
     4         C          2.4238      0.7091      0.0000
     5         C          2.4238     -0.7088      0.0000
     6         C          1.2410     -1.4016     -0.0000
     7         C         -1.2410     -1.4017     -0.0000
     8         C         -2.4238     -0.7088      0.0000
     9         C         -2.4237      0.7091      0.0000
    10         C         -1.2408      1.4066     -0.0000
    11         H         -1.2300     -2.4900     -0.0000
    12         H         -3.3775     -1.2333      0.0000
    13         H         -3.3773      1.2337      0.0000
    14         H         -1.2296      2.4899     -0.0000
    15         H          1.2300     -2.4900     -0.0000
    16         H          1.2296      2.4900     -0.0000
    17         H          3.3777     -1.2383      0.0000
    18         H          3.3775      1.2337      0.0000

 General Reference for PM7:
 "Optimization of Parameters for Semiempirical Methods VI: More Modifications to the 
 NDDO Approximations and Re-optimization of Parameters", J. J. P. Stewart, J. Mol. Mod., 1:32, 19 (2013)
 https://link.springer.com/article/10.1007/s00894-012-1667-x

           Empirical Formula: C10 H8  =    18 atoms



      MOLECULAR POINT GROUP   :   D2h 


      RHF CALCULATION, NO. OF DOUBLY OCCUPIED LEVELS = 24

  SCF CRITERION =    0.1000E-20


   THERE IS A RISK OF INFINITE LOOPING WITH THE SCFCRT LESS THAN 1.D-12

 -------------------------------------------------------------------------------
 scfcrt=1.D-21 aux(precision=14 comp xp xs xw) PM7 THREADS=1 charge=0 1SCF XYZ
 Comment line 1
 Comment line 2


     1SCF WAS SPECIFIED, SO BFGS WAS NOT USED                 
     SCF FIELD WAS ACHIEVED                                   


                              PM7 CALCULATION
                                                       MOPAC v23.2.5 Linux
                                                       Mon Jul 20 22:24:33 2026




          FINAL HEAT OF FORMATION =         39.73403 KCAL/MOL =     166.24717 KJ/MOL


          COSMO AREA              =        166.48 SQUARE ANGSTROMS
          COSMO VOLUME            =        165.30 CUBIC ANGSTROMS

          IONIZATION POTENTIAL    =          8.949138 EV
          HOMO LUMO ENERGIES (EV) =         -8.949 -0.550
          NO. OF FILLED LEVELS    =         24
          MOLECULAR WEIGHT        =        128.1732         POINT GROUP:  D2h 

          MOLECULAR DIMENSIONS (Angstroms)

            Atom       Atom       Distance
            H    17    H    13     7.19310
            H    16    H    11     5.52189
            C     1    H    12     0.00000


          SCF CALCULATIONS        =          1

          WALL-CLOCK TIME         =      6.742 SECONDS
          COMPUTATION TIME        =      0.085 SECONDS




   ATOM   CHEMICAL          X               Y               Z
  NUMBER   SYMBOL      (ANGSTROMS)     (ANGSTROMS)     (ANGSTROMS)

     1       C         -0.00005630  *  -0.70607634  *  -0.00000000  *
     2       C         -0.00003690  *   0.70587391  *  -0.00000000  *
     3       C          1.24074583  *   1.40138317  *  -0.00000000  *
     4       C          2.42378680  *   0.70913682  *   0.00000000  *
     5       C          2.42381619  *  -0.70883405  *   0.00000000  *
     6       C          1.24096848  *  -1.40163512  *  -0.00000000  *
     7       C         -1.24099756  *  -1.40174150  *  -0.00000000  *
     8       C         -2.42376239  *  -0.70881548  *   0.00000000  *
     9       C         -2.42371878  *   0.70909206  *   0.00000000  *
    10       C         -1.24077462  *   1.40655637  *  -0.00000000  *
    11       H         -1.22998751  *  -2.48997703  *  -0.00000000  *
    12       H         -3.37751354  *  -1.23332698  *   0.00000000  *
    13       H         -3.37730958  *   1.23372919  *   0.00000000  *
    14       H         -1.22956474  *   2.48993668  *  -0.00000000  *
    15       H          1.23000951  *  -2.48997719  *  -0.00000000  *
    16       H          1.22959636  *   2.48995763  *  -0.00000000  *
    17       H          3.37766545  *  -1.23830474  *   0.00000000  *
    18       H          3.37745221  *   1.23367877  *   0.00000000  *

                             CARTESIAN COORDINATES

   1    C       -0.000056297    -0.706076338    -0.000000003
   2    C       -0.000036902     0.705873911    -0.000000003
   3    C        1.240745829     1.401383173    -0.000000001
   4    C        2.423786798     0.709136816     0.000000002
   5    C        2.423816191    -0.708834050     0.000000003
   6    C        1.240968476    -1.401635124    -0.000000001
   7    C       -1.240997556    -1.401741497    -0.000000001
   8    C       -2.423762386    -0.708815485     0.000000002
   9    C       -2.423718775     0.709092064     0.000000003
  10    C       -1.240774618     1.406556368    -0.000000001
  11    H       -1.229987506    -2.489977026    -0.000000001
  12    H       -3.377513537    -1.233326982     0.000000005
  13    H       -3.377309583     1.233729190     0.000000005
  14    H       -1.229564744     2.489936680    -0.000000002
  15    H        1.230009514    -2.489977186    -0.000000001
  16    H        1.229596363     2.489957631    -0.000000001
  17    H        3.377665452    -1.238304744     0.000000005
  18    H        3.377452207     1.233678766     0.000000005


           Empirical Formula: C10 H8  =    18 atoms



      MOLECULAR POINT GROUP   :   D2h 


                  EIGENVALUES  
 -31.03863 -29.25497 -26.91921 -25.46023 -24.81945 -21.52399 -21.19627 -20.91873
 -17.63010 -17.00011 -16.74037 -15.05600 -14.97963 -14.19459 -14.18262 -14.11875
 -13.52617 -12.65778 -12.11865 -11.80963 -11.59962 -10.76951  -9.46852  -8.94914
  -0.55023  -0.06975   0.86507   1.75488   2.89051   3.94972   3.96580   4.63774
   4.82660   4.86826   4.95797   5.05898   5.10390   5.42250   5.71587   5.73267
   5.92153   5.92671   6.09899   6.11178   6.11805   6.15119   6.26536   6.28128


              NET ATOMIC CHARGES AND DIPOLE CONTRIBUTIONS

  ATOM NO.   TYPE          CHARGE      No. of ELECS.   s-Pop       p-Pop       
    1          C          -0.007947        4.0079     1.06325     2.94469
    2          C          -0.007587        4.0076     1.06378     2.94381
    3          C          -0.155458        4.1555     1.08533     3.07012
    4          C          -0.145895        4.1459     1.08314     3.06275
    5          C          -0.146263        4.1463     1.08362     3.06264
    6          C          -0.155340        4.1553     1.08536     3.06998
    7          C          -0.154737        4.1547     1.08534     3.06940
    8          C          -0.146365        4.1464     1.08316     3.06320
    9          C          -0.145971        4.1460     1.08366     3.06231
   10          C          -0.154459        4.1545     1.08573     3.06873
   11          H           0.153324        0.8467     0.84668
   12          H           0.151822        0.8482     0.84818
   13          H           0.151502        0.8485     0.84850
   14          H           0.152859        0.8471     0.84714
   15          H           0.153310        0.8467     0.84669
   16          H           0.153413        0.8466     0.84659
   17          H           0.152043        0.8480     0.84796
   18          H           0.151748        0.8483     0.84825
 DIPOLE           X         Y         Z       TOTAL
 POINT-CHG.     0.004    -0.010     0.000     0.011
 HYBRID        -0.001     0.001    -0.000     0.001
 SUM            0.003    -0.009     0.000     0.009


          ATOMIC ORBITAL ELECTRON POPULATIONS

     Atom    s        px        py        pz   
    1  C   1.06325   0.97434   0.97980   0.99055
    2  C   1.06378   0.97422   0.97964   0.98995
    3  C   1.08533   0.98501   1.07963   1.00548
    4  C   1.08314   1.05641   1.00692   0.99942
    5  C   1.08362   1.05651   1.00684   0.99930
    6  C   1.08536   0.98492   1.07947   1.00559
    7  C   1.08534   0.98489   1.07947   1.00505
    8  C   1.08316   1.05648   1.00691   0.99982
    9  C   1.08366   1.05642   1.00666   0.99923
   10  C   1.08573   0.98468   1.07843   1.00562
   11  H   0.84668
   12  H   0.84818
   13  H   0.84850
   14  H   0.84714
   15  H   0.84669
   16  H   0.84659
   17  H   0.84796
   18  H   0.84825

 **********************
 *                    *
 * JOB ENDED NORMALLY *
 *                    *
 **********************



 TOTAL JOB TIME:             7.08 SECONDS

 == MOPAC DONE ==
