 *******************************************************************************
 **                                                                           **
 **                              MOPAC v23.2.5                                **
 **                                                                           **
 *******************************************************************************
 ** MOPAC's Digital Object Identifier: https://doi.org/10.5281/zenodo.6511958 **
 **                                                                           **
 ** Please cite the open-source release paper for use of this MOPAC version:  **
 ** J. E. Moussa and J. J. P. Stewart (2026)                                  **
 ** MOPAC: An open-source semiempirical molecular orbital program             **
 ** J. Open Source Softw., 11(119), 8025, https://doi.org/10.21105/joss.08025 **
 *******************************************************************************

                              PM7 CALCULATION RESULTS

 *******************************************************************************
 *  CALCULATION DONE: (MAX THREADS = 1)              Mon Jul 20 22:24:29 2026  *
 *  PM7        - The PM7 Hamiltonian to be used
 *
 *
 *
 *                 CHARGE ON SYSTEM = 0
 *
 *
 *
 *  XYZ        - CARTESIAN COORDINATE SYSTEM TO BE USED
 *  1SCF       - DO 1 SCF AND THEN STOP 
 *  THREADS=1  - MULTI-THREADING NOT USED
 *  T=         - A TIME OF 172800.0 SECONDS REQUESTED
 *  DUMP=N     - RESTART FILE WRITTEN EVERY 7200.0 SECONDS REQUESTED
 *  SCFCRT     - DEFAULT SCF CRITERION REPLACED BY   0.100E-20
 *  AUX        - OUTPUT AUXILIARY INFORMATION
 *******************************************************************************
scfcrt=1.D-21 aux(precision=14 comp xp xs xw) PM7 THREADS=1 charge=0 1SCF XYZ
 Comment line 1
 Comment line 2
   ATOM   CHEMICAL          X               Y               Z
  NUMBER   SYMBOL      (ANGSTROMS)     (ANGSTROMS)     (ANGSTROMS)

     1       C         -0.00005630  *  -0.70607634  *  -0.00000000  *
     2       C         -0.00003690  *   0.70587391  *  -0.00000000  *
     3       C          1.24074583  *   1.40138317  *  -0.00000000  *
     4       C          2.42378680  *   0.70913682  *   0.00000000  *
     5       C          2.42381619  *  -0.70883405  *   0.00000000  *
     6       C          1.24096848  *  -1.40163512  *  -0.00000000  *
     7       C         -1.24099756  *  -1.40174150  *  -0.00000000  *
     8       C         -2.42376239  *  -0.70881548  *   0.00000000  *
     9       C         -2.42371878  *   0.70909206  *   0.00000000  *
    10       C         -1.24577462  *   1.40155637  *  -0.00000000  *
    11       H         -1.22998751  *  -2.48997703  *  -0.00000000  *
    12       H         -3.37751354  *  -1.23332698  *   0.00000000  *
    13       H         -3.37730958  *   1.23372919  *   0.00000000  *
    14       H         -1.22956474  *   2.48993668  *  -0.00000000  *
    15       H          1.23000951  *  -2.48997719  *  -0.00000000  *
    16       H          1.22959636  *   2.48995763  *  -0.00000000  *
    17       H          3.37766545  *  -1.23330474  *   0.00000000  *
    18       H          3.37245221  *   1.23367877  *   0.00000000  *



          CARTESIAN COORDINATES 

    NO.       ATOM           X           Y           Z

     1         C         -0.0001     -0.7061     -0.0000
     2         C         -0.0000      0.7059     -0.0000
     3         C          1.2407      1.4014     -0.0000
     4         C          2.4238      0.7091      0.0000
     5         C          2.4238     -0.7088      0.0000
     6         C          1.2410     -1.4016     -0.0000
     7         C         -1.2410     -1.4017     -0.0000
     8         C         -2.4238     -0.7088      0.0000
     9         C         -2.4237      0.7091      0.0000
    10         C         -1.2458      1.4016     -0.0000
    11         H         -1.2300     -2.4900     -0.0000
    12         H         -3.3775     -1.2333      0.0000
    13         H         -3.3773      1.2337      0.0000
    14         H         -1.2296      2.4899     -0.0000
    15         H          1.2300     -2.4900     -0.0000
    16         H          1.2296      2.4900     -0.0000
    17         H          3.3777     -1.2333      0.0000
    18         H          3.3725      1.2337      0.0000

 General Reference for PM7:
 "Optimization of Parameters for Semiempirical Methods VI: More Modifications to the 
 NDDO Approximations and Re-optimization of Parameters", J. J. P. Stewart, J. Mol. Mod., 1:32, 19 (2013)
 https://link.springer.com/article/10.1007/s00894-012-1667-x

           Empirical Formula: C10 H8  =    18 atoms



      MOLECULAR POINT GROUP   :   D2h 


      RHF CALCULATION, NO. OF DOUBLY OCCUPIED LEVELS = 24

  SCF CRITERION =    0.1000E-20


   THERE IS A RISK OF INFINITE LOOPING WITH THE SCFCRT LESS THAN 1.D-12

 -------------------------------------------------------------------------------
 scfcrt=1.D-21 aux(precision=14 comp xp xs xw) PM7 THREADS=1 charge=0 1SCF XYZ
 Comment line 1
 Comment line 2


     1SCF WAS SPECIFIED, SO BFGS WAS NOT USED                 
     SCF FIELD WAS ACHIEVED                                   


                              PM7 CALCULATION
                                                       MOPAC v23.2.5 Linux
                                                       Mon Jul 20 22:24:33 2026




          FINAL HEAT OF FORMATION =         39.74127 KCAL/MOL =     166.27746 KJ/MOL


          COSMO AREA              =        166.53 SQUARE ANGSTROMS
          COSMO VOLUME            =        165.36 CUBIC ANGSTROMS

          IONIZATION POTENTIAL    =          8.961267 EV
          HOMO LUMO ENERGIES (EV) =         -8.961 -0.542
          NO. OF FILLED LEVELS    =         24
          MOLECULAR WEIGHT        =        128.1732         POINT GROUP:  D2h 

          MOLECULAR DIMENSIONS (Angstroms)

            Atom       Atom       Distance
            H    17    H    13     7.19138
            H    16    H    11     5.52150
            C     1    H    12     0.00000


          SCF CALCULATIONS        =          1

          WALL-CLOCK TIME         =      4.359 SECONDS
          COMPUTATION TIME        =      0.055 SECONDS




   ATOM   CHEMICAL          X               Y               Z
  NUMBER   SYMBOL      (ANGSTROMS)     (ANGSTROMS)     (ANGSTROMS)

     1       C         -0.00005630  *  -0.70607634  *  -0.00000000  *
     2       C         -0.00003690  *   0.70587391  *  -0.00000000  *
     3       C          1.24074583  *   1.40138317  *  -0.00000000  *
     4       C          2.42378680  *   0.70913682  *   0.00000000  *
     5       C          2.42381619  *  -0.70883405  *   0.00000000  *
     6       C          1.24096848  *  -1.40163512  *  -0.00000000  *
     7       C         -1.24099756  *  -1.40174150  *  -0.00000000  *
     8       C         -2.42376239  *  -0.70881548  *   0.00000000  *
     9       C         -2.42371878  *   0.70909206  *   0.00000000  *
    10       C         -1.24577462  *   1.40155637  *  -0.00000000  *
    11       H         -1.22998751  *  -2.48997703  *  -0.00000000  *
    12       H         -3.37751354  *  -1.23332698  *   0.00000000  *
    13       H         -3.37730958  *   1.23372919  *   0.00000000  *
    14       H         -1.22956474  *   2.48993668  *  -0.00000000  *
    15       H          1.23000951  *  -2.48997719  *  -0.00000000  *
    16       H          1.22959636  *   2.48995763  *  -0.00000000  *
    17       H          3.37766545  *  -1.23330474  *   0.00000000  *
    18       H          3.37245221  *   1.23367877  *   0.00000000  *

                             CARTESIAN COORDINATES

   1    C       -0.000056297    -0.706076338    -0.000000003
   2    C       -0.000036902     0.705873911    -0.000000003
   3    C        1.240745829     1.401383173    -0.000000001
   4    C        2.423786798     0.709136816     0.000000002
   5    C        2.423816191    -0.708834050     0.000000003
   6    C        1.240968476    -1.401635124    -0.000000001
   7    C       -1.240997556    -1.401741497    -0.000000001
   8    C       -2.423762386    -0.708815485     0.000000002
   9    C       -2.423718775     0.709092064     0.000000003
  10    C       -1.245774618     1.401556368    -0.000000001
  11    H       -1.229987506    -2.489977026    -0.000000001
  12    H       -3.377513537    -1.233326982     0.000000005
  13    H       -3.377309583     1.233729190     0.000000005
  14    H       -1.229564744     2.489936680    -0.000000002
  15    H        1.230009514    -2.489977186    -0.000000001
  16    H        1.229596363     2.489957631    -0.000000001
  17    H        3.377665452    -1.233304744     0.000000005
  18    H        3.372452207     1.233678766     0.000000005


           Empirical Formula: C10 H8  =    18 atoms



      MOLECULAR POINT GROUP   :   D2h 


                  EIGENVALUES  
 -31.04786 -29.27950 -26.91470 -25.47565 -24.83442 -21.53209 -21.20849 -20.91127
 -17.63301 -17.00917 -16.75151 -15.04348 -14.98088 -14.19010 -14.18698 -14.13044
 -13.53692 -12.65162 -12.12990 -11.81803 -11.58908 -10.77222  -9.47083  -8.96127
  -0.54242  -0.07100   0.86741   1.75795   2.89142   3.94783   3.96332   4.63178
   4.82338   4.87072   4.95541   5.06452   5.10372   5.43007   5.72395   5.73067
   5.91505   5.93835   6.09320   6.11538   6.12748   6.15493   6.26017   6.28628


              NET ATOMIC CHARGES AND DIPOLE CONTRIBUTIONS

  ATOM NO.   TYPE          CHARGE      No. of ELECS.   s-Pop       p-Pop       
    1          C          -0.007937        4.0079     1.06335     2.94459
    2          C          -0.007785        4.0078     1.06418     2.94361
    3          C          -0.155220        4.1552     1.08530     3.06992
    4          C          -0.145902        4.1459     1.08249     3.06341
    5          C          -0.146006        4.1460     1.08320     3.06280
    6          C          -0.155050        4.1550     1.08533     3.06972
    7          C          -0.155111        4.1551     1.08532     3.06980
    8          C          -0.145707        4.1457     1.08316     3.06254
    9          C          -0.146626        4.1466     1.08214     3.06448
   10          C          -0.154658        4.1547     1.08528     3.06937
   11          H           0.153340        0.8467     0.84666
   12          H           0.151725        0.8483     0.84827
   13          H           0.151881        0.8481     0.84812
   14          H           0.153345        0.8467     0.84666
   15          H           0.153353        0.8466     0.84665
   16          H           0.153369        0.8466     0.84663
   17          H           0.151791        0.8482     0.84821
   18          H           0.151196        0.8488     0.84880
 DIPOLE           X         Y         Z       TOTAL
 POINT-CHG.    -0.008    -0.002     0.000     0.008
 HYBRID         0.003     0.002    -0.000     0.004
 SUM           -0.004     0.000     0.000     0.004


          ATOMIC ORBITAL ELECTRON POPULATIONS

     Atom    s        px        py        pz   
    1  C   1.06335   0.97429   0.98004   0.99026
    2  C   1.06418   0.97384   0.97973   0.99004
    3  C   1.08530   0.98495   1.07961   1.00536
    4  C   1.08249   1.05649   1.00709   0.99983
    5  C   1.08320   1.05645   1.00690   0.99945
    6  C   1.08533   0.98485   1.07951   1.00535
    7  C   1.08532   0.98489   1.07949   1.00542
    8  C   1.08316   1.05642   1.00676   0.99936
    9  C   1.08214   1.05741   1.00722   0.99985
   10  C   1.08528   0.98482   1.07947   1.00508
   11  H   0.84666
   12  H   0.84827
   13  H   0.84812
   14  H   0.84666
   15  H   0.84665
   16  H   0.84663
   17  H   0.84821
   18  H   0.84880

 **********************
 *                    *
 * JOB ENDED NORMALLY *
 *                    *
 **********************



 TOTAL JOB TIME:             5.10 SECONDS

 == MOPAC DONE ==
