 MLCP running in serial mode
 with 128 OpenMP threads/process
 OpenACC enabled; 1 devices visible to rank 0
 ##################################################

                        _                          
                       | |                         
              _ __ ___ | | ___  _ __               
             | '_ ` _ `| |/ __`| '_ `              
             | | | | | | | |__ | |_) |             
             |_| |_| |_|_|`___/| .__/              
                               | |                 
                               |_|                 
  ------------------------------------------------ 
     Multi-Layer CP-format solver for the Time-    
    Independent Vibrational Schrodinger Equation   
  ------------------------------------------------ 
  If using this code results in publication, please
  cite as:
 
  "Using Nested Contractions and a Hierarchical
  Tensor Format to Compute Vibrational Spectra of
  Molecules with Seven Atoms,” P. S. Thomas and T.
  Carrington. J. Phys. Chem. A, 2015, 119(52),
  13074-13091. [DOI:10.1021/acs.jpca.5b10015]
   (https://doi.org/10.1021/acs.jpca.5b10015)

 ##################################################

 MLCP initialized on 21/7/26 at 1:02:00

 Setting up mode-combination module...

 ** Input vars (defaults / set in $control) **

 Hamiltonian to be set up      (system):  napht
 Path to potential constants (pes_path):  ./
 Restart file name            (resfile):  none
 PES transformation type (pe_transform):  none
 Divide out force constants  (dividefc):      T
 PE transform factor     (pe_trans_fac):  1.0000E+00
 Random seed                       (rs):  0 0 0 0 0 0 0 0 0 0 0 0 0 0 0 0 0 0 0 0 0 0 0 0 0 0 14 2 2022 20 21 13 0
 Guess max nr coupled modes (max_nmode):    -1
 Guess max sum of quanta      (max_sum):    -1
 Guess max quantum number      (max_qn):    -1
 Guess target energy          (Etarget):  0.0000E+00
 Solver activation algo    (activation):  gram
 Nr. solver activations  (nactivations):     1
 Hamiltonian term minimum cutoff (hcut):  0.0000E+00
 Printout verbosity         (verbosity):     0
 Data algorithm for OMP/ACC      (algo):    -1
 Low-memory calculation type   (lowmem):     2
 H sorting algorithm       (h_sort_alg):  pack
 Calculate spectral bounds (calcbounds):  calc
 Spectral bounds pad factor (padbounds):  0.0000E+00
 Eigensolver algorithm to use  (solver):  powr
 Solver convergence criterion (solvtol):  1.0000E-10
 Number of solver cycles       (ncycle):    20
 Number of Power iteratons       (npow):    10
 Orthogonalization algo.    (orthogalg):  gram
 Use subspace diagonalization    (diag):     T
 Rank-reduce HQ during diag. (reduceHQ):     T
 Use vector updates            (update):     T
 Gen. eigv regularization (ovrlpenalty):  0.0000E+00
 Reduction type for 2-D modes   (red2D):    SVD
 Reduction type for >2-D modes  (redND):    ALS
 Wavefunction reduced rank    (psirank):    32
 Number of ALS iterations-w.f.(psinals):    10
 Hamiltonian reduced rank       (hrank):     0
 Number of ALS iterations-H     (hnals):   200
 ALS regularization        (alspenalty):  1.0000E-10
 ALS solver algorithm  (als_linsys_alg):  LU

** Input vars specified in $node namelist  **

layer-mode='8-1' algo='1' psirank='256'

 ** Structure of multilayer CP-format tree **

 Number of DOF    :            48
 Number of layers :             8

Resort modes in Hamiltonian in this order:
         1    2   37   38   17   18   29   30    3    4    5   39   40   19   20   31   32   21   41   33    7   35    8    6   42   22   34   43   23    9   36   24
  44   25   10   45   14   26   11   46   15   27   12   16   47   28   13   48

modcomb: # prev. layer modes in current
v-layer;mode-> 
         1    2    3    4    5    6    7    8    9   10   11   12   13   14   15   16   17   18   19   20   21   22   23   24   25   26   27   28   29   30   31   32
  33   34   35   36   37   38   39   40   41   42   43   44   45   46   47   48
===== ---- ---- ---- ---- ---- ---- ---- ---- ---- ---- ---- ---- ---- ---- ---- ---- ---- ---- ---- ---- ---- ---- ---- ---- ---- ---- ---- ---- ---- ---- ---- ----
---- ---- ---- ---- ---- ---- ---- ---- ---- ---- ---- ---- ---- ---- ---- ----
   1     1    1    1    1    1    1    1    1    1    1    1    1    1    1    1    1    1    1    1    1    1    1    1    1    1    1    1    1    1    1    1    1
   1    1    1    1    1    1    1    1    1    1    1    1    1    1    1    1
   2     1    1    1    1    1    1    1    1    1    1    1    1    1    1    1    1    1    1    1    1    1    1    1    1    1    1    1    1    1    1    1    1
   1    1    1    1    1    1    1    1    1    1    1    1    1    1    1    1
   3     2    2    2    2    1    2    2    2    2    1    2    2    1    2    2    2    2    2    2    2    2    2    2    1    2    2
   4     1    1    1    1    1    1    1    1    1    1    1    1    1    1    1    1    1    1    1    1    1    1    1    1    1    1
   5     2    2    2    1    2    2    2    2    2    1    2    2    2    2
   6     1    1    2    1    2    1    1    1    1    1    1    1
   7     2    2    2    2    2    2
   8     6

gdim: number of basis functions per mode
v-layer;mode-> 
         1    2    3    4    5    6    7    8    9   10   11   12   13   14   15   16   17   18   19   20   21   22   23   24   25   26   27   28   29   30   31   32
  33   34   35   36   37   38   39   40   41   42   43   44   45   46   47   48
===== ---- ---- ---- ---- ---- ---- ---- ---- ---- ---- ---- ---- ---- ---- ---- ---- ---- ---- ---- ---- ---- ---- ---- ---- ---- ---- ---- ---- ---- ---- ---- ----
---- ---- ---- ---- ---- ---- ---- ---- ---- ---- ---- ---- ---- ---- ---- ----
   1    99   99   99   99   99   99   99   99   99   99   99   99   99   99   99   99   99   99   99   99   99   99   99   99   99   99   99   99   99   99   99   99
  99   99   99   99   99   99   99   99   99   99   99   99   99   99   99   99
   2    10   10   10   10   10   10   10   10   12   12   12   12   12   12   12   12   12   16   16   16   20   20   20   16   16   16   16   20   20   24   24   24
  24   20   20   20   20   24   24   24   24   24   24   30   30   30   32   32
   3   100  100  100  100   12  144  144  144  144   16  256  400   20  256  256  400  576  576  400  400  576  576  576   30  900 1024
   4    55   55   55   55   12   78   55   55   55   16   55   91   20   55   55   60   68   83   55   55   55   55   78   30   78  136
   5    70   70   84   55   70   84   83   70  114   83   70   70  107  300
   6    70   70  126   70  105   70  114   83   70   70  107  300
   7   495  220  286  462  495  420
   8   128

 ********************************************

 Random seed used from input file...

 Hamiltonian setup...

 --> Reading force field for: napht
     Number of DOF detected in force constant files: 0

 i =             1 ; nbas(i) =             0

ERROR: NewConfigs(): invalid basis size

