 *******************************************************************************
 **                                                                           **
 **                              MOPAC v23.2.5                                **
 **                                                                           **
 *******************************************************************************
 ** MOPAC's Digital Object Identifier: https://doi.org/10.5281/zenodo.6511958 **
 **                                                                           **
 ** Please cite the open-source release paper for use of this MOPAC version:  **
 ** J. E. Moussa and J. J. P. Stewart (2026)                                  **
 ** MOPAC: An open-source semiempirical molecular orbital program             **
 ** J. Open Source Softw., 11(119), 8025, https://doi.org/10.21105/joss.08025 **
 *******************************************************************************

                              PM7 CALCULATION RESULTS

 *******************************************************************************
 *  CALCULATION DONE: (MAX THREADS = 1)              Tue Jul 21 01:19:33 2026  *
 *  PM7        - The PM7 Hamiltonian to be used
 *
 *
 *
 *                 CHARGE ON SYSTEM = 0
 *
 *
 *
 *  XYZ        - CARTESIAN COORDINATE SYSTEM TO BE USED
 *  1SCF       - DO 1 SCF AND THEN STOP 
 *  THREADS=1  - MULTI-THREADING NOT USED
 *  T=         - A TIME OF 172800.0 SECONDS REQUESTED
 *  DUMP=N     - RESTART FILE WRITTEN EVERY 7200.0 SECONDS REQUESTED
 *  SCFCRT     - DEFAULT SCF CRITERION REPLACED BY   0.100E-20
 *  AUX        - OUTPUT AUXILIARY INFORMATION
 *******************************************************************************
scfcrt=1.D-21 aux(precision=14 comp xp xs xw) PM7 THREADS=1 charge=0 1SCF XYZ
 Comment line 1
 Comment line 2
   ATOM   CHEMICAL          X               Y               Z
  NUMBER   SYMBOL      (ANGSTROMS)     (ANGSTROMS)     (ANGSTROMS)

     1       C         -1.21429551  *  -0.71192848  *   0.00000000  *
     2       C         -1.21429769  *   0.71182882  *   0.00000000  *
     3       C          0.00023010  *  -1.40275210  *   0.00000001  *
     4       C          0.00010420  *   1.40250231  *   0.00000001  *
     5       C          1.21445535  *  -0.71180244  *   0.00000000  *
     6       C          1.21446082  *   0.71194672  *   0.00000000  *
     7       C         -2.47088156  *  -1.40531732  *  -0.00000000  *
     8       C         -3.64481039  *  -0.71447189  *  -0.00000001  *
     9       C         -3.64446112  *   0.71459767  *  -0.00000001  *
    10       C         -2.47048233  *   1.40530087  *  -0.00000000  *
    11       C          2.47061104  *  -1.40524732  *   0.00000000  *
    12       C          3.64455074  *  -0.71464652  *  -0.00000001  *
    13       C          3.64432856  *   0.71452467  *  -0.00000001  *
    14       C          2.47043539  *   1.40541477  *  -0.00000000  *
    15       H          0.00008557  *  -2.49189517  *   0.00000000  *
    16       H         -0.00013335  *   2.49175437  *   0.00000001  *
    17       H         -2.45528678  *  -2.49381197  *  -0.00000000  *
    18       H         -4.60266688  *  -1.23015815  *  -0.00000001  *
    19       H         -4.60266257  *   1.23073910  *  -0.00000001  *
    20       H         -2.45482247  *   2.49372718  *  -0.00000000  *
    21       H          2.45512621  *  -2.49356509  *  -0.00000000  *
    22       H          4.60293702  *  -1.23034844  *   0.00499999  *
    23       H          4.60295238  *   1.23052208  *  -0.00000001  *
    24       H          2.45509490  *   2.49863431  *  -0.00000000  *



          CARTESIAN COORDINATES 

    NO.       ATOM           X           Y           Z

     1         C         -1.2143     -0.7119      0.0000
     2         C         -1.2143      0.7118      0.0000
     3         C          0.0002     -1.4028      0.0000
     4         C          0.0001      1.4025      0.0000
     5         C          1.2145     -0.7118      0.0000
     6         C          1.2145      0.7119      0.0000
     7         C         -2.4709     -1.4053     -0.0000
     8         C         -3.6448     -0.7145     -0.0000
     9         C         -3.6445      0.7146     -0.0000
    10         C         -2.4705      1.4053     -0.0000
    11         C          2.4706     -1.4052      0.0000
    12         C          3.6446     -0.7146     -0.0000
    13         C          3.6443      0.7145     -0.0000
    14         C          2.4704      1.4054     -0.0000
    15         H          0.0001     -2.4919      0.0000
    16         H         -0.0001      2.4918      0.0000
    17         H         -2.4553     -2.4938     -0.0000
    18         H         -4.6027     -1.2302     -0.0000
    19         H         -4.6027      1.2307     -0.0000
    20         H         -2.4548      2.4937     -0.0000
    21         H          2.4551     -2.4936     -0.0000
    22         H          4.6029     -1.2303      0.0050
    23         H          4.6030      1.2305     -0.0000
    24         H          2.4551      2.4986     -0.0000

 General Reference for PM7:
 "Optimization of Parameters for Semiempirical Methods VI: More Modifications to the 
 NDDO Approximations and Re-optimization of Parameters", J. J. P. Stewart, J. Mol. Mod., 1:32, 19 (2013)
 https://link.springer.com/article/10.1007/s00894-012-1667-x

           Empirical Formula: C14 H10  =    24 atoms



      MOLECULAR POINT GROUP   :   D2h 


      RHF CALCULATION, NO. OF DOUBLY OCCUPIED LEVELS = 33

  SCF CRITERION =    0.1000E-20


   THERE IS A RISK OF INFINITE LOOPING WITH THE SCFCRT LESS THAN 1.D-12

 -------------------------------------------------------------------------------
 scfcrt=1.D-21 aux(precision=14 comp xp xs xw) PM7 THREADS=1 charge=0 1SCF XYZ
 Comment line 1
 Comment line 2


     1SCF WAS SPECIFIED, SO BFGS WAS NOT USED                 
     SCF FIELD WAS ACHIEVED                                   


                              PM7 CALCULATION
                                                       MOPAC v23.2.5 Linux
                                                       Tue Jul 21 01:19:34 2026




          FINAL HEAT OF FORMATION =         60.38194 KCAL/MOL =     252.63802 KJ/MOL


          COSMO AREA              =        212.60 SQUARE ANGSTROMS
          COSMO VOLUME            =        221.87 CUBIC ANGSTROMS

          IONIZATION POTENTIAL    =          8.387486 EV
          HOMO LUMO ENERGIES (EV) =         -8.387 -1.093
          NO. OF FILLED LEVELS    =         33
          MOLECULAR WEIGHT        =        178.2330         POINT GROUP:  D2h 

          MOLECULAR DIMENSIONS (Angstroms)

            Atom       Atom       Distance
            H    22    H    19     9.52891
            H    24    H    17     6.09129
            H    21    H    19     0.00461


          SCF CALCULATIONS        =          1

          WALL-CLOCK TIME         =      1.825 SECONDS
          COMPUTATION TIME        =      0.128 SECONDS




   ATOM   CHEMICAL          X               Y               Z
  NUMBER   SYMBOL      (ANGSTROMS)     (ANGSTROMS)     (ANGSTROMS)

     1       C         -1.21429551  *  -0.71192848  *   0.00000000  *
     2       C         -1.21429769  *   0.71182882  *   0.00000000  *
     3       C          0.00023010  *  -1.40275210  *   0.00000001  *
     4       C          0.00010420  *   1.40250231  *   0.00000001  *
     5       C          1.21445535  *  -0.71180244  *   0.00000000  *
     6       C          1.21446082  *   0.71194672  *   0.00000000  *
     7       C         -2.47088156  *  -1.40531732  *  -0.00000000  *
     8       C         -3.64481039  *  -0.71447189  *  -0.00000001  *
     9       C         -3.64446112  *   0.71459767  *  -0.00000001  *
    10       C         -2.47048233  *   1.40530087  *  -0.00000000  *
    11       C          2.47061104  *  -1.40524732  *   0.00000000  *
    12       C          3.64455074  *  -0.71464652  *  -0.00000001  *
    13       C          3.64432856  *   0.71452467  *  -0.00000001  *
    14       C          2.47043539  *   1.40541477  *  -0.00000000  *
    15       H          0.00008557  *  -2.49189517  *   0.00000000  *
    16       H         -0.00013335  *   2.49175437  *   0.00000001  *
    17       H         -2.45528678  *  -2.49381197  *  -0.00000000  *
    18       H         -4.60266688  *  -1.23015815  *  -0.00000001  *
    19       H         -4.60266257  *   1.23073910  *  -0.00000001  *
    20       H         -2.45482247  *   2.49372718  *  -0.00000000  *
    21       H          2.45512621  *  -2.49356509  *  -0.00000000  *
    22       H          4.60293702  *  -1.23034844  *   0.00499999  *
    23       H          4.60295238  *   1.23052208  *  -0.00000001  *
    24       H          2.45509490  *   2.49863431  *  -0.00000000  *

                             CARTESIAN COORDINATES

   1    C       -1.214295511    -0.711928476     0.000000003
   2    C       -1.214297691     0.711828821     0.000000005
   3    C        0.000230096    -1.402752101     0.000000007
   4    C        0.000104201     1.402502310     0.000000006
   5    C        1.214455347    -0.711802442     0.000000002
   6    C        1.214460823     0.711946720     0.000000005
   7    C       -2.470881562    -1.405317323    -0.000000000
   8    C       -3.644810387    -0.714471887    -0.000000006
   9    C       -3.644461119     0.714597668    -0.000000006
  10    C       -2.470482333     1.405300869    -0.000000000
  11    C        2.470611038    -1.405247322     0.000000001
  12    C        3.644550744    -0.714646520    -0.000000007
  13    C        3.644328560     0.714524675    -0.000000005
  14    C        2.470435386     1.405414766    -0.000000001
  15    H        0.000085569    -2.491895167     0.000000005
  16    H       -0.000133346     2.491754370     0.000000005
  17    H       -2.455286784    -2.493811975    -0.000000001
  18    H       -4.602666880    -1.230158150    -0.000000009
  19    H       -4.602662572     1.230739101    -0.000000009
  20    H       -2.454822468     2.493727182    -0.000000001
  21    H        2.455126209    -2.493565094    -0.000000001
  22    H        4.602937021    -1.230348435     0.004999991
  23    H        4.602952383     1.230522076    -0.000000009
  24    H        2.455094896     2.498634309    -0.000000001


           Empirical Formula: C14 H10  =    24 atoms



      MOLECULAR POINT GROUP   :   D2h 


                  EIGENVALUES  
 -31.27535 -30.28397 -28.48608 -27.34425 -26.11618 -25.29753 -24.19212 -22.17777
 -21.36625 -21.19322 -20.30330 -17.99904 -17.79719 -17.16763 -15.58618 -15.49330
 -15.16291 -15.15464 -14.52061 -14.31692 -14.11286 -13.80482 -13.24866 -13.15224
 -12.87935 -12.04954 -11.76273 -11.47996 -11.33985 -11.19133 -10.00013  -9.28253
  -8.38749  -1.09250  -0.25039   0.29630   1.12327   1.22818   2.31903   3.00267
   3.74157   3.75268   4.25430   4.30240   4.67533   4.72271   4.81927   4.84865
   4.89991   5.12148   5.15284   5.34451   5.42439   5.53355   5.79043   5.84052
   5.88023   5.91898   5.94601   6.05756   6.09679   6.12415   6.14912   6.17842
   6.20049   6.25979


              NET ATOMIC CHARGES AND DIPOLE CONTRIBUTIONS

  ATOM NO.   TYPE          CHARGE      No. of ELECS.   s-Pop       p-Pop       
    1          C          -0.003257        4.0033     1.06229     2.94097
    2          C          -0.003314        4.0033     1.06218     2.94113
    3          C          -0.168837        4.1688     1.08614     3.08270
    4          C          -0.168835        4.1688     1.08610     3.08274
    5          C          -0.003157        4.0032     1.06217     2.94099
    6          C          -0.003325        4.0033     1.06212     2.94121
    7          C          -0.148470        4.1485     1.08524     3.06323
    8          C          -0.145722        4.1457     1.08349     3.06223
    9          C          -0.145693        4.1457     1.08356     3.06213
   10          C          -0.148571        4.1486     1.08515     3.06342
   11          C          -0.148738        4.1487     1.08509     3.06365
   12          C          -0.145567        4.1456     1.08358     3.06198
   13          C          -0.146034        4.1460     1.08361     3.06242
   14          C          -0.148651        4.1487     1.08590     3.06275
   15          H           0.158956        0.8410     0.84104
   16          H           0.158910        0.8411     0.84109
   17          H           0.152947        0.8471     0.84705
   18          H           0.149437        0.8506     0.85056
   19          H           0.149478        0.8505     0.85052
   20          H           0.152941        0.8471     0.84706
   21          H           0.152941        0.8471     0.84706
   22          H           0.149481        0.8505     0.85052
   23          H           0.149486        0.8505     0.85051
   24          H           0.153595        0.8464     0.84641
 DIPOLE           X         Y         Z       TOTAL
 POINT-CHG.     0.003     0.009     0.004     0.010
 HYBRID        -0.000    -0.002     0.000     0.002
 SUM            0.002     0.007     0.004     0.009


          ATOMIC ORBITAL ELECTRON POPULATIONS

     Atom    s        px        py        pz   
    1  C   1.06229   0.97400   0.97780   0.98917
    2  C   1.06218   0.97406   0.97785   0.98923
    3  C   1.08614   0.98286   1.08430   1.01554
    4  C   1.08610   0.98290   1.08432   1.01552
    5  C   1.06217   0.97406   0.97779   0.98914
    6  C   1.06212   0.97412   0.97784   0.98925
    7  C   1.08524   0.98125   1.07781   1.00417
    8  C   1.08349   1.05768   1.00566   0.99889
    9  C   1.08356   1.05766   1.00567   0.99880
   10  C   1.08515   0.98130   1.07783   1.00429
   11  C   1.08509   0.98133   1.07787   1.00444
   12  C   1.08358   1.05765   1.00565   0.99868
   13  C   1.08361   1.05770   1.00565   0.99907
   14  C   1.08590   0.98118   1.07776   1.00381
   15  H   0.84104
   16  H   0.84109
   17  H   0.84705
   18  H   0.85056
   19  H   0.85052
   20  H   0.84706
   21  H   0.84706
   22  H   0.85052
   23  H   0.85051
   24  H   0.84641

 **********************
 *                    *
 * JOB ENDED NORMALLY *
 *                    *
 **********************



 TOTAL JOB TIME:             1.90 SECONDS

 == MOPAC DONE ==
