 *******************************************************************************
 **                                                                           **
 **                              MOPAC v23.2.5                                **
 **                                                                           **
 *******************************************************************************
 ** MOPAC's Digital Object Identifier: https://doi.org/10.5281/zenodo.6511958 **
 **                                                                           **
 ** Please cite the open-source release paper for use of this MOPAC version:  **
 ** J. E. Moussa and J. J. P. Stewart (2026)                                  **
 ** MOPAC: An open-source semiempirical molecular orbital program             **
 ** J. Open Source Softw., 11(119), 8025, https://doi.org/10.21105/joss.08025 **
 *******************************************************************************

                              PM7 CALCULATION RESULTS

 *******************************************************************************
 *  CALCULATION DONE: (MAX THREADS = 1)              Tue Jul 21 01:18:33 2026  *
 *  PM7        - The PM7 Hamiltonian to be used
 *
 *
 *
 *                 CHARGE ON SYSTEM = 0
 *
 *
 *
 *  XYZ        - CARTESIAN COORDINATE SYSTEM TO BE USED
 *  1SCF       - DO 1 SCF AND THEN STOP 
 *  THREADS=1  - MULTI-THREADING NOT USED
 *  T=         - A TIME OF 172800.0 SECONDS REQUESTED
 *  DUMP=N     - RESTART FILE WRITTEN EVERY 7200.0 SECONDS REQUESTED
 *  SCFCRT     - DEFAULT SCF CRITERION REPLACED BY   0.100E-20
 *  AUX        - OUTPUT AUXILIARY INFORMATION
 *******************************************************************************
scfcrt=1.D-21 aux(precision=14 comp xp xs xw) PM7 THREADS=1 charge=0 1SCF XYZ
 Comment line 1
 Comment line 2
   ATOM   CHEMICAL          X               Y               Z
  NUMBER   SYMBOL      (ANGSTROMS)     (ANGSTROMS)     (ANGSTROMS)

     1       C         -1.21429551  *  -0.71192848  *   0.00000000  *
     2       C         -1.21429769  *   0.71182882  *   0.00000000  *
     3       C          0.00023010  *  -1.40275210  *   0.00000001  *
     4       C          0.00010420  *   1.40250231  *   0.00000001  *
     5       C          1.21445535  *  -0.71180244  *   0.00000000  *
     6       C          1.21446082  *   0.71194672  *   0.00000000  *
     7       C         -2.47088156  *  -1.40531732  *  -0.00000000  *
     8       C         -3.64481039  *  -0.71447189  *  -0.00000001  *
     9       C         -3.64446112  *   0.71459767  *  -0.00000001  *
    10       C         -2.47048233  *   1.40530087  *  -0.00000000  *
    11       C          2.47061104  *  -1.40524732  *   0.00000000  *
    12       C          3.64455074  *  -0.71464652  *  -0.00000001  *
    13       C          3.64432856  *   0.71452467  *  -0.00000001  *
    14       C          2.47543539  *   1.40541477  *  -0.00000000  *
    15       H          0.00008557  *  -2.49189517  *   0.00000000  *
    16       H         -0.00013335  *   2.49175437  *   0.00000001  *
    17       H         -2.45528678  *  -2.49381197  *  -0.00000000  *
    18       H         -4.60266688  *  -1.23015815  *  -0.00000001  *
    19       H         -4.60266257  *   1.23073910  *  -0.00000001  *
    20       H         -2.45482247  *   2.49372718  *  -0.00000000  *
    21       H          2.45512621  *  -2.49356509  *  -0.00000000  *
    22       H          4.60293702  *  -1.23034844  *  -0.00000001  *
    23       H          4.60295238  *   1.23052208  *  -0.00000001  *
    24       H          2.45009490  *   2.49363431  *  -0.00000000  *



          CARTESIAN COORDINATES 

    NO.       ATOM           X           Y           Z

     1         C         -1.2143     -0.7119      0.0000
     2         C         -1.2143      0.7118      0.0000
     3         C          0.0002     -1.4028      0.0000
     4         C          0.0001      1.4025      0.0000
     5         C          1.2145     -0.7118      0.0000
     6         C          1.2145      0.7119      0.0000
     7         C         -2.4709     -1.4053     -0.0000
     8         C         -3.6448     -0.7145     -0.0000
     9         C         -3.6445      0.7146     -0.0000
    10         C         -2.4705      1.4053     -0.0000
    11         C          2.4706     -1.4052      0.0000
    12         C          3.6446     -0.7146     -0.0000
    13         C          3.6443      0.7145     -0.0000
    14         C          2.4754      1.4054     -0.0000
    15         H          0.0001     -2.4919      0.0000
    16         H         -0.0001      2.4918      0.0000
    17         H         -2.4553     -2.4938     -0.0000
    18         H         -4.6027     -1.2302     -0.0000
    19         H         -4.6027      1.2307     -0.0000
    20         H         -2.4548      2.4937     -0.0000
    21         H          2.4551     -2.4936     -0.0000
    22         H          4.6029     -1.2303     -0.0000
    23         H          4.6030      1.2305     -0.0000
    24         H          2.4501      2.4936     -0.0000

 General Reference for PM7:
 "Optimization of Parameters for Semiempirical Methods VI: More Modifications to the 
 NDDO Approximations and Re-optimization of Parameters", J. J. P. Stewart, J. Mol. Mod., 1:32, 19 (2013)
 https://link.springer.com/article/10.1007/s00894-012-1667-x

           Empirical Formula: C14 H10  =    24 atoms



      MOLECULAR POINT GROUP   :   D2h 


      RHF CALCULATION, NO. OF DOUBLY OCCUPIED LEVELS = 33

  SCF CRITERION =    0.1000E-20


   THERE IS A RISK OF INFINITE LOOPING WITH THE SCFCRT LESS THAN 1.D-12

 -------------------------------------------------------------------------------
 scfcrt=1.D-21 aux(precision=14 comp xp xs xw) PM7 THREADS=1 charge=0 1SCF XYZ
 Comment line 1
 Comment line 2


     1SCF WAS SPECIFIED, SO BFGS WAS NOT USED                 
     SCF FIELD WAS ACHIEVED                                   


                              PM7 CALCULATION
                                                       MOPAC v23.2.5 Linux
                                                       Tue Jul 21 01:19:13 2026




          FINAL HEAT OF FORMATION =         60.39807 KCAL/MOL =     252.70551 KJ/MOL


          COSMO AREA              =        212.82 SQUARE ANGSTROMS
          COSMO VOLUME            =        222.16 CUBIC ANGSTROMS

          IONIZATION POTENTIAL    =          8.395803 EV
          HOMO LUMO ENERGIES (EV) =         -8.396 -1.087
          NO. OF FILLED LEVELS    =         33
          MOLECULAR WEIGHT        =        178.2330         POINT GROUP:  D2h 

          MOLECULAR DIMENSIONS (Angstroms)

            Atom       Atom       Distance
            H    22    H    19     9.52890
            H    24    H    17     6.08517
            H    23    C     3     0.00000


          SCF CALCULATIONS        =          1

          WALL-CLOCK TIME         =     39.932 SECONDS
          COMPUTATION TIME        =      0.117 SECONDS




   ATOM   CHEMICAL          X               Y               Z
  NUMBER   SYMBOL      (ANGSTROMS)     (ANGSTROMS)     (ANGSTROMS)

     1       C         -1.21429551  *  -0.71192848  *   0.00000000  *
     2       C         -1.21429769  *   0.71182882  *   0.00000000  *
     3       C          0.00023010  *  -1.40275210  *   0.00000001  *
     4       C          0.00010420  *   1.40250231  *   0.00000001  *
     5       C          1.21445535  *  -0.71180244  *   0.00000000  *
     6       C          1.21446082  *   0.71194672  *   0.00000000  *
     7       C         -2.47088156  *  -1.40531732  *  -0.00000000  *
     8       C         -3.64481039  *  -0.71447189  *  -0.00000001  *
     9       C         -3.64446112  *   0.71459767  *  -0.00000001  *
    10       C         -2.47048233  *   1.40530087  *  -0.00000000  *
    11       C          2.47061104  *  -1.40524732  *   0.00000000  *
    12       C          3.64455074  *  -0.71464652  *  -0.00000001  *
    13       C          3.64432856  *   0.71452467  *  -0.00000001  *
    14       C          2.47543539  *   1.40541477  *  -0.00000000  *
    15       H          0.00008557  *  -2.49189517  *   0.00000000  *
    16       H         -0.00013335  *   2.49175437  *   0.00000001  *
    17       H         -2.45528678  *  -2.49381197  *  -0.00000000  *
    18       H         -4.60266688  *  -1.23015815  *  -0.00000001  *
    19       H         -4.60266257  *   1.23073910  *  -0.00000001  *
    20       H         -2.45482247  *   2.49372718  *  -0.00000000  *
    21       H          2.45512621  *  -2.49356509  *  -0.00000000  *
    22       H          4.60293702  *  -1.23034844  *  -0.00000001  *
    23       H          4.60295238  *   1.23052208  *  -0.00000001  *
    24       H          2.45009490  *   2.49363431  *  -0.00000000  *

                             CARTESIAN COORDINATES

   1    C       -1.214295511    -0.711928476     0.000000003
   2    C       -1.214297691     0.711828821     0.000000005
   3    C        0.000230096    -1.402752101     0.000000007
   4    C        0.000104201     1.402502310     0.000000006
   5    C        1.214455347    -0.711802442     0.000000002
   6    C        1.214460823     0.711946720     0.000000005
   7    C       -2.470881562    -1.405317323    -0.000000000
   8    C       -3.644810387    -0.714471887    -0.000000006
   9    C       -3.644461119     0.714597668    -0.000000006
  10    C       -2.470482333     1.405300869    -0.000000000
  11    C        2.470611038    -1.405247322     0.000000001
  12    C        3.644550744    -0.714646520    -0.000000007
  13    C        3.644328560     0.714524675    -0.000000005
  14    C        2.475435386     1.405414766    -0.000000001
  15    H        0.000085569    -2.491895167     0.000000005
  16    H       -0.000133346     2.491754370     0.000000005
  17    H       -2.455286784    -2.493811975    -0.000000001
  18    H       -4.602666880    -1.230158150    -0.000000009
  19    H       -4.602662572     1.230739101    -0.000000009
  20    H       -2.454822468     2.493727182    -0.000000001
  21    H        2.455126209    -2.493565094    -0.000000001
  22    H        4.602937021    -1.230348435    -0.000000009
  23    H        4.602952383     1.230522076    -0.000000009
  24    H        2.450094896     2.493634309    -0.000000001


           Empirical Formula: C14 H10  =    24 atoms



      MOLECULAR POINT GROUP   :   D2h 


                  EIGENVALUES  
 -31.27440 -30.28839 -28.49384 -27.34472 -26.12330 -25.29740 -24.20176 -22.17853
 -21.36754 -21.19535 -20.30990 -18.00145 -17.79931 -17.17095 -15.58994 -15.49775
 -15.16465 -15.15528 -14.51965 -14.32051 -14.11616 -13.80770 -13.25096 -13.15447
 -12.87824 -12.05010 -11.76184 -11.47880 -11.34666 -11.19021 -10.00361  -9.28373
  -8.39580  -1.08746  -0.25001   0.29696   1.12121   1.23114   2.31858   3.00134
   3.73731   3.75130   4.25228   4.29602   4.67330   4.72190   4.81844   4.84941
   4.89744   5.12054   5.14973   5.34579   5.42502   5.53576   5.79550   5.84433
   5.88539   5.91981   5.94747   6.06037   6.10111   6.12674   6.15109   6.18014
   6.20126   6.25996


              NET ATOMIC CHARGES AND DIPOLE CONTRIBUTIONS

  ATOM NO.   TYPE          CHARGE      No. of ELECS.   s-Pop       p-Pop       
    1          C          -0.003476        4.0035     1.06227     2.94120
    2          C          -0.003075        4.0031     1.06218     2.94090
    3          C          -0.168614        4.1686     1.08616     3.08245
    4          C          -0.169266        4.1693     1.08604     3.08323
    5          C          -0.003635        4.0036     1.06219     2.94144
    6          C          -0.003320        4.0033     1.06313     2.94019
    7          C          -0.148392        4.1484     1.08524     3.06315
    8          C          -0.145788        4.1458     1.08349     3.06230
    9          C          -0.145605        4.1456     1.08357     3.06204
   10          C          -0.148637        4.1486     1.08515     3.06349
   11          C          -0.148526        4.1485     1.08512     3.06341
   12          C          -0.145370        4.1454     1.08352     3.06185
   13          C          -0.145973        4.1460     1.08254     3.06343
   14          C          -0.148164        4.1482     1.08511     3.06305
   15          H           0.158940        0.8411     0.84106
   16          H           0.158939        0.8411     0.84106
   17          H           0.152942        0.8471     0.84706
   18          H           0.149452        0.8505     0.85055
   19          H           0.149485        0.8505     0.85051
   20          H           0.152962        0.8470     0.84704
   21          H           0.152937        0.8471     0.84706
   22          H           0.149506        0.8505     0.85049
   23          H           0.149673        0.8503     0.85033
   24          H           0.153005        0.8470     0.84700
 DIPOLE           X         Y         Z       TOTAL
 POINT-CHG.     0.002     0.000    -0.000     0.002
 HYBRID        -0.004     0.000    -0.000     0.004
 SUM           -0.002     0.000    -0.000     0.002


          ATOMIC ORBITAL ELECTRON POPULATIONS

     Atom    s        px        py        pz   
    1  C   1.06227   0.97402   0.97782   0.98936
    2  C   1.06218   0.97401   0.97781   0.98908
    3  C   1.08616   0.98286   1.08429   1.01530
    4  C   1.08604   0.98294   1.08441   1.01589
    5  C   1.06219   0.97407   0.97802   0.98936
    6  C   1.06313   0.97372   0.97768   0.98879
    7  C   1.08524   0.98124   1.07780   1.00411
    8  C   1.08349   1.05768   1.00567   0.99895
    9  C   1.08357   1.05766   1.00566   0.99871
   10  C   1.08515   0.98129   1.07784   1.00436
   11  C   1.08512   0.98134   1.07786   1.00422
   12  C   1.08352   1.05765   1.00538   0.99881
   13  C   1.08254   1.05861   1.00580   0.99902
   14  C   1.08511   0.98121   1.07779   1.00404
   15  H   0.84106
   16  H   0.84106
   17  H   0.84706
   18  H   0.85055
   19  H   0.85051
   20  H   0.84704
   21  H   0.84706
   22  H   0.85049
   23  H   0.85033
   24  H   0.84700

 **********************
 *                    *
 * JOB ENDED NORMALLY *
 *                    *
 **********************



 TOTAL JOB TIME:            40.24 SECONDS

 == MOPAC DONE ==
