 *******************************************************************************
 **                                                                           **
 **                              MOPAC v23.2.5                                **
 **                                                                           **
 *******************************************************************************
 ** MOPAC's Digital Object Identifier: https://doi.org/10.5281/zenodo.6511958 **
 **                                                                           **
 ** Please cite the open-source release paper for use of this MOPAC version:  **
 ** J. E. Moussa and J. J. P. Stewart (2026)                                  **
 ** MOPAC: An open-source semiempirical molecular orbital program             **
 ** J. Open Source Softw., 11(119), 8025, https://doi.org/10.21105/joss.08025 **
 *******************************************************************************

                              PM7 CALCULATION RESULTS

 *******************************************************************************
 *  CALCULATION DONE: (MAX THREADS = 1)              Tue Jul 21 01:19:33 2026  *
 *  PM7        - The PM7 Hamiltonian to be used
 *
 *
 *
 *                 CHARGE ON SYSTEM = 0
 *
 *
 *
 *  XYZ        - CARTESIAN COORDINATE SYSTEM TO BE USED
 *  1SCF       - DO 1 SCF AND THEN STOP 
 *  THREADS=1  - MULTI-THREADING NOT USED
 *  T=         - A TIME OF 172800.0 SECONDS REQUESTED
 *  DUMP=N     - RESTART FILE WRITTEN EVERY 7200.0 SECONDS REQUESTED
 *  SCFCRT     - DEFAULT SCF CRITERION REPLACED BY   0.100E-20
 *  AUX        - OUTPUT AUXILIARY INFORMATION
 *******************************************************************************
scfcrt=1.D-21 aux(precision=14 comp xp xs xw) PM7 THREADS=1 charge=0 1SCF XYZ
 Comment line 1
 Comment line 2
   ATOM   CHEMICAL          X               Y               Z
  NUMBER   SYMBOL      (ANGSTROMS)     (ANGSTROMS)     (ANGSTROMS)

     1       C         -1.20929551  *  -0.71192848  *   0.00000000  *
     2       C         -1.21429769  *   0.71182882  *   0.00000000  *
     3       C          0.00023010  *  -1.40275210  *   0.00000001  *
     4       C          0.00010420  *   1.40250231  *   0.00000001  *
     5       C          1.21445535  *  -0.71180244  *   0.00000000  *
     6       C          1.21446082  *   0.71194672  *   0.00000000  *
     7       C         -2.47088156  *  -1.40531732  *  -0.00000000  *
     8       C         -3.64481039  *  -0.71447189  *  -0.00000001  *
     9       C         -3.64446112  *   0.71459767  *  -0.00000001  *
    10       C         -2.47048233  *   1.40530087  *  -0.00000000  *
    11       C          2.47061104  *  -1.40524732  *   0.00000000  *
    12       C          3.64455074  *  -0.71464652  *  -0.00000001  *
    13       C          3.64432856  *   0.71452467  *  -0.00000001  *
    14       C          2.47043539  *   1.40541477  *  -0.00000000  *
    15       H          0.00008557  *  -2.49189517  *   0.00000000  *
    16       H         -0.00013335  *   2.49175437  *   0.00000001  *
    17       H         -2.45528678  *  -2.49381197  *  -0.00000000  *
    18       H         -4.60266688  *  -1.23015815  *  -0.00000001  *
    19       H         -4.60266257  *   1.23073910  *  -0.00000001  *
    20       H         -2.45482247  *   2.49372718  *  -0.00000000  *
    21       H          2.45512621  *  -2.49356509  *  -0.00000000  *
    22       H          4.60293702  *  -1.23034844  *  -0.00000001  *
    23       H          4.60295238  *   1.23052208  *  -0.00000001  *
    24       H          2.45509490  *   2.49363431  *  -0.00500000  *



          CARTESIAN COORDINATES 

    NO.       ATOM           X           Y           Z

     1         C         -1.2093     -0.7119      0.0000
     2         C         -1.2143      0.7118      0.0000
     3         C          0.0002     -1.4028      0.0000
     4         C          0.0001      1.4025      0.0000
     5         C          1.2145     -0.7118      0.0000
     6         C          1.2145      0.7119      0.0000
     7         C         -2.4709     -1.4053     -0.0000
     8         C         -3.6448     -0.7145     -0.0000
     9         C         -3.6445      0.7146     -0.0000
    10         C         -2.4705      1.4053     -0.0000
    11         C          2.4706     -1.4052      0.0000
    12         C          3.6446     -0.7146     -0.0000
    13         C          3.6443      0.7145     -0.0000
    14         C          2.4704      1.4054     -0.0000
    15         H          0.0001     -2.4919      0.0000
    16         H         -0.0001      2.4918      0.0000
    17         H         -2.4553     -2.4938     -0.0000
    18         H         -4.6027     -1.2302     -0.0000
    19         H         -4.6027      1.2307     -0.0000
    20         H         -2.4548      2.4937     -0.0000
    21         H          2.4551     -2.4936     -0.0000
    22         H          4.6029     -1.2303     -0.0000
    23         H          4.6030      1.2305     -0.0000
    24         H          2.4551      2.4936     -0.0050

 General Reference for PM7:
 "Optimization of Parameters for Semiempirical Methods VI: More Modifications to the 
 NDDO Approximations and Re-optimization of Parameters", J. J. P. Stewart, J. Mol. Mod., 1:32, 19 (2013)
 https://link.springer.com/article/10.1007/s00894-012-1667-x

           Empirical Formula: C14 H10  =    24 atoms



      MOLECULAR POINT GROUP   :   D2h 


      RHF CALCULATION, NO. OF DOUBLY OCCUPIED LEVELS = 33

  SCF CRITERION =    0.1000E-20


   THERE IS A RISK OF INFINITE LOOPING WITH THE SCFCRT LESS THAN 1.D-12

 -------------------------------------------------------------------------------
 scfcrt=1.D-21 aux(precision=14 comp xp xs xw) PM7 THREADS=1 charge=0 1SCF XYZ
 Comment line 1
 Comment line 2


     1SCF WAS SPECIFIED, SO BFGS WAS NOT USED                 
     SCF FIELD WAS ACHIEVED                                   


                              PM7 CALCULATION
                                                       MOPAC v23.2.5 Linux
                                                       Tue Jul 21 01:19:35 2026




          FINAL HEAT OF FORMATION =         60.39665 KCAL/MOL =     252.69959 KJ/MOL


          COSMO AREA              =        212.72 SQUARE ANGSTROMS
          COSMO VOLUME            =        222.03 CUBIC ANGSTROMS

          IONIZATION POTENTIAL    =          8.393785 EV
          HOMO LUMO ENERGIES (EV) =         -8.394 -1.089
          NO. OF FILLED LEVELS    =         33
          MOLECULAR WEIGHT        =        178.2330         POINT GROUP:  D2h 

          MOLECULAR DIMENSIONS (Angstroms)

            Atom       Atom       Distance
            H    22    H    19     9.52890
            H    24    H    17     6.08646
            H    24    H    16     0.00448


          SCF CALCULATIONS        =          1

          WALL-CLOCK TIME         =      1.624 SECONDS
          COMPUTATION TIME        =      0.129 SECONDS




   ATOM   CHEMICAL          X               Y               Z
  NUMBER   SYMBOL      (ANGSTROMS)     (ANGSTROMS)     (ANGSTROMS)

     1       C         -1.20929551  *  -0.71192848  *   0.00000000  *
     2       C         -1.21429769  *   0.71182882  *   0.00000000  *
     3       C          0.00023010  *  -1.40275210  *   0.00000001  *
     4       C          0.00010420  *   1.40250231  *   0.00000001  *
     5       C          1.21445535  *  -0.71180244  *   0.00000000  *
     6       C          1.21446082  *   0.71194672  *   0.00000000  *
     7       C         -2.47088156  *  -1.40531732  *  -0.00000000  *
     8       C         -3.64481039  *  -0.71447189  *  -0.00000001  *
     9       C         -3.64446112  *   0.71459767  *  -0.00000001  *
    10       C         -2.47048233  *   1.40530087  *  -0.00000000  *
    11       C          2.47061104  *  -1.40524732  *   0.00000000  *
    12       C          3.64455074  *  -0.71464652  *  -0.00000001  *
    13       C          3.64432856  *   0.71452467  *  -0.00000001  *
    14       C          2.47043539  *   1.40541477  *  -0.00000000  *
    15       H          0.00008557  *  -2.49189517  *   0.00000000  *
    16       H         -0.00013335  *   2.49175437  *   0.00000001  *
    17       H         -2.45528678  *  -2.49381197  *  -0.00000000  *
    18       H         -4.60266688  *  -1.23015815  *  -0.00000001  *
    19       H         -4.60266257  *   1.23073910  *  -0.00000001  *
    20       H         -2.45482247  *   2.49372718  *  -0.00000000  *
    21       H          2.45512621  *  -2.49356509  *  -0.00000000  *
    22       H          4.60293702  *  -1.23034844  *  -0.00000001  *
    23       H          4.60295238  *   1.23052208  *  -0.00000001  *
    24       H          2.45509490  *   2.49363431  *  -0.00500000  *

                             CARTESIAN COORDINATES

   1    C       -1.209295511    -0.711928476     0.000000003
   2    C       -1.214297691     0.711828821     0.000000005
   3    C        0.000230096    -1.402752101     0.000000007
   4    C        0.000104201     1.402502310     0.000000006
   5    C        1.214455347    -0.711802442     0.000000002
   6    C        1.214460823     0.711946720     0.000000005
   7    C       -2.470881562    -1.405317323    -0.000000000
   8    C       -3.644810387    -0.714471887    -0.000000006
   9    C       -3.644461119     0.714597668    -0.000000006
  10    C       -2.470482333     1.405300869    -0.000000000
  11    C        2.470611038    -1.405247322     0.000000001
  12    C        3.644550744    -0.714646520    -0.000000007
  13    C        3.644328560     0.714524675    -0.000000005
  14    C        2.470435386     1.405414766    -0.000000001
  15    H        0.000085569    -2.491895167     0.000000005
  16    H       -0.000133346     2.491754370     0.000000005
  17    H       -2.455286784    -2.493811975    -0.000000001
  18    H       -4.602666880    -1.230158150    -0.000000009
  19    H       -4.602662572     1.230739101    -0.000000009
  20    H       -2.454822468     2.493727182    -0.000000001
  21    H        2.455126209    -2.493565094    -0.000000001
  22    H        4.602937021    -1.230348435    -0.000000009
  23    H        4.602952383     1.230522076    -0.000000009
  24    H        2.455094896     2.493634309    -0.005000001


           Empirical Formula: C14 H10  =    24 atoms



      MOLECULAR POINT GROUP   :   D2h 


                  EIGENVALUES  
 -31.28295 -30.27857 -28.49394 -27.35209 -26.11638 -25.29779 -24.20014 -22.17894
 -21.36755 -21.19825 -20.30764 -17.99799 -17.79801 -17.17266 -15.58829 -15.50055
 -15.16690 -15.15454 -14.52366 -14.31621 -14.11690 -13.80702 -13.24941 -13.14894
 -12.88027 -12.05177 -11.76271 -11.48051 -11.34540 -11.19388  -9.99797  -9.28355
  -8.39379  -1.08915  -0.25060   0.29408   1.12266   1.23034   2.31652   3.00232
   3.73616   3.75394   4.25405   4.29682   4.67396   4.72085   4.81803   4.85304
   4.89671   5.12301   5.15208   5.34221   5.42491   5.53820   5.79411   5.84021
   5.88456   5.92121   5.94655   6.06068   6.10107   6.12635   6.15076   6.18049
   6.20087   6.25976


              NET ATOMIC CHARGES AND DIPOLE CONTRIBUTIONS

  ATOM NO.   TYPE          CHARGE      No. of ELECS.   s-Pop       p-Pop       
    1          C          -0.003188        4.0032     1.06228     2.94091
    2          C          -0.003326        4.0033     1.06219     2.94114
    3          C          -0.169525        4.1695     1.08519     3.08433
    4          C          -0.168613        4.1686     1.08618     3.08243
    5          C          -0.002723        4.0027     1.06217     2.94055
    6          C          -0.003640        4.0036     1.06210     2.94154
    7          C          -0.147752        4.1478     1.08617     3.06158
    8          C          -0.146372        4.1464     1.08348     3.06289
    9          C          -0.145322        4.1453     1.08357     3.06176
   10          C          -0.148678        4.1487     1.08508     3.06360
   11          C          -0.148705        4.1487     1.08512     3.06359
   12          C          -0.145589        4.1456     1.08359     3.06200
   13          C          -0.145835        4.1458     1.08363     3.06220
   14          C          -0.148432        4.1484     1.08509     3.06334
   15          H           0.159313        0.8407     0.84069
   16          H           0.158902        0.8411     0.84110
   17          H           0.152609        0.8474     0.84739
   18          H           0.149508        0.8505     0.85049
   19          H           0.149454        0.8505     0.85055
   20          H           0.153007        0.8470     0.84699
   21          H           0.152956        0.8470     0.84704
   22          H           0.149493        0.8505     0.85051
   23          H           0.149519        0.8505     0.85048
   24          H           0.152940        0.8471     0.84706
 DIPOLE           X         Y         Z       TOTAL
 POINT-CHG.     0.002     0.001    -0.004     0.004
 HYBRID        -0.000    -0.000    -0.000     0.000
 SUM            0.002     0.001    -0.004     0.004


          ATOMIC ORBITAL ELECTRON POPULATIONS

     Atom    s        px        py        pz   
    1  C   1.06228   0.97410   0.97785   0.98897
    2  C   1.06219   0.97408   0.97782   0.98925
    3  C   1.08519   0.98343   1.08469   1.01621
    4  C   1.08618   0.98299   1.08442   1.01502
    5  C   1.06217   0.97399   0.97772   0.98884
    6  C   1.06210   0.97412   0.97786   0.98956
    7  C   1.08617   0.98068   1.07742   1.00348
    8  C   1.08348   1.05769   1.00576   0.99944
    9  C   1.08357   1.05762   1.00564   0.99849
   10  C   1.08508   0.98118   1.07776   1.00466
   11  C   1.08512   0.98136   1.07789   1.00434
   12  C   1.08359   1.05767   1.00566   0.99867
   13  C   1.08363   1.05768   1.00566   0.99887
   14  C   1.08509   0.98131   1.07783   1.00420
   15  H   0.84069
   16  H   0.84110
   17  H   0.84739
   18  H   0.85049
   19  H   0.85055
   20  H   0.84699
   21  H   0.84704
   22  H   0.85051
   23  H   0.85048
   24  H   0.84706

 **********************
 *                    *
 * JOB ENDED NORMALLY *
 *                    *
 **********************



 TOTAL JOB TIME:             1.71 SECONDS

 == MOPAC DONE ==
