 *******************************************************************************
 **                                                                           **
 **                              MOPAC v23.2.5                                **
 **                                                                           **
 *******************************************************************************
 ** MOPAC's Digital Object Identifier: https://doi.org/10.5281/zenodo.6511958 **
 **                                                                           **
 ** Please cite the open-source release paper for use of this MOPAC version:  **
 ** J. E. Moussa and J. J. P. Stewart (2026)                                  **
 ** MOPAC: An open-source semiempirical molecular orbital program             **
 ** J. Open Source Softw., 11(119), 8025, https://doi.org/10.21105/joss.08025 **
 *******************************************************************************

                              PM7 CALCULATION RESULTS

 *******************************************************************************
 *  CALCULATION DONE: (MAX THREADS = 1)              Tue Jul 21 01:19:33 2026  *
 *  PM7        - The PM7 Hamiltonian to be used
 *
 *
 *
 *                 CHARGE ON SYSTEM = 0
 *
 *
 *
 *  XYZ        - CARTESIAN COORDINATE SYSTEM TO BE USED
 *  1SCF       - DO 1 SCF AND THEN STOP 
 *  THREADS=1  - MULTI-THREADING NOT USED
 *  T=         - A TIME OF 172800.0 SECONDS REQUESTED
 *  DUMP=N     - RESTART FILE WRITTEN EVERY 7200.0 SECONDS REQUESTED
 *  SCFCRT     - DEFAULT SCF CRITERION REPLACED BY   0.100E-20
 *  AUX        - OUTPUT AUXILIARY INFORMATION
 *******************************************************************************
scfcrt=1.D-21 aux(precision=14 comp xp xs xw) PM7 THREADS=1 charge=0 1SCF XYZ
 Comment line 1
 Comment line 2
   ATOM   CHEMICAL          X               Y               Z
  NUMBER   SYMBOL      (ANGSTROMS)     (ANGSTROMS)     (ANGSTROMS)

     1       C         -1.21429551  *  -0.71192848  *   0.00000000  *
     2       C         -1.21429769  *   0.71182882  *   0.00000000  *
     3       C          0.00023010  *  -1.40275210  *   0.00000001  *
     4       C          0.00010420  *   1.40250231  *   0.00000001  *
     5       C          1.21445535  *  -0.71180244  *   0.00000000  *
     6       C          1.21446082  *   0.71194672  *   0.00000000  *
     7       C         -2.47088156  *  -1.40531732  *  -0.00000000  *
     8       C         -3.64481039  *  -0.71447189  *  -0.00000001  *
     9       C         -3.64446112  *   0.71459767  *  -0.00000001  *
    10       C         -2.47048233  *   1.40530087  *  -0.00000000  *
    11       C          2.47061104  *  -1.40524732  *   0.00000000  *
    12       C          3.64455074  *  -0.71464652  *  -0.00000001  *
    13       C          3.64432856  *   0.71452467  *  -0.00000001  *
    14       C          2.47043539  *   1.40541477  *  -0.00000000  *
    15       H          0.00008557  *  -2.49189517  *   0.00000000  *
    16       H         -0.00013335  *   2.49175437  *   0.00000001  *
    17       H         -2.45528678  *  -2.49381197  *  -0.00000000  *
    18       H         -4.60266688  *  -1.23015815  *  -0.00000001  *
    19       H         -4.60266257  *   1.23073910  *  -0.00000001  *
    20       H         -2.45482247  *   2.49872718  *  -0.00000000  *
    21       H          2.45512621  *  -2.49356509  *  -0.00000000  *
    22       H          4.60293702  *  -1.23034844  *  -0.00000001  *
    23       H          4.60295238  *   1.23052208  *  -0.00000001  *
    24       H          2.45509490  *   2.49363431  *  -0.00500000  *



          CARTESIAN COORDINATES 

    NO.       ATOM           X           Y           Z

     1         C         -1.2143     -0.7119      0.0000
     2         C         -1.2143      0.7118      0.0000
     3         C          0.0002     -1.4028      0.0000
     4         C          0.0001      1.4025      0.0000
     5         C          1.2145     -0.7118      0.0000
     6         C          1.2145      0.7119      0.0000
     7         C         -2.4709     -1.4053     -0.0000
     8         C         -3.6448     -0.7145     -0.0000
     9         C         -3.6445      0.7146     -0.0000
    10         C         -2.4705      1.4053     -0.0000
    11         C          2.4706     -1.4052      0.0000
    12         C          3.6446     -0.7146     -0.0000
    13         C          3.6443      0.7145     -0.0000
    14         C          2.4704      1.4054     -0.0000
    15         H          0.0001     -2.4919      0.0000
    16         H         -0.0001      2.4918      0.0000
    17         H         -2.4553     -2.4938     -0.0000
    18         H         -4.6027     -1.2302     -0.0000
    19         H         -4.6027      1.2307     -0.0000
    20         H         -2.4548      2.4987     -0.0000
    21         H          2.4551     -2.4936     -0.0000
    22         H          4.6029     -1.2303     -0.0000
    23         H          4.6030      1.2305     -0.0000
    24         H          2.4551      2.4936     -0.0050

 General Reference for PM7:
 "Optimization of Parameters for Semiempirical Methods VI: More Modifications to the 
 NDDO Approximations and Re-optimization of Parameters", J. J. P. Stewart, J. Mol. Mod., 1:32, 19 (2013)
 https://link.springer.com/article/10.1007/s00894-012-1667-x

           Empirical Formula: C14 H10  =    24 atoms



      MOLECULAR POINT GROUP   :   D2h 


      RHF CALCULATION, NO. OF DOUBLY OCCUPIED LEVELS = 33

  SCF CRITERION =    0.1000E-20


   THERE IS A RISK OF INFINITE LOOPING WITH THE SCFCRT LESS THAN 1.D-12

 -------------------------------------------------------------------------------
 scfcrt=1.D-21 aux(precision=14 comp xp xs xw) PM7 THREADS=1 charge=0 1SCF XYZ
 Comment line 1
 Comment line 2


     1SCF WAS SPECIFIED, SO BFGS WAS NOT USED                 
     SCF FIELD WAS ACHIEVED                                   


                              PM7 CALCULATION
                                                       MOPAC v23.2.5 Linux
                                                       Tue Jul 21 01:19:35 2026




          FINAL HEAT OF FORMATION =         60.38256 KCAL/MOL =     252.64063 KJ/MOL


          COSMO AREA              =        212.58 SQUARE ANGSTROMS
          COSMO VOLUME            =        221.85 CUBIC ANGSTROMS

          IONIZATION POTENTIAL    =          8.387485 EV
          HOMO LUMO ENERGIES (EV) =         -8.387 -1.093
          NO. OF FILLED LEVELS    =         33
          MOLECULAR WEIGHT        =        178.2330         POINT GROUP:  D2h 

          MOLECULAR DIMENSIONS (Angstroms)

            Atom       Atom       Distance
            H    22    H    19     9.52890
            H    24    H    17     6.08646
            H    24    H    16     0.00448


          SCF CALCULATIONS        =          1

          WALL-CLOCK TIME         =      1.924 SECONDS
          COMPUTATION TIME        =      0.146 SECONDS




   ATOM   CHEMICAL          X               Y               Z
  NUMBER   SYMBOL      (ANGSTROMS)     (ANGSTROMS)     (ANGSTROMS)

     1       C         -1.21429551  *  -0.71192848  *   0.00000000  *
     2       C         -1.21429769  *   0.71182882  *   0.00000000  *
     3       C          0.00023010  *  -1.40275210  *   0.00000001  *
     4       C          0.00010420  *   1.40250231  *   0.00000001  *
     5       C          1.21445535  *  -0.71180244  *   0.00000000  *
     6       C          1.21446082  *   0.71194672  *   0.00000000  *
     7       C         -2.47088156  *  -1.40531732  *  -0.00000000  *
     8       C         -3.64481039  *  -0.71447189  *  -0.00000001  *
     9       C         -3.64446112  *   0.71459767  *  -0.00000001  *
    10       C         -2.47048233  *   1.40530087  *  -0.00000000  *
    11       C          2.47061104  *  -1.40524732  *   0.00000000  *
    12       C          3.64455074  *  -0.71464652  *  -0.00000001  *
    13       C          3.64432856  *   0.71452467  *  -0.00000001  *
    14       C          2.47043539  *   1.40541477  *  -0.00000000  *
    15       H          0.00008557  *  -2.49189517  *   0.00000000  *
    16       H         -0.00013335  *   2.49175437  *   0.00000001  *
    17       H         -2.45528678  *  -2.49381197  *  -0.00000000  *
    18       H         -4.60266688  *  -1.23015815  *  -0.00000001  *
    19       H         -4.60266257  *   1.23073910  *  -0.00000001  *
    20       H         -2.45482247  *   2.49872718  *  -0.00000000  *
    21       H          2.45512621  *  -2.49356509  *  -0.00000000  *
    22       H          4.60293702  *  -1.23034844  *  -0.00000001  *
    23       H          4.60295238  *   1.23052208  *  -0.00000001  *
    24       H          2.45509490  *   2.49363431  *  -0.00500000  *

                             CARTESIAN COORDINATES

   1    C       -1.214295511    -0.711928476     0.000000003
   2    C       -1.214297691     0.711828821     0.000000005
   3    C        0.000230096    -1.402752101     0.000000007
   4    C        0.000104201     1.402502310     0.000000006
   5    C        1.214455347    -0.711802442     0.000000002
   6    C        1.214460823     0.711946720     0.000000005
   7    C       -2.470881562    -1.405317323    -0.000000000
   8    C       -3.644810387    -0.714471887    -0.000000006
   9    C       -3.644461119     0.714597668    -0.000000006
  10    C       -2.470482333     1.405300869    -0.000000000
  11    C        2.470611038    -1.405247322     0.000000001
  12    C        3.644550744    -0.714646520    -0.000000007
  13    C        3.644328560     0.714524675    -0.000000005
  14    C        2.470435386     1.405414766    -0.000000001
  15    H        0.000085569    -2.491895167     0.000000005
  16    H       -0.000133346     2.491754370     0.000000005
  17    H       -2.455286784    -2.493811975    -0.000000001
  18    H       -4.602666880    -1.230158150    -0.000000009
  19    H       -4.602662572     1.230739101    -0.000000009
  20    H       -2.454822468     2.498727182    -0.000000001
  21    H        2.455126209    -2.493565094    -0.000000001
  22    H        4.602937021    -1.230348435    -0.000000009
  23    H        4.602952383     1.230522076    -0.000000009
  24    H        2.455094896     2.493634309    -0.005000001


           Empirical Formula: C14 H10  =    24 atoms



      MOLECULAR POINT GROUP   :   D2h 


                  EIGENVALUES  
 -31.27536 -30.28396 -28.48609 -27.34426 -26.11616 -25.29754 -24.19213 -22.17778
 -21.36626 -21.19323 -20.30328 -17.99904 -17.79720 -17.16762 -15.58619 -15.49331
 -15.16288 -15.15466 -14.52062 -14.31693 -14.11283 -13.80482 -13.24865 -13.15223
 -12.87937 -12.04954 -11.76273 -11.47996 -11.33987 -11.19132 -10.00012  -9.28253
  -8.38749  -1.09250  -0.25039   0.29630   1.12326   1.22819   2.31904   3.00267
   3.74157   3.75268   4.25430   4.30240   4.67533   4.72271   4.81928   4.84865
   4.89990   5.12149   5.15284   5.34452   5.42437   5.53355   5.79037   5.84048
   5.88007   5.91911   5.94606   6.05733   6.09704   6.12437   6.14890   6.17830
   6.20067   6.25980


              NET ATOMIC CHARGES AND DIPOLE CONTRIBUTIONS

  ATOM NO.   TYPE          CHARGE      No. of ELECS.   s-Pop       p-Pop       
    1          C          -0.003184        4.0032     1.06229     2.94090
    2          C          -0.003377        4.0034     1.06219     2.94119
    3          C          -0.168837        4.1688     1.08614     3.08270
    4          C          -0.168835        4.1688     1.08610     3.08274
    5          C          -0.003230        4.0032     1.06216     2.94107
    6          C          -0.003262        4.0033     1.06211     2.94115
    7          C          -0.148675        4.1487     1.08522     3.06346
    8          C          -0.145560        4.1456     1.08350     3.06206
    9          C          -0.146031        4.1460     1.08353     3.06250
   10          C          -0.148623        4.1486     1.08597     3.06265
   11          C          -0.148532        4.1485     1.08511     3.06342
   12          C          -0.145728        4.1457     1.08357     3.06215
   13          C          -0.145697        4.1457     1.08364     3.06206
   14          C          -0.148600        4.1486     1.08509     3.06351
   15          H           0.158957        0.8410     0.84104
   16          H           0.158910        0.8411     0.84109
   17          H           0.152946        0.8471     0.84705
   18          H           0.149420        0.8506     0.85058
   19          H           0.149463        0.8505     0.85054
   20          H           0.153603        0.8464     0.84640
   21          H           0.152942        0.8471     0.84706
   22          H           0.149496        0.8505     0.85050
   23          H           0.149501        0.8505     0.85050
   24          H           0.152934        0.8471     0.84707
 DIPOLE           X         Y         Z       TOTAL
 POINT-CHG.     0.001     0.009    -0.004     0.010
 HYBRID        -0.000    -0.002    -0.000     0.002
 SUM            0.000     0.007    -0.004     0.008


          ATOMIC ORBITAL ELECTRON POPULATIONS

     Atom    s        px        py        pz   
    1  C   1.06229   0.97400   0.97778   0.98911
    2  C   1.06219   0.97409   0.97785   0.98924
    3  C   1.08614   0.98286   1.08430   1.01554
    4  C   1.08610   0.98290   1.08432   1.01552
    5  C   1.06216   0.97406   0.97781   0.98920
    6  C   1.06211   0.97408   0.97783   0.98924
    7  C   1.08522   0.98126   1.07782   1.00439
    8  C   1.08350   1.05766   1.00565   0.99875
    9  C   1.08353   1.05771   1.00567   0.99913
   10  C   1.08597   0.98115   1.07775   1.00375
   11  C   1.08511   0.98133   1.07786   1.00423
   12  C   1.08357   1.05767   1.00567   0.99882
   13  C   1.08364   1.05766   1.00565   0.99874
   14  C   1.08509   0.98134   1.07784   1.00434
   15  H   0.84104
   16  H   0.84109
   17  H   0.84705
   18  H   0.85058
   19  H   0.85054
   20  H   0.84640
   21  H   0.84706
   22  H   0.85050
   23  H   0.85050
   24  H   0.84707

 **********************
 *                    *
 * JOB ENDED NORMALLY *
 *                    *
 **********************



 TOTAL JOB TIME:             2.07 SECONDS

 == MOPAC DONE ==
