 *******************************************************************************
 **                                                                           **
 **                              MOPAC v23.2.5                                **
 **                                                                           **
 *******************************************************************************
 ** MOPAC's Digital Object Identifier: https://doi.org/10.5281/zenodo.6511958 **
 **                                                                           **
 ** Please cite the open-source release paper for use of this MOPAC version:  **
 ** J. E. Moussa and J. J. P. Stewart (2026)                                  **
 ** MOPAC: An open-source semiempirical molecular orbital program             **
 ** J. Open Source Softw., 11(119), 8025, https://doi.org/10.21105/joss.08025 **
 *******************************************************************************

                              PM7 CALCULATION RESULTS

 *******************************************************************************
 *  CALCULATION DONE: (MAX THREADS = 1)              Tue Jul 21 01:19:33 2026  *
 *  PM7        - The PM7 Hamiltonian to be used
 *
 *
 *
 *                 CHARGE ON SYSTEM = 0
 *
 *
 *
 *  XYZ        - CARTESIAN COORDINATE SYSTEM TO BE USED
 *  1SCF       - DO 1 SCF AND THEN STOP 
 *  THREADS=1  - MULTI-THREADING NOT USED
 *  T=         - A TIME OF 172800.0 SECONDS REQUESTED
 *  DUMP=N     - RESTART FILE WRITTEN EVERY 7200.0 SECONDS REQUESTED
 *  SCFCRT     - DEFAULT SCF CRITERION REPLACED BY   0.100E-20
 *  AUX        - OUTPUT AUXILIARY INFORMATION
 *******************************************************************************
scfcrt=1.D-21 aux(precision=14 comp xp xs xw) PM7 THREADS=1 charge=0 1SCF XYZ
 Comment line 1
 Comment line 2
   ATOM   CHEMICAL          X               Y               Z
  NUMBER   SYMBOL      (ANGSTROMS)     (ANGSTROMS)     (ANGSTROMS)

     1       C         -1.21429551  *  -0.71192848  *   0.00000000  *
     2       C         -1.21429769  *   0.70682882  *   0.00000000  *
     3       C          0.00023010  *  -1.40275210  *   0.00000001  *
     4       C          0.00010420  *   1.40250231  *   0.00000001  *
     5       C          1.21445535  *  -0.71180244  *   0.00000000  *
     6       C          1.21446082  *   0.71194672  *   0.00000000  *
     7       C         -2.47088156  *  -1.40531732  *  -0.00000000  *
     8       C         -3.64481039  *  -0.71447189  *  -0.00000001  *
     9       C         -3.64446112  *   0.71459767  *  -0.00000001  *
    10       C         -2.47048233  *   1.40530087  *  -0.00000000  *
    11       C          2.47061104  *  -1.40524732  *   0.00000000  *
    12       C          3.64455074  *  -0.71464652  *  -0.00000001  *
    13       C          3.64432856  *   0.71452467  *  -0.00000001  *
    14       C          2.47043539  *   1.40541477  *  -0.00000000  *
    15       H          0.00008557  *  -2.49189517  *   0.00000000  *
    16       H         -0.00013335  *   2.49175437  *   0.00000001  *
    17       H         -2.45528678  *  -2.49381197  *  -0.00000000  *
    18       H         -4.60266688  *  -1.23015815  *  -0.00000001  *
    19       H         -4.60266257  *   1.23073910  *  -0.00000001  *
    20       H         -2.45482247  *   2.49372718  *  -0.00000000  *
    21       H          2.45512621  *  -2.49356509  *  -0.00000000  *
    22       H          4.60293702  *  -1.23034844  *  -0.00000001  *
    23       H          4.60295238  *   1.23052208  *  -0.00000001  *
    24       H          2.45509490  *   2.49363431  *   0.00500000  *



          CARTESIAN COORDINATES 

    NO.       ATOM           X           Y           Z

     1         C         -1.2143     -0.7119      0.0000
     2         C         -1.2143      0.7068      0.0000
     3         C          0.0002     -1.4028      0.0000
     4         C          0.0001      1.4025      0.0000
     5         C          1.2145     -0.7118      0.0000
     6         C          1.2145      0.7119      0.0000
     7         C         -2.4709     -1.4053     -0.0000
     8         C         -3.6448     -0.7145     -0.0000
     9         C         -3.6445      0.7146     -0.0000
    10         C         -2.4705      1.4053     -0.0000
    11         C          2.4706     -1.4052      0.0000
    12         C          3.6446     -0.7146     -0.0000
    13         C          3.6443      0.7145     -0.0000
    14         C          2.4704      1.4054     -0.0000
    15         H          0.0001     -2.4919      0.0000
    16         H         -0.0001      2.4918      0.0000
    17         H         -2.4553     -2.4938     -0.0000
    18         H         -4.6027     -1.2302     -0.0000
    19         H         -4.6027      1.2307     -0.0000
    20         H         -2.4548      2.4937     -0.0000
    21         H          2.4551     -2.4936     -0.0000
    22         H          4.6029     -1.2303     -0.0000
    23         H          4.6030      1.2305     -0.0000
    24         H          2.4551      2.4936      0.0050

 General Reference for PM7:
 "Optimization of Parameters for Semiempirical Methods VI: More Modifications to the 
 NDDO Approximations and Re-optimization of Parameters", J. J. P. Stewart, J. Mol. Mod., 1:32, 19 (2013)
 https://link.springer.com/article/10.1007/s00894-012-1667-x

           Empirical Formula: C14 H10  =    24 atoms



      MOLECULAR POINT GROUP   :   D2h 


      RHF CALCULATION, NO. OF DOUBLY OCCUPIED LEVELS = 33

  SCF CRITERION =    0.1000E-20


   THERE IS A RISK OF INFINITE LOOPING WITH THE SCFCRT LESS THAN 1.D-12

 -------------------------------------------------------------------------------
 scfcrt=1.D-21 aux(precision=14 comp xp xs xw) PM7 THREADS=1 charge=0 1SCF XYZ
 Comment line 1
 Comment line 2


     1SCF WAS SPECIFIED, SO BFGS WAS NOT USED                 
     SCF FIELD WAS ACHIEVED                                   


                              PM7 CALCULATION
                                                       MOPAC v23.2.5 Linux
                                                       Tue Jul 21 01:19:35 2026




          FINAL HEAT OF FORMATION =         60.39411 KCAL/MOL =     252.68894 KJ/MOL


          COSMO AREA              =        212.72 SQUARE ANGSTROMS
          COSMO VOLUME            =        222.03 CUBIC ANGSTROMS

          IONIZATION POTENTIAL    =          8.387932 EV
          HOMO LUMO ENERGIES (EV) =         -8.388 -1.092
          NO. OF FILLED LEVELS    =         33
          MOLECULAR WEIGHT        =        178.2330         POINT GROUP:  D2h 

          MOLECULAR DIMENSIONS (Angstroms)

            Atom       Atom       Distance
            H    22    H    19     9.52890
            H    24    H    17     6.08646
            H    16    H    17     0.00448


          SCF CALCULATIONS        =          1

          WALL-CLOCK TIME         =      1.869 SECONDS
          COMPUTATION TIME        =      0.150 SECONDS




   ATOM   CHEMICAL          X               Y               Z
  NUMBER   SYMBOL      (ANGSTROMS)     (ANGSTROMS)     (ANGSTROMS)

     1       C         -1.21429551  *  -0.71192848  *   0.00000000  *
     2       C         -1.21429769  *   0.70682882  *   0.00000000  *
     3       C          0.00023010  *  -1.40275210  *   0.00000001  *
     4       C          0.00010420  *   1.40250231  *   0.00000001  *
     5       C          1.21445535  *  -0.71180244  *   0.00000000  *
     6       C          1.21446082  *   0.71194672  *   0.00000000  *
     7       C         -2.47088156  *  -1.40531732  *  -0.00000000  *
     8       C         -3.64481039  *  -0.71447189  *  -0.00000001  *
     9       C         -3.64446112  *   0.71459767  *  -0.00000001  *
    10       C         -2.47048233  *   1.40530087  *  -0.00000000  *
    11       C          2.47061104  *  -1.40524732  *   0.00000000  *
    12       C          3.64455074  *  -0.71464652  *  -0.00000001  *
    13       C          3.64432856  *   0.71452467  *  -0.00000001  *
    14       C          2.47043539  *   1.40541477  *  -0.00000000  *
    15       H          0.00008557  *  -2.49189517  *   0.00000000  *
    16       H         -0.00013335  *   2.49175437  *   0.00000001  *
    17       H         -2.45528678  *  -2.49381197  *  -0.00000000  *
    18       H         -4.60266688  *  -1.23015815  *  -0.00000001  *
    19       H         -4.60266257  *   1.23073910  *  -0.00000001  *
    20       H         -2.45482247  *   2.49372718  *  -0.00000000  *
    21       H          2.45512621  *  -2.49356509  *  -0.00000000  *
    22       H          4.60293702  *  -1.23034844  *  -0.00000001  *
    23       H          4.60295238  *   1.23052208  *  -0.00000001  *
    24       H          2.45509490  *   2.49363431  *   0.00500000  *

                             CARTESIAN COORDINATES

   1    C       -1.214295511    -0.711928476     0.000000003
   2    C       -1.214297691     0.706828821     0.000000005
   3    C        0.000230096    -1.402752101     0.000000007
   4    C        0.000104201     1.402502310     0.000000006
   5    C        1.214455347    -0.711802442     0.000000002
   6    C        1.214460823     0.711946720     0.000000005
   7    C       -2.470881562    -1.405317323    -0.000000000
   8    C       -3.644810387    -0.714471887    -0.000000006
   9    C       -3.644461119     0.714597668    -0.000000006
  10    C       -2.470482333     1.405300869    -0.000000000
  11    C        2.470611038    -1.405247322     0.000000001
  12    C        3.644550744    -0.714646520    -0.000000007
  13    C        3.644328560     0.714524675    -0.000000005
  14    C        2.470435386     1.405414766    -0.000000001
  15    H        0.000085569    -2.491895167     0.000000005
  16    H       -0.000133346     2.491754370     0.000000005
  17    H       -2.455286784    -2.493811975    -0.000000001
  18    H       -4.602666880    -1.230158150    -0.000000009
  19    H       -4.602662572     1.230739101    -0.000000009
  20    H       -2.454822468     2.493727182    -0.000000001
  21    H        2.455126209    -2.493565094    -0.000000001
  22    H        4.602937021    -1.230348435    -0.000000009
  23    H        4.602952383     1.230522076    -0.000000009
  24    H        2.455094896     2.493634309     0.004999999


           Empirical Formula: C14 H10  =    24 atoms



      MOLECULAR POINT GROUP   :   D2h 


                  EIGENVALUES  
 -31.28554 -30.29051 -28.48857 -27.34214 -26.11812 -25.30238 -24.19042 -22.17833
 -21.36230 -21.20344 -20.31567 -17.99396 -17.79638 -17.17320 -15.58563 -15.49494
 -15.16949 -15.16041 -14.52400 -14.31733 -14.11486 -13.80316 -13.25432 -13.15456
 -12.87699 -12.05627 -11.75568 -11.49005 -11.34210 -11.18334  -9.99808  -9.29279
  -8.38793  -1.09188  -0.24448   0.29303   1.11517   1.22892   2.31854   3.00195
   3.74419   3.74600   4.25799   4.29644   4.67814   4.71980   4.82862   4.84784
   4.89979   5.11980   5.14867   5.34382   5.42076   5.53366   5.79462   5.84072
   5.88337   5.91937   5.94614   6.05937   6.10133   6.12621   6.15019   6.18144
   6.20174   6.25947


              NET ATOMIC CHARGES AND DIPOLE CONTRIBUTIONS

  ATOM NO.   TYPE          CHARGE      No. of ELECS.   s-Pop       p-Pop       
    1          C          -0.003817        4.0038     1.06118     2.94263
    2          C          -0.003368        4.0034     1.06219     2.94118
    3          C          -0.168398        4.1684     1.08612     3.08228
    4          C          -0.168353        4.1684     1.08679     3.08156
    5          C          -0.003356        4.0034     1.06216     2.94119
    6          C          -0.003549        4.0035     1.06219     2.94136
    7          C          -0.148258        4.1483     1.08519     3.06307
    8          C          -0.145718        4.1457     1.08349     3.06223
    9          C          -0.146271        4.1463     1.08358     3.06269
   10          C          -0.147998        4.1480     1.08582     3.06218
   11          C          -0.148498        4.1485     1.08511     3.06338
   12          C          -0.145751        4.1458     1.08358     3.06218
   13          C          -0.145635        4.1456     1.08365     3.06199
   14          C          -0.148667        4.1487     1.08509     3.06358
   15          H           0.158931        0.8411     0.84107
   16          H           0.158986        0.8410     0.84101
   17          H           0.152922        0.8471     0.84708
   18          H           0.149440        0.8506     0.85056
   19          H           0.149467        0.8505     0.85053
   20          H           0.152987        0.8470     0.84701
   21          H           0.152945        0.8471     0.84706
   22          H           0.149510        0.8505     0.85049
   23          H           0.149508        0.8505     0.85049
   24          H           0.152942        0.8471     0.84706
 DIPOLE           X         Y         Z       TOTAL
 POINT-CHG.     0.004     0.002     0.004     0.006
 HYBRID         0.000     0.000     0.000     0.000
 SUM            0.004     0.003     0.004     0.007


          ATOMIC ORBITAL ELECTRON POPULATIONS

     Atom    s        px        py        pz   
    1  C   1.06118   0.97435   0.97842   0.98986
    2  C   1.06219   0.97395   0.97802   0.98921
    3  C   1.08612   0.98271   1.08429   1.01528
    4  C   1.08679   0.98266   1.08379   1.01510
    5  C   1.06216   0.97408   0.97781   0.98930
    6  C   1.06219   0.97425   0.97791   0.98920
    7  C   1.08519   0.98108   1.07780   1.00419
    8  C   1.08349   1.05768   1.00565   0.99890
    9  C   1.08358   1.05784   1.00575   0.99911
   10  C   1.08582   0.98115   1.07727   1.00376
   11  C   1.08511   0.98132   1.07786   1.00420
   12  C   1.08358   1.05767   1.00567   0.99883
   13  C   1.08365   1.05767   1.00565   0.99867
   14  C   1.08509   0.98135   1.07784   1.00439
   15  H   0.84107
   16  H   0.84101
   17  H   0.84708
   18  H   0.85056
   19  H   0.85053
   20  H   0.84701
   21  H   0.84706
   22  H   0.85049
   23  H   0.85049
   24  H   0.84706

 **********************
 *                    *
 * JOB ENDED NORMALLY *
 *                    *
 **********************



 TOTAL JOB TIME:             1.95 SECONDS

 == MOPAC DONE ==
