 *******************************************************************************
 **                                                                           **
 **                              MOPAC v23.2.5                                **
 **                                                                           **
 *******************************************************************************
 ** MOPAC's Digital Object Identifier: https://doi.org/10.5281/zenodo.6511958 **
 **                                                                           **
 ** Please cite the open-source release paper for use of this MOPAC version:  **
 ** J. E. Moussa and J. J. P. Stewart (2026)                                  **
 ** MOPAC: An open-source semiempirical molecular orbital program             **
 ** J. Open Source Softw., 11(119), 8025, https://doi.org/10.21105/joss.08025 **
 *******************************************************************************

                              PM7 CALCULATION RESULTS

 *******************************************************************************
 *  CALCULATION DONE: (MAX THREADS = 1)              Tue Jul 21 01:19:28 2026  *
 *  PM7        - The PM7 Hamiltonian to be used
 *
 *
 *
 *                 CHARGE ON SYSTEM = 0
 *
 *
 *
 *  XYZ        - CARTESIAN COORDINATE SYSTEM TO BE USED
 *  1SCF       - DO 1 SCF AND THEN STOP 
 *  THREADS=1  - MULTI-THREADING NOT USED
 *  T=         - A TIME OF 172800.0 SECONDS REQUESTED
 *  DUMP=N     - RESTART FILE WRITTEN EVERY 7200.0 SECONDS REQUESTED
 *  SCFCRT     - DEFAULT SCF CRITERION REPLACED BY   0.100E-20
 *  AUX        - OUTPUT AUXILIARY INFORMATION
 *******************************************************************************
scfcrt=1.D-21 aux(precision=14 comp xp xs xw) PM7 THREADS=1 charge=0 1SCF XYZ
 Comment line 1
 Comment line 2
   ATOM   CHEMICAL          X               Y               Z
  NUMBER   SYMBOL      (ANGSTROMS)     (ANGSTROMS)     (ANGSTROMS)

     1       C         -1.21429551  *  -0.71192848  *   0.00000000  *
     2       C         -1.21429769  *   0.71182882  *   0.00000000  *
     3       C          0.00023010  *  -1.40275210  *   0.00000001  *
     4       C          0.00010420  *   1.40250231  *   0.00000001  *
     5       C          1.21445535  *  -0.71180244  *   0.00000000  *
     6       C          1.21446082  *   0.71194672  *   0.00000000  *
     7       C         -2.47088156  *  -1.40531732  *  -0.00000000  *
     8       C         -3.64481039  *  -0.71447189  *  -0.00000001  *
     9       C         -3.64446112  *   0.71459767  *  -0.00000001  *
    10       C         -2.47048233  *   1.40530087  *  -0.00000000  *
    11       C          2.47061104  *  -1.40524732  *   0.00000000  *
    12       C          3.64455074  *  -0.71464652  *  -0.00000001  *
    13       C          3.64432856  *   0.71452467  *  -0.00000001  *
    14       C          2.47043539  *   1.40541477  *  -0.00000000  *
    15       H          0.00008557  *  -2.49189517  *   0.00000000  *
    16       H         -0.00013335  *   2.49175437  *   0.00000001  *
    17       H         -2.45528678  *  -2.49381197  *  -0.00000000  *
    18       H         -4.60266688  *  -1.23015815  *  -0.00000001  *
    19       H         -4.60266257  *   1.23073910  *  -0.00000001  *
    20       H         -2.45482247  *   2.49372718  *  -0.00000000  *
    21       H          2.45512621  *  -2.49356509  *  -0.00000000  *
    22       H          4.60293702  *  -1.23034844  *  -0.00000001  *
    23       H          4.60795238  *   1.23052208  *  -0.00000001  *
    24       H          2.45509490  *   2.48863431  *  -0.00000000  *



          CARTESIAN COORDINATES 

    NO.       ATOM           X           Y           Z

     1         C         -1.2143     -0.7119      0.0000
     2         C         -1.2143      0.7118      0.0000
     3         C          0.0002     -1.4028      0.0000
     4         C          0.0001      1.4025      0.0000
     5         C          1.2145     -0.7118      0.0000
     6         C          1.2145      0.7119      0.0000
     7         C         -2.4709     -1.4053     -0.0000
     8         C         -3.6448     -0.7145     -0.0000
     9         C         -3.6445      0.7146     -0.0000
    10         C         -2.4705      1.4053     -0.0000
    11         C          2.4706     -1.4052      0.0000
    12         C          3.6446     -0.7146     -0.0000
    13         C          3.6443      0.7145     -0.0000
    14         C          2.4704      1.4054     -0.0000
    15         H          0.0001     -2.4919      0.0000
    16         H         -0.0001      2.4918      0.0000
    17         H         -2.4553     -2.4938     -0.0000
    18         H         -4.6027     -1.2302     -0.0000
    19         H         -4.6027      1.2307     -0.0000
    20         H         -2.4548      2.4937     -0.0000
    21         H          2.4551     -2.4936     -0.0000
    22         H          4.6029     -1.2303     -0.0000
    23         H          4.6080      1.2305     -0.0000
    24         H          2.4551      2.4886     -0.0000

 General Reference for PM7:
 "Optimization of Parameters for Semiempirical Methods VI: More Modifications to the 
 NDDO Approximations and Re-optimization of Parameters", J. J. P. Stewart, J. Mol. Mod., 1:32, 19 (2013)
 https://link.springer.com/article/10.1007/s00894-012-1667-x

           Empirical Formula: C14 H10  =    24 atoms



      MOLECULAR POINT GROUP   :   D2h 


      RHF CALCULATION, NO. OF DOUBLY OCCUPIED LEVELS = 33

  SCF CRITERION =    0.1000E-20


   THERE IS A RISK OF INFINITE LOOPING WITH THE SCFCRT LESS THAN 1.D-12

 -------------------------------------------------------------------------------
 scfcrt=1.D-21 aux(precision=14 comp xp xs xw) PM7 THREADS=1 charge=0 1SCF XYZ
 Comment line 1
 Comment line 2


     1SCF WAS SPECIFIED, SO BFGS WAS NOT USED                 
     SCF FIELD WAS ACHIEVED                                   


                              PM7 CALCULATION
                                                       MOPAC v23.2.5 Linux
                                                       Tue Jul 21 01:19:30 2026




          FINAL HEAT OF FORMATION =         60.39002 KCAL/MOL =     252.67185 KJ/MOL


          COSMO AREA              =        212.66 SQUARE ANGSTROMS
          COSMO VOLUME            =        221.95 CUBIC ANGSTROMS

          IONIZATION POTENTIAL    =          8.388409 EV
          HOMO LUMO ENERGIES (EV) =         -8.388 -1.093
          NO. OF FILLED LEVELS    =         33
          MOLECULAR WEIGHT        =        178.2330         POINT GROUP:  D2h 

          MOLECULAR DIMENSIONS (Angstroms)

            Atom       Atom       Distance
            H    23    H    18     9.53365
            H    21    H    20     6.08559
            C     3    H    18     0.00000


          SCF CALCULATIONS        =          1

          WALL-CLOCK TIME         =      1.559 SECONDS
          COMPUTATION TIME        =      0.133 SECONDS




   ATOM   CHEMICAL          X               Y               Z
  NUMBER   SYMBOL      (ANGSTROMS)     (ANGSTROMS)     (ANGSTROMS)

     1       C         -1.21429551  *  -0.71192848  *   0.00000000  *
     2       C         -1.21429769  *   0.71182882  *   0.00000000  *
     3       C          0.00023010  *  -1.40275210  *   0.00000001  *
     4       C          0.00010420  *   1.40250231  *   0.00000001  *
     5       C          1.21445535  *  -0.71180244  *   0.00000000  *
     6       C          1.21446082  *   0.71194672  *   0.00000000  *
     7       C         -2.47088156  *  -1.40531732  *  -0.00000000  *
     8       C         -3.64481039  *  -0.71447189  *  -0.00000001  *
     9       C         -3.64446112  *   0.71459767  *  -0.00000001  *
    10       C         -2.47048233  *   1.40530087  *  -0.00000000  *
    11       C          2.47061104  *  -1.40524732  *   0.00000000  *
    12       C          3.64455074  *  -0.71464652  *  -0.00000001  *
    13       C          3.64432856  *   0.71452467  *  -0.00000001  *
    14       C          2.47043539  *   1.40541477  *  -0.00000000  *
    15       H          0.00008557  *  -2.49189517  *   0.00000000  *
    16       H         -0.00013335  *   2.49175437  *   0.00000001  *
    17       H         -2.45528678  *  -2.49381197  *  -0.00000000  *
    18       H         -4.60266688  *  -1.23015815  *  -0.00000001  *
    19       H         -4.60266257  *   1.23073910  *  -0.00000001  *
    20       H         -2.45482247  *   2.49372718  *  -0.00000000  *
    21       H          2.45512621  *  -2.49356509  *  -0.00000000  *
    22       H          4.60293702  *  -1.23034844  *  -0.00000001  *
    23       H          4.60795238  *   1.23052208  *  -0.00000001  *
    24       H          2.45509490  *   2.48863431  *  -0.00000000  *

                             CARTESIAN COORDINATES

   1    C       -1.214295511    -0.711928476     0.000000003
   2    C       -1.214297691     0.711828821     0.000000005
   3    C        0.000230096    -1.402752101     0.000000007
   4    C        0.000104201     1.402502310     0.000000006
   5    C        1.214455347    -0.711802442     0.000000002
   6    C        1.214460823     0.711946720     0.000000005
   7    C       -2.470881562    -1.405317323    -0.000000000
   8    C       -3.644810387    -0.714471887    -0.000000006
   9    C       -3.644461119     0.714597668    -0.000000006
  10    C       -2.470482333     1.405300869    -0.000000000
  11    C        2.470611038    -1.405247322     0.000000001
  12    C        3.644550744    -0.714646520    -0.000000007
  13    C        3.644328560     0.714524675    -0.000000005
  14    C        2.470435386     1.405414766    -0.000000001
  15    H        0.000085569    -2.491895167     0.000000005
  16    H       -0.000133346     2.491754370     0.000000005
  17    H       -2.455286784    -2.493811975    -0.000000001
  18    H       -4.602666880    -1.230158150    -0.000000009
  19    H       -4.602662572     1.230739101    -0.000000009
  20    H       -2.454822468     2.493727182    -0.000000001
  21    H        2.455126209    -2.493565094    -0.000000001
  22    H        4.602937021    -1.230348435    -0.000000009
  23    H        4.607952383     1.230522076    -0.000000009
  24    H        2.455094896     2.488634309    -0.000000001


           Empirical Formula: C14 H10  =    24 atoms



      MOLECULAR POINT GROUP   :   D2h 


                  EIGENVALUES  
 -31.27810 -30.28737 -28.48554 -27.35078 -26.12634 -25.29511 -24.19453 -22.17984
 -21.36373 -21.19858 -20.31518 -17.99853 -17.79787 -17.17181 -15.58730 -15.49806
 -15.16707 -15.15439 -14.52134 -14.32072 -14.11776 -13.80596 -13.24987 -13.15318
 -12.87844 -12.05267 -11.76305 -11.48145 -11.34044 -11.19221 -10.00154  -9.28296
  -8.38841  -1.09339  -0.25079   0.29485   1.12234   1.22765   2.31808   3.00192
   3.74161   3.75160   4.25550   4.30031   4.67498   4.72199   4.81859   4.84830
   4.89964   5.12020   5.15224   5.34422   5.42327   5.53457   5.79522   5.83811
   5.88870   5.92384   5.94174   6.06116   6.10110   6.12686   6.14865   6.18400
   6.20216   6.25934


              NET ATOMIC CHARGES AND DIPOLE CONTRIBUTIONS

  ATOM NO.   TYPE          CHARGE      No. of ELECS.   s-Pop       p-Pop       
    1          C          -0.003338        4.0033     1.06228     2.94106
    2          C          -0.003184        4.0032     1.06219     2.94099
    3          C          -0.168716        4.1687     1.08614     3.08257
    4          C          -0.168937        4.1689     1.08609     3.08285
    5          C          -0.003431        4.0034     1.06216     2.94128
    6          C          -0.002984        4.0030     1.06211     2.94087
    7          C          -0.148446        4.1484     1.08524     3.06321
    8          C          -0.145752        4.1458     1.08349     3.06226
    9          C          -0.145653        4.1457     1.08356     3.06209
   10          C          -0.148578        4.1486     1.08515     3.06343
   11          C          -0.148284        4.1483     1.08514     3.06315
   12          C          -0.146127        4.1461     1.08359     3.06253
   13          C          -0.145392        4.1454     1.08438     3.06101
   14          C          -0.148731        4.1487     1.08420     3.06453
   15          H           0.158939        0.8411     0.84106
   16          H           0.159003        0.8410     0.84100
   17          H           0.152934        0.8471     0.84707
   18          H           0.149437        0.8506     0.85056
   19          H           0.149480        0.8505     0.85052
   20          H           0.152969        0.8470     0.84703
   21          H           0.152922        0.8471     0.84708
   22          H           0.149483        0.8505     0.85052
   23          H           0.150090        0.8499     0.84991
   24          H           0.152296        0.8477     0.84770
 DIPOLE           X         Y         Z       TOTAL
 POINT-CHG.     0.009    -0.006    -0.000     0.011
 HYBRID        -0.001    -0.000    -0.000     0.001
 SUM            0.008    -0.006    -0.000     0.010


          ATOMIC ORBITAL ELECTRON POPULATIONS

     Atom    s        px        py        pz   
    1  C   1.06228   0.97399   0.97782   0.98925
    2  C   1.06219   0.97406   0.97782   0.98912
    3  C   1.08614   0.98286   1.08428   1.01542
    4  C   1.08609   0.98288   1.08440   1.01557
    5  C   1.06216   0.97406   0.97785   0.98936
    6  C   1.06211   0.97403   0.97779   0.98905
    7  C   1.08524   0.98125   1.07780   1.00416
    8  C   1.08349   1.05768   1.00567   0.99891
    9  C   1.08356   1.05767   1.00566   0.99876
   10  C   1.08515   0.98129   1.07784   1.00430
   11  C   1.08514   0.98133   1.07784   1.00397
   12  C   1.08359   1.05768   1.00581   0.99905
   13  C   1.08438   1.05749   1.00557   0.99795
   14  C   1.08420   0.98144   1.07795   1.00514
   15  H   0.84106
   16  H   0.84100
   17  H   0.84707
   18  H   0.85056
   19  H   0.85052
   20  H   0.84703
   21  H   0.84708
   22  H   0.85052
   23  H   0.84991
   24  H   0.84770

 **********************
 *                    *
 * JOB ENDED NORMALLY *
 *                    *
 **********************



 TOTAL JOB TIME:             1.65 SECONDS

 == MOPAC DONE ==
