 *******************************************************************************
 **                                                                           **
 **                              MOPAC v23.2.5                                **
 **                                                                           **
 *******************************************************************************
 ** MOPAC's Digital Object Identifier: https://doi.org/10.5281/zenodo.6511958 **
 **                                                                           **
 ** Please cite the open-source release paper for use of this MOPAC version:  **
 ** J. E. Moussa and J. J. P. Stewart (2026)                                  **
 ** MOPAC: An open-source semiempirical molecular orbital program             **
 ** J. Open Source Softw., 11(119), 8025, https://doi.org/10.21105/joss.08025 **
 *******************************************************************************

                              PM7 CALCULATION RESULTS

 *******************************************************************************
 *  CALCULATION DONE: (MAX THREADS = 1)              Tue Jul 21 01:19:38 2026  *
 *  PM7        - The PM7 Hamiltonian to be used
 *
 *
 *
 *                 CHARGE ON SYSTEM = 0
 *
 *
 *
 *  XYZ        - CARTESIAN COORDINATE SYSTEM TO BE USED
 *  1SCF       - DO 1 SCF AND THEN STOP 
 *  THREADS=1  - MULTI-THREADING NOT USED
 *  T=         - A TIME OF 172800.0 SECONDS REQUESTED
 *  DUMP=N     - RESTART FILE WRITTEN EVERY 7200.0 SECONDS REQUESTED
 *  SCFCRT     - DEFAULT SCF CRITERION REPLACED BY   0.100E-20
 *  AUX        - OUTPUT AUXILIARY INFORMATION
 *******************************************************************************
scfcrt=1.D-21 aux(precision=14 comp xp xs xw) PM7 THREADS=1 charge=0 1SCF XYZ
 Comment line 1
 Comment line 2
   ATOM   CHEMICAL          X               Y               Z
  NUMBER   SYMBOL      (ANGSTROMS)     (ANGSTROMS)     (ANGSTROMS)

     1       C         -1.21429551  *  -0.71192848  *   0.00000000  *
     2       C         -1.21429769  *   0.71182882  *   0.00000000  *
     3       C          0.00023010  *  -1.40275210  *   0.00000001  *
     4       C          0.00010420  *   1.40250231  *   0.00000001  *
     5       C          1.21445535  *  -0.71180244  *   0.00000000  *
     6       C          1.21446082  *   0.71194672  *   0.00000000  *
     7       C         -2.47088156  *  -1.40531732  *  -0.00000000  *
     8       C         -3.64481039  *  -0.71447189  *  -0.00000001  *
     9       C         -3.64446112  *   0.71459767  *  -0.00000001  *
    10       C         -2.47048233  *   1.40530087  *  -0.00000000  *
    11       C          2.47061104  *  -1.40524732  *   0.00000000  *
    12       C          3.64955074  *  -0.71464652  *  -0.00000001  *
    13       C          3.64432856  *   0.71452467  *  -0.00000001  *
    14       C          2.47043539  *   1.40541477  *  -0.00000000  *
    15       H          0.00008557  *  -2.49189517  *   0.00000000  *
    16       H         -0.00013335  *   2.49175437  *   0.00000001  *
    17       H         -2.45528678  *  -2.49381197  *  -0.00000000  *
    18       H         -4.60266688  *  -1.23015815  *  -0.00000001  *
    19       H         -4.60266257  *   1.23073910  *  -0.00000001  *
    20       H         -2.45482247  *   2.49372718  *  -0.00000000  *
    21       H          2.45512621  *  -2.49356509  *  -0.00000000  *
    22       H          4.60293702  *  -1.23034844  *  -0.00000001  *
    23       H          4.60295238  *   1.23052208  *  -0.00000001  *
    24       H          2.45509490  *   2.48863431  *  -0.00000000  *



          CARTESIAN COORDINATES 

    NO.       ATOM           X           Y           Z

     1         C         -1.2143     -0.7119      0.0000
     2         C         -1.2143      0.7118      0.0000
     3         C          0.0002     -1.4028      0.0000
     4         C          0.0001      1.4025      0.0000
     5         C          1.2145     -0.7118      0.0000
     6         C          1.2145      0.7119      0.0000
     7         C         -2.4709     -1.4053     -0.0000
     8         C         -3.6448     -0.7145     -0.0000
     9         C         -3.6445      0.7146     -0.0000
    10         C         -2.4705      1.4053     -0.0000
    11         C          2.4706     -1.4052      0.0000
    12         C          3.6496     -0.7146     -0.0000
    13         C          3.6443      0.7145     -0.0000
    14         C          2.4704      1.4054     -0.0000
    15         H          0.0001     -2.4919      0.0000
    16         H         -0.0001      2.4918      0.0000
    17         H         -2.4553     -2.4938     -0.0000
    18         H         -4.6027     -1.2302     -0.0000
    19         H         -4.6027      1.2307     -0.0000
    20         H         -2.4548      2.4937     -0.0000
    21         H          2.4551     -2.4936     -0.0000
    22         H          4.6029     -1.2303     -0.0000
    23         H          4.6030      1.2305     -0.0000
    24         H          2.4551      2.4886     -0.0000

 General Reference for PM7:
 "Optimization of Parameters for Semiempirical Methods VI: More Modifications to the 
 NDDO Approximations and Re-optimization of Parameters", J. J. P. Stewart, J. Mol. Mod., 1:32, 19 (2013)
 https://link.springer.com/article/10.1007/s00894-012-1667-x

           Empirical Formula: C14 H10  =    24 atoms



      MOLECULAR POINT GROUP   :   D2h 


      RHF CALCULATION, NO. OF DOUBLY OCCUPIED LEVELS = 33

  SCF CRITERION =    0.1000E-20


   THERE IS A RISK OF INFINITE LOOPING WITH THE SCFCRT LESS THAN 1.D-12

 -------------------------------------------------------------------------------
 scfcrt=1.D-21 aux(precision=14 comp xp xs xw) PM7 THREADS=1 charge=0 1SCF XYZ
 Comment line 1
 Comment line 2


     1SCF WAS SPECIFIED, SO BFGS WAS NOT USED                 
     SCF FIELD WAS ACHIEVED                                   


                              PM7 CALCULATION
                                                       MOPAC v23.2.5 Linux
                                                       Tue Jul 21 01:19:40 2026




          FINAL HEAT OF FORMATION =         60.40223 KCAL/MOL =     252.72292 KJ/MOL


          COSMO AREA              =        212.76 SQUARE ANGSTROMS
          COSMO VOLUME            =        222.12 CUBIC ANGSTROMS

          IONIZATION POTENTIAL    =          8.385573 EV
          HOMO LUMO ENERGIES (EV) =         -8.386 -1.099
          NO. OF FILLED LEVELS    =         33
          MOLECULAR WEIGHT        =        178.2330         POINT GROUP:  D2h 

          MOLECULAR DIMENSIONS (Angstroms)

            Atom       Atom       Distance
            H    22    H    19     9.52890
            H    24    H    17     6.08163
            H    23    C     3     0.00000


          SCF CALCULATIONS        =          1

          WALL-CLOCK TIME         =      2.231 SECONDS
          COMPUTATION TIME        =      0.158 SECONDS




   ATOM   CHEMICAL          X               Y               Z
  NUMBER   SYMBOL      (ANGSTROMS)     (ANGSTROMS)     (ANGSTROMS)

     1       C         -1.21429551  *  -0.71192848  *   0.00000000  *
     2       C         -1.21429769  *   0.71182882  *   0.00000000  *
     3       C          0.00023010  *  -1.40275210  *   0.00000001  *
     4       C          0.00010420  *   1.40250231  *   0.00000001  *
     5       C          1.21445535  *  -0.71180244  *   0.00000000  *
     6       C          1.21446082  *   0.71194672  *   0.00000000  *
     7       C         -2.47088156  *  -1.40531732  *  -0.00000000  *
     8       C         -3.64481039  *  -0.71447189  *  -0.00000001  *
     9       C         -3.64446112  *   0.71459767  *  -0.00000001  *
    10       C         -2.47048233  *   1.40530087  *  -0.00000000  *
    11       C          2.47061104  *  -1.40524732  *   0.00000000  *
    12       C          3.64955074  *  -0.71464652  *  -0.00000001  *
    13       C          3.64432856  *   0.71452467  *  -0.00000001  *
    14       C          2.47043539  *   1.40541477  *  -0.00000000  *
    15       H          0.00008557  *  -2.49189517  *   0.00000000  *
    16       H         -0.00013335  *   2.49175437  *   0.00000001  *
    17       H         -2.45528678  *  -2.49381197  *  -0.00000000  *
    18       H         -4.60266688  *  -1.23015815  *  -0.00000001  *
    19       H         -4.60266257  *   1.23073910  *  -0.00000001  *
    20       H         -2.45482247  *   2.49372718  *  -0.00000000  *
    21       H          2.45512621  *  -2.49356509  *  -0.00000000  *
    22       H          4.60293702  *  -1.23034844  *  -0.00000001  *
    23       H          4.60295238  *   1.23052208  *  -0.00000001  *
    24       H          2.45509490  *   2.48863431  *  -0.00000000  *

                             CARTESIAN COORDINATES

   1    C       -1.214295511    -0.711928476     0.000000003
   2    C       -1.214297691     0.711828821     0.000000005
   3    C        0.000230096    -1.402752101     0.000000007
   4    C        0.000104201     1.402502310     0.000000006
   5    C        1.214455347    -0.711802442     0.000000002
   6    C        1.214460823     0.711946720     0.000000005
   7    C       -2.470881562    -1.405317323    -0.000000000
   8    C       -3.644810387    -0.714471887    -0.000000006
   9    C       -3.644461119     0.714597668    -0.000000006
  10    C       -2.470482333     1.405300869    -0.000000000
  11    C        2.470611038    -1.405247322     0.000000001
  12    C        3.649550744    -0.714646520    -0.000000007
  13    C        3.644328560     0.714524675    -0.000000005
  14    C        2.470435386     1.405414766    -0.000000001
  15    H        0.000085569    -2.491895167     0.000000005
  16    H       -0.000133346     2.491754370     0.000000005
  17    H       -2.455286784    -2.493811975    -0.000000001
  18    H       -4.602666880    -1.230158150    -0.000000009
  19    H       -4.602662572     1.230739101    -0.000000009
  20    H       -2.454822468     2.493727182    -0.000000001
  21    H        2.455126209    -2.493565094    -0.000000001
  22    H        4.602937021    -1.230348435    -0.000000009
  23    H        4.602952383     1.230522076    -0.000000009
  24    H        2.455094896     2.488634309    -0.000000001


           Empirical Formula: C14 H10  =    24 atoms



      MOLECULAR POINT GROUP   :   D2h 


                  EIGENVALUES  
 -31.27635 -30.28221 -28.48575 -27.35012 -26.12243 -25.30336 -24.19314 -22.18772
 -21.36864 -21.19954 -20.31505 -18.00820 -17.80211 -17.17191 -15.59147 -15.50689
 -15.16798 -15.15638 -14.52092 -14.32010 -14.11754 -13.80921 -13.25500 -13.15006
 -12.88545 -12.05784 -11.76726 -11.48442 -11.33894 -11.19196  -9.99792  -9.28501
  -8.38557  -1.09895  -0.25315   0.28994   1.11979   1.22322   2.31405   2.99939
   3.74025   3.75091   4.25490   4.30133   4.67387   4.72002   4.81688   4.84353
   4.89822   5.12271   5.15074   5.33754   5.42290   5.53063   5.79657   5.83744
   5.88993   5.92233   5.94661   6.06227   6.10371   6.13096   6.15354   6.18609
   6.20393   6.25944


              NET ATOMIC CHARGES AND DIPOLE CONTRIBUTIONS

  ATOM NO.   TYPE          CHARGE      No. of ELECS.   s-Pop       p-Pop       
    1          C          -0.003405        4.0034     1.06228     2.94113
    2          C          -0.003055        4.0031     1.06220     2.94085
    3          C          -0.168542        4.1685     1.08614     3.08240
    4          C          -0.169018        4.1690     1.08609     3.08293
    5          C          -0.003722        4.0037     1.06213     2.94159
    6          C          -0.002803        4.0028     1.06212     2.94068
    7          C          -0.148439        4.1484     1.08524     3.06320
    8          C          -0.145753        4.1458     1.08349     3.06226
    9          C          -0.145583        4.1456     1.08357     3.06201
   10          C          -0.148649        4.1486     1.08515     3.06350
   11          C          -0.147859        4.1479     1.08608     3.06178
   12          C          -0.145555        4.1456     1.08395     3.06160
   13          C          -0.145267        4.1453     1.08357     3.06170
   14          C          -0.148709        4.1487     1.08421     3.06450
   15          H           0.158943        0.8411     0.84106
   16          H           0.159023        0.8410     0.84098
   17          H           0.152945        0.8471     0.84705
   18          H           0.149457        0.8505     0.85054
   19          H           0.149496        0.8505     0.85050
   20          H           0.152987        0.8470     0.84701
   21          H           0.152652        0.8473     0.84735
   22          H           0.149094        0.8509     0.85091
   23          H           0.149389        0.8506     0.85061
   24          H           0.152374        0.8476     0.84763
 DIPOLE           X         Y         Z       TOTAL
 POINT-CHG.    -0.009    -0.008    -0.000     0.012
 HYBRID         0.001    -0.000    -0.000     0.001
 SUM           -0.008    -0.008    -0.000     0.011


          ATOMIC ORBITAL ELECTRON POPULATIONS

     Atom    s        px        py        pz   
    1  C   1.06228   0.97400   0.97783   0.98930
    2  C   1.06220   0.97406   0.97781   0.98898
    3  C   1.08614   0.98283   1.08428   1.01529
    4  C   1.08609   0.98287   1.08442   1.01564
    5  C   1.06213   0.97409   0.97792   0.98959
    6  C   1.06212   0.97405   0.97777   0.98886
    7  C   1.08524   0.98125   1.07781   1.00414
    8  C   1.08349   1.05769   1.00567   0.99890
    9  C   1.08357   1.05768   1.00566   0.99868
   10  C   1.08515   0.98129   1.07786   1.00434
   11  C   1.08608   0.98078   1.07755   1.00345
   12  C   1.08395   1.05680   1.00543   0.99937
   13  C   1.08357   1.05763   1.00585   0.99822
   14  C   1.08421   0.98136   1.07790   1.00525
   15  H   0.84106
   16  H   0.84098
   17  H   0.84705
   18  H   0.85054
   19  H   0.85050
   20  H   0.84701
   21  H   0.84735
   22  H   0.85091
   23  H   0.85061
   24  H   0.84763

 **********************
 *                    *
 * JOB ENDED NORMALLY *
 *                    *
 **********************



 TOTAL JOB TIME:             2.45 SECONDS

 == MOPAC DONE ==
