 *******************************************************************************
 **                                                                           **
 **                              MOPAC v23.2.5                                **
 **                                                                           **
 *******************************************************************************
 ** MOPAC's Digital Object Identifier: https://doi.org/10.5281/zenodo.6511958 **
 **                                                                           **
 ** Please cite the open-source release paper for use of this MOPAC version:  **
 ** J. E. Moussa and J. J. P. Stewart (2026)                                  **
 ** MOPAC: An open-source semiempirical molecular orbital program             **
 ** J. Open Source Softw., 11(119), 8025, https://doi.org/10.21105/joss.08025 **
 *******************************************************************************

                              PM7 CALCULATION RESULTS

 *******************************************************************************
 *  CALCULATION DONE: (MAX THREADS = 1)              Tue Jul 21 01:19:15 2026  *
 *  PM7        - The PM7 Hamiltonian to be used
 *
 *
 *
 *                 CHARGE ON SYSTEM = 0
 *
 *
 *
 *  XYZ        - CARTESIAN COORDINATE SYSTEM TO BE USED
 *  1SCF       - DO 1 SCF AND THEN STOP 
 *  THREADS=1  - MULTI-THREADING NOT USED
 *  T=         - A TIME OF 172800.0 SECONDS REQUESTED
 *  DUMP=N     - RESTART FILE WRITTEN EVERY 7200.0 SECONDS REQUESTED
 *  SCFCRT     - DEFAULT SCF CRITERION REPLACED BY   0.100E-20
 *  AUX        - OUTPUT AUXILIARY INFORMATION
 *******************************************************************************
scfcrt=1.D-21 aux(precision=14 comp xp xs xw) PM7 THREADS=1 charge=0 1SCF XYZ
 Comment line 1
 Comment line 2
   ATOM   CHEMICAL          X               Y               Z
  NUMBER   SYMBOL      (ANGSTROMS)     (ANGSTROMS)     (ANGSTROMS)

     1       C         -1.21429551  *  -0.71692848  *   0.00000000  *
     2       C         -1.21429769  *   0.71182882  *   0.00000000  *
     3       C          0.00023010  *  -1.40275210  *   0.00000001  *
     4       C          0.00010420  *   1.40250231  *   0.00000001  *
     5       C          1.21445535  *  -0.71180244  *   0.00000000  *
     6       C          1.21446082  *   0.71194672  *   0.00000000  *
     7       C         -2.47088156  *  -1.40531732  *  -0.00000000  *
     8       C         -3.64481039  *  -0.71447189  *  -0.00000001  *
     9       C         -3.64446112  *   0.71459767  *  -0.00000001  *
    10       C         -2.47048233  *   1.40530087  *  -0.00000000  *
    11       C          2.47061104  *  -1.40524732  *   0.00000000  *
    12       C          3.64455074  *  -0.71464652  *  -0.00000001  *
    13       C          3.64432856  *   0.71452467  *  -0.00000001  *
    14       C          2.47043539  *   1.40541477  *  -0.00000000  *
    15       H          0.00008557  *  -2.49189517  *   0.00000000  *
    16       H         -0.00013335  *   2.49175437  *   0.00000001  *
    17       H         -2.45528678  *  -2.49381197  *  -0.00000000  *
    18       H         -4.60266688  *  -1.23015815  *  -0.00000001  *
    19       H         -4.60266257  *   1.23073910  *  -0.00000001  *
    20       H         -2.45482247  *   2.49372718  *  -0.00000000  *
    21       H          2.45512621  *  -2.49356509  *  -0.00000000  *
    22       H          4.60293702  *  -1.23034844  *  -0.00000001  *
    23       H          4.60295238  *   1.23052208  *  -0.00000001  *
    24       H          2.45509490  *   2.49363431  *  -0.00500000  *



          CARTESIAN COORDINATES 

    NO.       ATOM           X           Y           Z

     1         C         -1.2143     -0.7169      0.0000
     2         C         -1.2143      0.7118      0.0000
     3         C          0.0002     -1.4028      0.0000
     4         C          0.0001      1.4025      0.0000
     5         C          1.2145     -0.7118      0.0000
     6         C          1.2145      0.7119      0.0000
     7         C         -2.4709     -1.4053     -0.0000
     8         C         -3.6448     -0.7145     -0.0000
     9         C         -3.6445      0.7146     -0.0000
    10         C         -2.4705      1.4053     -0.0000
    11         C          2.4706     -1.4052      0.0000
    12         C          3.6446     -0.7146     -0.0000
    13         C          3.6443      0.7145     -0.0000
    14         C          2.4704      1.4054     -0.0000
    15         H          0.0001     -2.4919      0.0000
    16         H         -0.0001      2.4918      0.0000
    17         H         -2.4553     -2.4938     -0.0000
    18         H         -4.6027     -1.2302     -0.0000
    19         H         -4.6027      1.2307     -0.0000
    20         H         -2.4548      2.4937     -0.0000
    21         H          2.4551     -2.4936     -0.0000
    22         H          4.6029     -1.2303     -0.0000
    23         H          4.6030      1.2305     -0.0000
    24         H          2.4551      2.4936     -0.0050

 General Reference for PM7:
 "Optimization of Parameters for Semiempirical Methods VI: More Modifications to the 
 NDDO Approximations and Re-optimization of Parameters", J. J. P. Stewart, J. Mol. Mod., 1:32, 19 (2013)
 https://link.springer.com/article/10.1007/s00894-012-1667-x

           Empirical Formula: C14 H10  =    24 atoms



      MOLECULAR POINT GROUP   :   D2h 


      RHF CALCULATION, NO. OF DOUBLY OCCUPIED LEVELS = 33

  SCF CRITERION =    0.1000E-20


   THERE IS A RISK OF INFINITE LOOPING WITH THE SCFCRT LESS THAN 1.D-12

 -------------------------------------------------------------------------------
 scfcrt=1.D-21 aux(precision=14 comp xp xs xw) PM7 THREADS=1 charge=0 1SCF XYZ
 Comment line 1
 Comment line 2


     1SCF WAS SPECIFIED, SO BFGS WAS NOT USED                 
     SCF FIELD WAS ACHIEVED                                   


                              PM7 CALCULATION
                                                       MOPAC v23.2.5 Linux
                                                       Tue Jul 21 01:19:28 2026




          FINAL HEAT OF FORMATION =         60.39393 KCAL/MOL =     252.68820 KJ/MOL


          COSMO AREA              =        212.67 SQUARE ANGSTROMS
          COSMO VOLUME            =        221.99 CUBIC ANGSTROMS

          IONIZATION POTENTIAL    =          8.388848 EV
          HOMO LUMO ENERGIES (EV) =         -8.389 -1.095
          NO. OF FILLED LEVELS    =         33
          MOLECULAR WEIGHT        =        178.2330         POINT GROUP:  D2h 

          MOLECULAR DIMENSIONS (Angstroms)

            Atom       Atom       Distance
            H    22    H    19     9.52890
            H    24    H    17     6.08646
            H    24    H    16     0.00448


          SCF CALCULATIONS        =          1

          WALL-CLOCK TIME         =     13.139 SECONDS
          COMPUTATION TIME        =      0.143 SECONDS




   ATOM   CHEMICAL          X               Y               Z
  NUMBER   SYMBOL      (ANGSTROMS)     (ANGSTROMS)     (ANGSTROMS)

     1       C         -1.21429551  *  -0.71692848  *   0.00000000  *
     2       C         -1.21429769  *   0.71182882  *   0.00000000  *
     3       C          0.00023010  *  -1.40275210  *   0.00000001  *
     4       C          0.00010420  *   1.40250231  *   0.00000001  *
     5       C          1.21445535  *  -0.71180244  *   0.00000000  *
     6       C          1.21446082  *   0.71194672  *   0.00000000  *
     7       C         -2.47088156  *  -1.40531732  *  -0.00000000  *
     8       C         -3.64481039  *  -0.71447189  *  -0.00000001  *
     9       C         -3.64446112  *   0.71459767  *  -0.00000001  *
    10       C         -2.47048233  *   1.40530087  *  -0.00000000  *
    11       C          2.47061104  *  -1.40524732  *   0.00000000  *
    12       C          3.64455074  *  -0.71464652  *  -0.00000001  *
    13       C          3.64432856  *   0.71452467  *  -0.00000001  *
    14       C          2.47043539  *   1.40541477  *  -0.00000000  *
    15       H          0.00008557  *  -2.49189517  *   0.00000000  *
    16       H         -0.00013335  *   2.49175437  *   0.00000001  *
    17       H         -2.45528678  *  -2.49381197  *  -0.00000000  *
    18       H         -4.60266688  *  -1.23015815  *  -0.00000001  *
    19       H         -4.60266257  *   1.23073910  *  -0.00000001  *
    20       H         -2.45482247  *   2.49372718  *  -0.00000000  *
    21       H          2.45512621  *  -2.49356509  *  -0.00000000  *
    22       H          4.60293702  *  -1.23034844  *  -0.00000001  *
    23       H          4.60295238  *   1.23052208  *  -0.00000001  *
    24       H          2.45509490  *   2.49363431  *  -0.00500000  *

                             CARTESIAN COORDINATES

   1    C       -1.214295511    -0.716928476     0.000000003
   2    C       -1.214297691     0.711828821     0.000000005
   3    C        0.000230096    -1.402752101     0.000000007
   4    C        0.000104201     1.402502310     0.000000006
   5    C        1.214455347    -0.711802442     0.000000002
   6    C        1.214460823     0.711946720     0.000000005
   7    C       -2.470881562    -1.405317323    -0.000000000
   8    C       -3.644810387    -0.714471887    -0.000000006
   9    C       -3.644461119     0.714597668    -0.000000006
  10    C       -2.470482333     1.405300869    -0.000000000
  11    C        2.470611038    -1.405247322     0.000000001
  12    C        3.644550744    -0.714646520    -0.000000007
  13    C        3.644328560     0.714524675    -0.000000005
  14    C        2.470435386     1.405414766    -0.000000001
  15    H        0.000085569    -2.491895167     0.000000005
  16    H       -0.000133346     2.491754370     0.000000005
  17    H       -2.455286784    -2.493811975    -0.000000001
  18    H       -4.602666880    -1.230158150    -0.000000009
  19    H       -4.602662572     1.230739101    -0.000000009
  20    H       -2.454822468     2.493727182    -0.000000001
  21    H        2.455126209    -2.493565094    -0.000000001
  22    H        4.602937021    -1.230348435    -0.000000009
  23    H        4.602952383     1.230522076    -0.000000009
  24    H        2.455094896     2.493634309    -0.005000001


           Empirical Formula: C14 H10  =    24 atoms



      MOLECULAR POINT GROUP   :   D2h 


                  EIGENVALUES  
 -31.26956 -30.28382 -28.48709 -27.35417 -26.12692 -25.29470 -24.19999 -22.18265
 -21.37201 -21.18936 -20.30356 -18.00827 -17.80170 -17.16823 -15.58939 -15.50006
 -15.16514 -15.14690 -14.51889 -14.32199 -14.11665 -13.80854 -13.24635 -13.15187
 -12.88361 -12.04796 -11.77136 -11.47238 -11.33934 -11.20102 -10.00443  -9.27378
  -8.38885  -1.09491  -0.25758   0.29715   1.12966   1.22587   2.31757   3.00180
   3.73630   3.75911   4.25107   4.30615   4.67063   4.72396   4.80794   4.84866
   4.89957   5.12312   5.15589   5.34395   5.42776   5.53396   5.79334   5.84056
   5.88670   5.92237   5.94499   6.06083   6.10159   6.12579   6.15020   6.17976
   6.20037   6.25973


              NET ATOMIC CHARGES AND DIPOLE CONTRIBUTIONS

  ATOM NO.   TYPE          CHARGE      No. of ELECS.   s-Pop       p-Pop       
    1          C          -0.003163        4.0032     1.06228     2.94089
    2          C          -0.002735        4.0027     1.06329     2.93945
    3          C          -0.169291        4.1693     1.08544     3.08385
    4          C          -0.169249        4.1692     1.08612     3.08313
    5          C          -0.002915        4.0029     1.06209     2.94083
    6          C          -0.003104        4.0031     1.06211     2.94099
    7          C          -0.149051        4.1491     1.08457     3.06448
    8          C          -0.145120        4.1451     1.08348     3.06164
    9          C          -0.145679        4.1457     1.08356     3.06211
   10          C          -0.148784        4.1488     1.08520     3.06359
   11          C          -0.148469        4.1485     1.08512     3.06335
   12          C          -0.145771        4.1458     1.08357     3.06220
   13          C          -0.145653        4.1457     1.08364     3.06201
   14          C          -0.148640        4.1486     1.08509     3.06355
   15          H           0.158923        0.8411     0.84108
   16          H           0.158977        0.8410     0.84102
   17          H           0.152916        0.8471     0.84708
   18          H           0.149456        0.8505     0.85054
   19          H           0.149484        0.8505     0.85052
   20          H           0.152980        0.8470     0.84702
   21          H           0.152948        0.8471     0.84705
   22          H           0.149498        0.8505     0.85050
   23          H           0.149496        0.8505     0.85050
   24          H           0.152946        0.8471     0.84705
 DIPOLE           X         Y         Z       TOTAL
 POINT-CHG.    -0.001     0.002    -0.004     0.005
 HYBRID        -0.000     0.000    -0.000     0.001
 SUM           -0.002     0.003    -0.004     0.005


          ATOMIC ORBITAL ELECTRON POPULATIONS

     Atom    s        px        py        pz   
    1  C   1.06228   0.97411   0.97762   0.98916
    2  C   1.06329   0.97371   0.97724   0.98850
    3  C   1.08544   0.98309   1.08486   1.01590
    4  C   1.08612   0.98305   1.08436   1.01573
    5  C   1.06209   0.97389   0.97773   0.98920
    6  C   1.06211   0.97406   0.97783   0.98910
    7  C   1.08457   0.98140   1.07838   1.00470
    8  C   1.08348   1.05751   1.00559   0.99855
    9  C   1.08356   1.05767   1.00569   0.99876
   10  C   1.08520   0.98147   1.07784   1.00427
   11  C   1.08512   0.98130   1.07787   1.00418
   12  C   1.08357   1.05767   1.00567   0.99887
   13  C   1.08364   1.05766   1.00565   0.99870
   14  C   1.08509   0.98134   1.07785   1.00437
   15  H   0.84108
   16  H   0.84102
   17  H   0.84708
   18  H   0.85054
   19  H   0.85052
   20  H   0.84702
   21  H   0.84705
   22  H   0.85050
   23  H   0.85050
   24  H   0.84705

 **********************
 *                    *
 * JOB ENDED NORMALLY *
 *                    *
 **********************



 TOTAL JOB TIME:            13.50 SECONDS

 == MOPAC DONE ==
