 *******************************************************************************
 **                                                                           **
 **                              MOPAC v23.2.5                                **
 **                                                                           **
 *******************************************************************************
 ** MOPAC's Digital Object Identifier: https://doi.org/10.5281/zenodo.6511958 **
 **                                                                           **
 ** Please cite the open-source release paper for use of this MOPAC version:  **
 ** J. E. Moussa and J. J. P. Stewart (2026)                                  **
 ** MOPAC: An open-source semiempirical molecular orbital program             **
 ** J. Open Source Softw., 11(119), 8025, https://doi.org/10.21105/joss.08025 **
 *******************************************************************************

                              PM7 CALCULATION RESULTS

 *******************************************************************************
 *  CALCULATION DONE: (MAX THREADS = 1)              Tue Jul 21 01:19:30 2026  *
 *  PM7        - The PM7 Hamiltonian to be used
 *
 *
 *
 *                 CHARGE ON SYSTEM = 0
 *
 *
 *
 *  XYZ        - CARTESIAN COORDINATE SYSTEM TO BE USED
 *  1SCF       - DO 1 SCF AND THEN STOP 
 *  THREADS=1  - MULTI-THREADING NOT USED
 *  T=         - A TIME OF 172800.0 SECONDS REQUESTED
 *  DUMP=N     - RESTART FILE WRITTEN EVERY 7200.0 SECONDS REQUESTED
 *  SCFCRT     - DEFAULT SCF CRITERION REPLACED BY   0.100E-20
 *  AUX        - OUTPUT AUXILIARY INFORMATION
 *******************************************************************************
scfcrt=1.D-21 aux(precision=14 comp xp xs xw) PM7 THREADS=1 charge=0 1SCF XYZ
 Comment line 1
 Comment line 2
   ATOM   CHEMICAL          X               Y               Z
  NUMBER   SYMBOL      (ANGSTROMS)     (ANGSTROMS)     (ANGSTROMS)

     1       C         -1.21429551  *  -0.71192848  *   0.00000000  *
     2       C         -1.21429769  *   0.71182882  *   0.00000000  *
     3       C          0.00023010  *  -1.40275210  *   0.00000001  *
     4       C          0.00010420  *   1.40250231  *   0.00000001  *
     5       C          1.21445535  *  -0.71180244  *   0.00000000  *
     6       C          1.21446082  *   0.71194672  *   0.00000000  *
     7       C         -2.47088156  *  -1.40531732  *  -0.00000000  *
     8       C         -3.64481039  *  -0.71447189  *  -0.00000001  *
     9       C         -3.64446112  *   0.71459767  *  -0.00000001  *
    10       C         -2.47048233  *   1.40530087  *  -0.00000000  *
    11       C          2.47061104  *  -1.40524732  *   0.00000000  *
    12       C          3.64455074  *  -0.71464652  *  -0.00000001  *
    13       C          3.64432856  *   0.71452467  *  -0.00000001  *
    14       C          2.47043539  *   1.40541477  *  -0.00000000  *
    15       H          0.00008557  *  -2.49189517  *   0.00000000  *
    16       H         -0.00013335  *   2.49175437  *   0.00000001  *
    17       H         -2.45528678  *  -2.49381197  *  -0.00000000  *
    18       H         -4.60266688  *  -1.23015815  *  -0.00000001  *
    19       H         -4.60266257  *   1.23073910  *  -0.00000001  *
    20       H         -2.45482247  *   2.49372718  *  -0.00000000  *
    21       H          2.45512621  *  -2.49356509  *  -0.00000000  *
    22       H          4.60293702  *  -1.23034844  *  -0.00000001  *
    23       H          4.59795238  *   1.23052208  *  -0.00000001  *
    24       H          2.45509490  *   2.48863431  *  -0.00000000  *



          CARTESIAN COORDINATES 

    NO.       ATOM           X           Y           Z

     1         C         -1.2143     -0.7119      0.0000
     2         C         -1.2143      0.7118      0.0000
     3         C          0.0002     -1.4028      0.0000
     4         C          0.0001      1.4025      0.0000
     5         C          1.2145     -0.7118      0.0000
     6         C          1.2145      0.7119      0.0000
     7         C         -2.4709     -1.4053     -0.0000
     8         C         -3.6448     -0.7145     -0.0000
     9         C         -3.6445      0.7146     -0.0000
    10         C         -2.4705      1.4053     -0.0000
    11         C          2.4706     -1.4052      0.0000
    12         C          3.6446     -0.7146     -0.0000
    13         C          3.6443      0.7145     -0.0000
    14         C          2.4704      1.4054     -0.0000
    15         H          0.0001     -2.4919      0.0000
    16         H         -0.0001      2.4918      0.0000
    17         H         -2.4553     -2.4938     -0.0000
    18         H         -4.6027     -1.2302     -0.0000
    19         H         -4.6027      1.2307     -0.0000
    20         H         -2.4548      2.4937     -0.0000
    21         H          2.4551     -2.4936     -0.0000
    22         H          4.6029     -1.2303     -0.0000
    23         H          4.5980      1.2305     -0.0000
    24         H          2.4551      2.4886     -0.0000

 General Reference for PM7:
 "Optimization of Parameters for Semiempirical Methods VI: More Modifications to the 
 NDDO Approximations and Re-optimization of Parameters", J. J. P. Stewart, J. Mol. Mod., 1:32, 19 (2013)
 https://link.springer.com/article/10.1007/s00894-012-1667-x

           Empirical Formula: C14 H10  =    24 atoms



      MOLECULAR POINT GROUP   :   D2h 


      RHF CALCULATION, NO. OF DOUBLY OCCUPIED LEVELS = 33

  SCF CRITERION =    0.1000E-20


   THERE IS A RISK OF INFINITE LOOPING WITH THE SCFCRT LESS THAN 1.D-12

 -------------------------------------------------------------------------------
 scfcrt=1.D-21 aux(precision=14 comp xp xs xw) PM7 THREADS=1 charge=0 1SCF XYZ
 Comment line 1
 Comment line 2


     1SCF WAS SPECIFIED, SO BFGS WAS NOT USED                 
     SCF FIELD WAS ACHIEVED                                   


                              PM7 CALCULATION
                                                       MOPAC v23.2.5 Linux
                                                       Tue Jul 21 01:19:31 2026




          FINAL HEAT OF FORMATION =         60.38754 KCAL/MOL =     252.66148 KJ/MOL


          COSMO AREA              =        212.74 SQUARE ANGSTROMS
          COSMO VOLUME            =        222.08 CUBIC ANGSTROMS

          IONIZATION POTENTIAL    =          8.390160 EV
          HOMO LUMO ENERGIES (EV) =         -8.390 -1.095
          NO. OF FILLED LEVELS    =         33
          MOLECULAR WEIGHT        =        178.2330         POINT GROUP:  D2h 

          MOLECULAR DIMENSIONS (Angstroms)

            Atom       Atom       Distance
            H    22    H    19     9.52890
            H    24    H    17     6.08163
            H    23    C     3     0.00000


          SCF CALCULATIONS        =          1

          WALL-CLOCK TIME         =      1.374 SECONDS
          COMPUTATION TIME        =      0.101 SECONDS




   ATOM   CHEMICAL          X               Y               Z
  NUMBER   SYMBOL      (ANGSTROMS)     (ANGSTROMS)     (ANGSTROMS)

     1       C         -1.21429551  *  -0.71192848  *   0.00000000  *
     2       C         -1.21429769  *   0.71182882  *   0.00000000  *
     3       C          0.00023010  *  -1.40275210  *   0.00000001  *
     4       C          0.00010420  *   1.40250231  *   0.00000001  *
     5       C          1.21445535  *  -0.71180244  *   0.00000000  *
     6       C          1.21446082  *   0.71194672  *   0.00000000  *
     7       C         -2.47088156  *  -1.40531732  *  -0.00000000  *
     8       C         -3.64481039  *  -0.71447189  *  -0.00000001  *
     9       C         -3.64446112  *   0.71459767  *  -0.00000001  *
    10       C         -2.47048233  *   1.40530087  *  -0.00000000  *
    11       C          2.47061104  *  -1.40524732  *   0.00000000  *
    12       C          3.64455074  *  -0.71464652  *  -0.00000001  *
    13       C          3.64432856  *   0.71452467  *  -0.00000001  *
    14       C          2.47043539  *   1.40541477  *  -0.00000000  *
    15       H          0.00008557  *  -2.49189517  *   0.00000000  *
    16       H         -0.00013335  *   2.49175437  *   0.00000001  *
    17       H         -2.45528678  *  -2.49381197  *  -0.00000000  *
    18       H         -4.60266688  *  -1.23015815  *  -0.00000001  *
    19       H         -4.60266257  *   1.23073910  *  -0.00000001  *
    20       H         -2.45482247  *   2.49372718  *  -0.00000000  *
    21       H          2.45512621  *  -2.49356509  *  -0.00000000  *
    22       H          4.60293702  *  -1.23034844  *  -0.00000001  *
    23       H          4.59795238  *   1.23052208  *  -0.00000001  *
    24       H          2.45509490  *   2.48863431  *  -0.00000000  *

                             CARTESIAN COORDINATES

   1    C       -1.214295511    -0.711928476     0.000000003
   2    C       -1.214297691     0.711828821     0.000000005
   3    C        0.000230096    -1.402752101     0.000000007
   4    C        0.000104201     1.402502310     0.000000006
   5    C        1.214455347    -0.711802442     0.000000002
   6    C        1.214460823     0.711946720     0.000000005
   7    C       -2.470881562    -1.405317323    -0.000000000
   8    C       -3.644810387    -0.714471887    -0.000000006
   9    C       -3.644461119     0.714597668    -0.000000006
  10    C       -2.470482333     1.405300869    -0.000000000
  11    C        2.470611038    -1.405247322     0.000000001
  12    C        3.644550744    -0.714646520    -0.000000007
  13    C        3.644328560     0.714524675    -0.000000005
  14    C        2.470435386     1.405414766    -0.000000001
  15    H        0.000085569    -2.491895167     0.000000005
  16    H       -0.000133346     2.491754370     0.000000005
  17    H       -2.455286784    -2.493811975    -0.000000001
  18    H       -4.602666880    -1.230158150    -0.000000009
  19    H       -4.602662572     1.230739101    -0.000000009
  20    H       -2.454822468     2.493727182    -0.000000001
  21    H        2.455126209    -2.493565094    -0.000000001
  22    H        4.602937021    -1.230348435    -0.000000009
  23    H        4.597952383     1.230522076    -0.000000009
  24    H        2.455094896     2.488634309    -0.000000001


           Empirical Formula: C14 H10  =    24 atoms



      MOLECULAR POINT GROUP   :   D2h 


                  EIGENVALUES  
 -31.28104 -30.29336 -28.49360 -27.35345 -26.13154 -25.30375 -24.20209 -22.18651
 -21.37237 -21.20066 -20.31700 -18.00786 -17.80379 -17.17588 -15.59016 -15.50533
 -15.16883 -15.15860 -14.52304 -14.32409 -14.11952 -13.80770 -13.25424 -13.15516
 -12.88401 -12.05664 -11.76588 -11.48402 -11.34257 -11.19386 -10.00336  -9.28493
  -8.39016  -1.09517  -0.25277   0.29300   1.12067   1.22549   2.31605   3.00020
   3.74050   3.75020   4.25437   4.30016   4.67314   4.72012   4.81675   4.84647
   4.89771   5.12292   5.15054   5.34211   5.42460   5.53318   5.79722   5.84238
   5.88941   5.92226   5.94840   6.06217   6.10732   6.13080   6.15627   6.18390
   6.20495   6.26021


              NET ATOMIC CHARGES AND DIPOLE CONTRIBUTIONS

  ATOM NO.   TYPE          CHARGE      No. of ELECS.   s-Pop       p-Pop       
    1          C          -0.003230        4.0032     1.06229     2.94094
    2          C          -0.003270        4.0033     1.06219     2.94108
    3          C          -0.168801        4.1688     1.08614     3.08266
    4          C          -0.168779        4.1688     1.08611     3.08267
    5          C          -0.003227        4.0032     1.06216     2.94106
    6          C          -0.003241        4.0032     1.06211     2.94113
    7          C          -0.148518        4.1485     1.08524     3.06328
    8          C          -0.145679        4.1457     1.08350     3.06218
    9          C          -0.145666        4.1457     1.08356     3.06210
   10          C          -0.148560        4.1486     1.08516     3.06340
   11          C          -0.148395        4.1484     1.08513     3.06327
   12          C          -0.145637        4.1456     1.08355     3.06209
   13          C          -0.145260        4.1453     1.08297     3.06229
   14          C          -0.148349        4.1483     1.08433     3.06402
   15          H           0.158950        0.8411     0.84105
   16          H           0.159006        0.8410     0.84099
   17          H           0.152949        0.8471     0.84705
   18          H           0.149450        0.8505     0.85055
   19          H           0.149498        0.8505     0.85050
   20          H           0.152978        0.8470     0.84702
   21          H           0.152956        0.8470     0.84704
   22          H           0.149555        0.8504     0.85044
   23          H           0.148964        0.8510     0.85104
   24          H           0.152303        0.8477     0.84770
 DIPOLE           X         Y         Z       TOTAL
 POINT-CHG.    -0.008    -0.012    -0.000     0.014
 HYBRID         0.001     0.004    -0.000     0.004
 SUM           -0.007    -0.008    -0.000     0.011


          ATOMIC ORBITAL ELECTRON POPULATIONS

     Atom    s        px        py        pz   
    1  C   1.06229   0.97400   0.97781   0.98913
    2  C   1.06219   0.97407   0.97783   0.98918
    3  C   1.08614   0.98286   1.08430   1.01550
    4  C   1.08611   0.98287   1.08439   1.01541
    5  C   1.06216   0.97405   0.97782   0.98919
    6  C   1.06211   0.97407   0.97783   0.98923
    7  C   1.08524   0.98126   1.07782   1.00420
    8  C   1.08350   1.05768   1.00567   0.99883
    9  C   1.08356   1.05768   1.00566   0.99876
   10  C   1.08516   0.98129   1.07785   1.00427
   11  C   1.08513   0.98132   1.07787   1.00408
   12  C   1.08355   1.05770   1.00557   0.99882
   13  C   1.08297   1.05777   1.00572   0.99880
   14  C   1.08433   0.98152   1.07791   1.00460
   15  H   0.84105
   16  H   0.84099
   17  H   0.84705
   18  H   0.85055
   19  H   0.85050
   20  H   0.84702
   21  H   0.84704
   22  H   0.85044
   23  H   0.85104
   24  H   0.84770

 **********************
 *                    *
 * JOB ENDED NORMALLY *
 *                    *
 **********************



 TOTAL JOB TIME:             1.54 SECONDS

 == MOPAC DONE ==
