 *******************************************************************************
 **                                                                           **
 **                              MOPAC v23.2.5                                **
 **                                                                           **
 *******************************************************************************
 ** MOPAC's Digital Object Identifier: https://doi.org/10.5281/zenodo.6511958 **
 **                                                                           **
 ** Please cite the open-source release paper for use of this MOPAC version:  **
 ** J. E. Moussa and J. J. P. Stewart (2026)                                  **
 ** MOPAC: An open-source semiempirical molecular orbital program             **
 ** J. Open Source Softw., 11(119), 8025, https://doi.org/10.21105/joss.08025 **
 *******************************************************************************

                              PM7 CALCULATION RESULTS

 *******************************************************************************
 *  CALCULATION DONE: (MAX THREADS = 1)              Tue Jul 21 01:19:33 2026  *
 *  PM7        - The PM7 Hamiltonian to be used
 *
 *
 *
 *                 CHARGE ON SYSTEM = 0
 *
 *
 *
 *  XYZ        - CARTESIAN COORDINATE SYSTEM TO BE USED
 *  1SCF       - DO 1 SCF AND THEN STOP 
 *  THREADS=1  - MULTI-THREADING NOT USED
 *  T=         - A TIME OF 172800.0 SECONDS REQUESTED
 *  DUMP=N     - RESTART FILE WRITTEN EVERY 7200.0 SECONDS REQUESTED
 *  SCFCRT     - DEFAULT SCF CRITERION REPLACED BY   0.100E-20
 *  AUX        - OUTPUT AUXILIARY INFORMATION
 *******************************************************************************
scfcrt=1.D-21 aux(precision=14 comp xp xs xw) PM7 THREADS=1 charge=0 1SCF XYZ
 Comment line 1
 Comment line 2
   ATOM   CHEMICAL          X               Y               Z
  NUMBER   SYMBOL      (ANGSTROMS)     (ANGSTROMS)     (ANGSTROMS)

     1       C         -1.21429551  *  -0.71192848  *   0.00000000  *
     2       C         -1.21429769  *   0.71182882  *   0.00000000  *
     3       C          0.00023010  *  -1.40275210  *   0.00000001  *
     4       C          0.00010420  *   1.40250231  *   0.00000001  *
     5       C          1.21445535  *  -0.71180244  *   0.00000000  *
     6       C          1.21446082  *   0.71194672  *   0.00000000  *
     7       C         -2.47088156  *  -1.40531732  *  -0.00000000  *
     8       C         -3.64481039  *  -0.71447189  *  -0.00000001  *
     9       C         -3.64446112  *   0.71459767  *  -0.00000001  *
    10       C         -2.47048233  *   1.40530087  *  -0.00000000  *
    11       C          2.47061104  *  -1.40524732  *   0.00000000  *
    12       C          3.64455074  *  -0.71464652  *  -0.00000001  *
    13       C          3.64432856  *   0.71452467  *  -0.00000001  *
    14       C          2.47043539  *   1.40541477  *  -0.00000000  *
    15       H          0.00008557  *  -2.49189517  *   0.00000000  *
    16       H         -0.00013335  *   2.49175437  *   0.00000001  *
    17       H         -2.45528678  *  -2.49381197  *  -0.00000000  *
    18       H         -4.60266688  *  -1.23015815  *  -0.00000001  *
    19       H         -4.60266257  *   1.23073910  *  -0.00000001  *
    20       H         -2.45482247  *   2.49372718  *  -0.00000000  *
    21       H          2.45512621  *  -2.49356509  *  -0.00000000  *
    22       H          4.60293702  *  -1.23034844  *  -0.00000001  *
    23       H          4.60795238  *   1.23052208  *  -0.00000001  *
    24       H          2.45009490  *   2.49363431  *  -0.00000000  *



          CARTESIAN COORDINATES 

    NO.       ATOM           X           Y           Z

     1         C         -1.2143     -0.7119      0.0000
     2         C         -1.2143      0.7118      0.0000
     3         C          0.0002     -1.4028      0.0000
     4         C          0.0001      1.4025      0.0000
     5         C          1.2145     -0.7118      0.0000
     6         C          1.2145      0.7119      0.0000
     7         C         -2.4709     -1.4053     -0.0000
     8         C         -3.6448     -0.7145     -0.0000
     9         C         -3.6445      0.7146     -0.0000
    10         C         -2.4705      1.4053     -0.0000
    11         C          2.4706     -1.4052      0.0000
    12         C          3.6446     -0.7146     -0.0000
    13         C          3.6443      0.7145     -0.0000
    14         C          2.4704      1.4054     -0.0000
    15         H          0.0001     -2.4919      0.0000
    16         H         -0.0001      2.4918      0.0000
    17         H         -2.4553     -2.4938     -0.0000
    18         H         -4.6027     -1.2302     -0.0000
    19         H         -4.6027      1.2307     -0.0000
    20         H         -2.4548      2.4937     -0.0000
    21         H          2.4551     -2.4936     -0.0000
    22         H          4.6029     -1.2303     -0.0000
    23         H          4.6080      1.2305     -0.0000
    24         H          2.4501      2.4936     -0.0000

 General Reference for PM7:
 "Optimization of Parameters for Semiempirical Methods VI: More Modifications to the 
 NDDO Approximations and Re-optimization of Parameters", J. J. P. Stewart, J. Mol. Mod., 1:32, 19 (2013)
 https://link.springer.com/article/10.1007/s00894-012-1667-x

           Empirical Formula: C14 H10  =    24 atoms



      MOLECULAR POINT GROUP   :   D2h 


      RHF CALCULATION, NO. OF DOUBLY OCCUPIED LEVELS = 33

  SCF CRITERION =    0.1000E-20


   THERE IS A RISK OF INFINITE LOOPING WITH THE SCFCRT LESS THAN 1.D-12

 -------------------------------------------------------------------------------
 scfcrt=1.D-21 aux(precision=14 comp xp xs xw) PM7 THREADS=1 charge=0 1SCF XYZ
 Comment line 1
 Comment line 2


     1SCF WAS SPECIFIED, SO BFGS WAS NOT USED                 
     SCF FIELD WAS ACHIEVED                                   


                              PM7 CALCULATION
                                                       MOPAC v23.2.5 Linux
                                                       Tue Jul 21 01:19:37 2026




          FINAL HEAT OF FORMATION =         60.38344 KCAL/MOL =     252.64432 KJ/MOL


          COSMO AREA              =        212.75 SQUARE ANGSTROMS
          COSMO VOLUME            =        222.10 CUBIC ANGSTROMS

          IONIZATION POTENTIAL    =          8.387613 EV
          HOMO LUMO ENERGIES (EV) =         -8.388 -1.093
          NO. OF FILLED LEVELS    =         33
          MOLECULAR WEIGHT        =        178.2330         POINT GROUP:  D2h 

          MOLECULAR DIMENSIONS (Angstroms)

            Atom       Atom       Distance
            H    23    H    18     9.53365
            H    21    H    20     6.08559
            C     3    H    18     0.00000


          SCF CALCULATIONS        =          1

          WALL-CLOCK TIME         =      4.071 SECONDS
          COMPUTATION TIME        =      0.158 SECONDS




   ATOM   CHEMICAL          X               Y               Z
  NUMBER   SYMBOL      (ANGSTROMS)     (ANGSTROMS)     (ANGSTROMS)

     1       C         -1.21429551  *  -0.71192848  *   0.00000000  *
     2       C         -1.21429769  *   0.71182882  *   0.00000000  *
     3       C          0.00023010  *  -1.40275210  *   0.00000001  *
     4       C          0.00010420  *   1.40250231  *   0.00000001  *
     5       C          1.21445535  *  -0.71180244  *   0.00000000  *
     6       C          1.21446082  *   0.71194672  *   0.00000000  *
     7       C         -2.47088156  *  -1.40531732  *  -0.00000000  *
     8       C         -3.64481039  *  -0.71447189  *  -0.00000001  *
     9       C         -3.64446112  *   0.71459767  *  -0.00000001  *
    10       C         -2.47048233  *   1.40530087  *  -0.00000000  *
    11       C          2.47061104  *  -1.40524732  *   0.00000000  *
    12       C          3.64455074  *  -0.71464652  *  -0.00000001  *
    13       C          3.64432856  *   0.71452467  *  -0.00000001  *
    14       C          2.47043539  *   1.40541477  *  -0.00000000  *
    15       H          0.00008557  *  -2.49189517  *   0.00000000  *
    16       H         -0.00013335  *   2.49175437  *   0.00000001  *
    17       H         -2.45528678  *  -2.49381197  *  -0.00000000  *
    18       H         -4.60266688  *  -1.23015815  *  -0.00000001  *
    19       H         -4.60266257  *   1.23073910  *  -0.00000001  *
    20       H         -2.45482247  *   2.49372718  *  -0.00000000  *
    21       H          2.45512621  *  -2.49356509  *  -0.00000000  *
    22       H          4.60293702  *  -1.23034844  *  -0.00000001  *
    23       H          4.60795238  *   1.23052208  *  -0.00000001  *
    24       H          2.45009490  *   2.49363431  *  -0.00000000  *

                             CARTESIAN COORDINATES

   1    C       -1.214295511    -0.711928476     0.000000003
   2    C       -1.214297691     0.711828821     0.000000005
   3    C        0.000230096    -1.402752101     0.000000007
   4    C        0.000104201     1.402502310     0.000000006
   5    C        1.214455347    -0.711802442     0.000000002
   6    C        1.214460823     0.711946720     0.000000005
   7    C       -2.470881562    -1.405317323    -0.000000000
   8    C       -3.644810387    -0.714471887    -0.000000006
   9    C       -3.644461119     0.714597668    -0.000000006
  10    C       -2.470482333     1.405300869    -0.000000000
  11    C        2.470611038    -1.405247322     0.000000001
  12    C        3.644550744    -0.714646520    -0.000000007
  13    C        3.644328560     0.714524675    -0.000000005
  14    C        2.470435386     1.405414766    -0.000000001
  15    H        0.000085569    -2.491895167     0.000000005
  16    H       -0.000133346     2.491754370     0.000000005
  17    H       -2.455286784    -2.493811975    -0.000000001
  18    H       -4.602666880    -1.230158150    -0.000000009
  19    H       -4.602662572     1.230739101    -0.000000009
  20    H       -2.454822468     2.493727182    -0.000000001
  21    H        2.455126209    -2.493565094    -0.000000001
  22    H        4.602937021    -1.230348435    -0.000000009
  23    H        4.607952383     1.230522076    -0.000000009
  24    H        2.450094896     2.493634309    -0.000000001


           Empirical Formula: C14 H10  =    24 atoms



      MOLECULAR POINT GROUP   :   D2h 


                  EIGENVALUES  
 -31.27627 -30.28414 -28.48333 -27.34774 -26.11990 -25.29441 -24.19001 -22.17780
 -21.36287 -21.19592 -20.30821 -17.99758 -17.79652 -17.16670 -15.58686 -15.49391
 -15.16499 -15.15302 -14.52061 -14.31800 -14.11436 -13.80540 -13.24888 -13.15223
 -12.87730 -12.04998 -11.76206 -11.47987 -11.33967 -11.19144 -10.00039  -9.28228
  -8.38761  -1.09258  -0.25012   0.29602   1.12313   1.22845   2.31906   3.00265
   3.74141   3.75257   4.25487   4.30113   4.67550   4.72294   4.81943   4.84903
   4.90089   5.11959   5.15311   5.34498   5.42348   5.53400   5.79369   5.83776
   5.88555   5.92121   5.94244   6.05909   6.09954   6.12088   6.14714   6.18054
   6.20006   6.25933


              NET ATOMIC CHARGES AND DIPOLE CONTRIBUTIONS

  ATOM NO.   TYPE          CHARGE      No. of ELECS.   s-Pop       p-Pop       
    1          C          -0.003346        4.0033     1.06228     2.94107
    2          C          -0.003192        4.0032     1.06219     2.94101
    3          C          -0.168734        4.1687     1.08615     3.08259
    4          C          -0.169003        4.1690     1.08609     3.08291
    5          C          -0.003362        4.0034     1.06217     2.94120
    6          C          -0.003318        4.0033     1.06218     2.94114
    7          C          -0.148428        4.1484     1.08524     3.06319
    8          C          -0.145761        4.1458     1.08349     3.06227
    9          C          -0.145650        4.1457     1.08356     3.06209
   10          C          -0.148599        4.1486     1.08515     3.06345
   11          C          -0.148471        4.1485     1.08512     3.06335
   12          C          -0.145968        4.1460     1.08359     3.06238
   13          C          -0.145515        4.1455     1.08429     3.06123
   14          C          -0.148801        4.1488     1.08505     3.06375
   15          H           0.158941        0.8411     0.84106
   16          H           0.158932        0.8411     0.84107
   17          H           0.152939        0.8471     0.84706
   18          H           0.149437        0.8506     0.85056
   19          H           0.149476        0.8505     0.85052
   20          H           0.152953        0.8470     0.84705
   21          H           0.152923        0.8471     0.84708
   22          H           0.149476        0.8505     0.85052
   23          H           0.150093        0.8499     0.84991
   24          H           0.152980        0.8470     0.84702
 DIPOLE           X         Y         Z       TOTAL
 POINT-CHG.     0.010     0.003    -0.000     0.011
 HYBRID        -0.003    -0.002    -0.000     0.004
 SUM            0.007     0.000    -0.000     0.007


          ATOMIC ORBITAL ELECTRON POPULATIONS

     Atom    s        px        py        pz   
    1  C   1.06228   0.97400   0.97781   0.98926
    2  C   1.06219   0.97405   0.97783   0.98913
    3  C   1.08615   0.98287   1.08429   1.01543
    4  C   1.08609   0.98291   1.08434   1.01566
    5  C   1.06217   0.97405   0.97786   0.98928
    6  C   1.06218   0.97417   0.97787   0.98910
    7  C   1.08524   0.98125   1.07780   1.00414
    8  C   1.08349   1.05768   1.00567   0.99893
    9  C   1.08356   1.05766   1.00566   0.99876
   10  C   1.08515   0.98130   1.07783   1.00432
   11  C   1.08512   0.98134   1.07785   1.00416
   12  C   1.08359   1.05766   1.00576   0.99896
   13  C   1.08429   1.05749   1.00551   0.99823
   14  C   1.08505   0.98126   1.07786   1.00464
   15  H   0.84106
   16  H   0.84107
   17  H   0.84706
   18  H   0.85056
   19  H   0.85052
   20  H   0.84705
   21  H   0.84708
   22  H   0.85052
   23  H   0.84991
   24  H   0.84702

 **********************
 *                    *
 * JOB ENDED NORMALLY *
 *                    *
 **********************



 TOTAL JOB TIME:             4.28 SECONDS

 == MOPAC DONE ==
